[0.079s] Invoking command in '/home/odroid/Documentos/Plataforma-VIDA/Ros/build/vida_interfaces': CMAKE_PREFIX_PATH=${CMAKE_PREFIX_PATH}:/opt/ros/humble /usr/bin/cmake --build /home/odroid/Documentos/Plataforma-VIDA/Ros/build/vida_interfaces -- -j6 -l6
[0.157s] [33mCMake Warning (dev) at CMakeLists.txt:18:
[0.158s]   Syntax Warning in cmake code at column 21
[0.159s] 
[0.164s]   Argument not separated from preceding token by whitespace.
[0.164s] This warning is for project developers.  Use -Wno-dev to suppress it.
[0.164s] [0m
[0.165s] -- Found ament_cmake: 1.3.9 (/opt/ros/humble/share/ament_cmake/cmake)
[0.555s] -- Found rosidl_default_generators: 1.2.0 (/opt/ros/humble/share/rosidl_default_generators/cmake)
[0.561s] -- Using all available rosidl_typesupport_c: rosidl_typesupport_fastrtps_c;rosidl_typesupport_introspection_c
[0.567s] -- Found rosidl_adapter: 3.1.5 (/opt/ros/humble/share/rosidl_adapter/cmake)
[0.647s] -- Using all available rosidl_typesupport_cpp: rosidl_typesupport_fastrtps_cpp;rosidl_typesupport_introspection_cpp
[0.725s] [31mCMake Error at /opt/ros/humble/share/rosidl_cmake/cmake/rosidl_generate_interfaces.cmake:93 (message):
[0.726s]   rosidl_generate_interfaces() the passed file ',' doesn't exist relative to
[0.726s]   the CMAKE_CURRENT_SOURCE_DIR
[0.726s]   '/home/odroid/Documentos/Plataforma-VIDA/Ros/src/vida_interfaces'
[0.726s] Call Stack (most recent call first):
[0.727s]   CMakeLists.txt:17 (rosidl_generate_interfaces)
[0.727s] 
[0.727s] [0m
[0.727s] -- Configuring incomplete, errors occurred!
[0.727s] See also "/home/odroid/Documentos/Plataforma-VIDA/Ros/build/vida_interfaces/CMakeFiles/CMakeOutput.log".
[0.741s] gmake: *** [Makefile:747: cmake_check_build_system] Erro 1
[0.754s] Invoked command in '/home/odroid/Documentos/Plataforma-VIDA/Ros/build/vida_interfaces' returned '2': CMAKE_PREFIX_PATH=${CMAKE_PREFIX_PATH}:/opt/ros/humble /usr/bin/cmake --build /home/odroid/Documentos/Plataforma-VIDA/Ros/build/vida_interfaces -- -j6 -l6
