[0.092s] Invoking command in '/home/odroid/Documentos/Plataforma-VIDA/Ros/build/control_pkg': CMAKE_PREFIX_PATH=/home/odroid/Documentos/Plataforma-VIDA/Ros/install/vida_interfaces:/home/odroid/Documentos/Plataforma-VIDA/Ros/install/control_pkg:/opt/ros/humble /usr/bin/cmake --build /home/odroid/Documentos/Plataforma-VIDA/Ros/build/control_pkg -- -j6 -l6
[0.154s] -- Found ament_cmake: 1.3.9 (/opt/ros/humble/share/ament_cmake/cmake)
[0.531s] -- Found rclcpp: 16.0.9 (/opt/ros/humble/share/rclcpp/cmake)
[0.607s] -- Found rosidl_generator_c: 3.1.5 (/opt/ros/humble/share/rosidl_generator_c/cmake)
[0.614s] -- Found rosidl_adapter: 3.1.5 (/opt/ros/humble/share/rosidl_adapter/cmake)
[0.631s] -- Found rosidl_generator_cpp: 3.1.5 (/opt/ros/humble/share/rosidl_generator_cpp/cmake)
[0.665s] -- Using all available rosidl_typesupport_c: rosidl_typesupport_fastrtps_c;rosidl_typesupport_introspection_c
[0.713s] -- Using all available rosidl_typesupport_cpp: rosidl_typesupport_fastrtps_cpp;rosidl_typesupport_introspection_cpp
[0.890s] -- Found rmw_implementation_cmake: 6.1.2 (/opt/ros/humble/share/rmw_implementation_cmake/cmake)
[0.893s] -- Found rmw_fastrtps_cpp: 6.2.6 (/opt/ros/humble/share/rmw_fastrtps_cpp/cmake)
[1.181s] -- Using RMW implementation 'rmw_fastrtps_cpp' as default
[1.667s] -- Found vida_interfaces: 0.0.0 (/home/odroid/Documentos/Plataforma-VIDA/Ros/install/vida_interfaces/share/vida_interfaces/cmake)
[1.942s] -- Configuring done
[1.965s] -- Generating done
[1.969s] -- Build files have been written to: /home/odroid/Documentos/Plataforma-VIDA/Ros/build/control_pkg
[2.048s] [35m[1mConsolidate compiler generated dependencies of target control[0m
[2.081s] gmake[2]: *** Sem regra para processar o alvo '/usr/local/lib/libwiringPi.so', necessário por 'control'.  Pare.
[2.085s] gmake[1]: *** [CMakeFiles/Makefile2:137: CMakeFiles/control.dir/all] Erro 2
[2.086s] gmake: *** [Makefile:146: all] Erro 2
[2.091s] Invoked command in '/home/odroid/Documentos/Plataforma-VIDA/Ros/build/control_pkg' returned '2': CMAKE_PREFIX_PATH=/home/odroid/Documentos/Plataforma-VIDA/Ros/install/vida_interfaces:/home/odroid/Documentos/Plataforma-VIDA/Ros/install/control_pkg:/opt/ros/humble /usr/bin/cmake --build /home/odroid/Documentos/Plataforma-VIDA/Ros/build/control_pkg -- -j6 -l6
