[0.049s] Invoking command in '/home/odroid/Documentos/Plataforma-VIDA/Ros/build/control_pkg': CMAKE_PREFIX_PATH=/home/odroid/Documentos/Plataforma-VIDA/Ros/install/vida_interfaces:/home/odroid/Documentos/Plataforma-VIDA/Ros/install/control_pkg:/opt/ros/humble /usr/bin/cmake --build /home/odroid/Documentos/Plataforma-VIDA/Ros/build/control_pkg -- -j6 -l6
[0.278s] [35m[1mConsolidate compiler generated dependencies of target control[0m
[0.319s] gmake[2]: ** Aviso: O arquivo 'sensors' está com a hora 42 s adiantada
[0.319s] gmake[2]: ** Aviso: O arquivo 'control' está com a hora 166 s adiantada
[0.323s] gmake[2]: aviso: O relógio está errado. Sua compilação pode ficar incompleta.
[0.366s] [ 37%] [32mBuilding CXX object CMakeFiles/sensors.dir/src/Sensors/Sensors.cpp.o[0m
[0.367s] [ 50%] Built target control
[0.376s] [ 75%] Built target record
[25.675s] In file included from [01m[K/home/odroid/Documentos/Plataforma-VIDA/Ros/src/control_pkg/src/Sensors/../../../../../Utils/Serial/Serial.h:9[m[K,
[25.676s]                  from [01m[K/home/odroid/Documentos/Plataforma-VIDA/Ros/src/control_pkg/src/Sensors/Sensors.h:10[m[K,
[25.676s]                  from [01m[K/home/odroid/Documentos/Plataforma-VIDA/Ros/src/control_pkg/src/Sensors/Sensors.cpp:1[m[K:
[25.677s] [01m[K/home/odroid/Documentos/Plataforma-VIDA/Ros/src/control_pkg/src/Sensors/../../../../../Utils/Serial/../road_time.h:16:20:[m[K [01;35m[Kwarning: [m[K‘[01m[Kroad_time_t road_time()[m[K’ defined but not used [[01;35m[K]8;;https://gcc.gnu.org/onlinedocs/gcc/Warning-Options.html#index-Wunused-function-Wunused-function]8;;[m[K]
[25.677s]    16 | static road_time_t [01;35m[Kroad_time[m[K(void)      // Function that returns the time (ms) since midnight on 01/01/1970
[25.677s]       |                    [01;35m[K^~~~~~~~~[m[K
[31.129s] gmake[2]: aviso: O relógio está errado. Sua compilação pode ficar incompleta.
[31.188s] [100%] Built target sensors
[31.235s] Invoked command in '/home/odroid/Documentos/Plataforma-VIDA/Ros/build/control_pkg' returned '0': CMAKE_PREFIX_PATH=/home/odroid/Documentos/Plataforma-VIDA/Ros/install/vida_interfaces:/home/odroid/Documentos/Plataforma-VIDA/Ros/install/control_pkg:/opt/ros/humble /usr/bin/cmake --build /home/odroid/Documentos/Plataforma-VIDA/Ros/build/control_pkg -- -j6 -l6
[31.421s] Invoking command in '/home/odroid/Documentos/Plataforma-VIDA/Ros/build/control_pkg': CMAKE_PREFIX_PATH=/home/odroid/Documentos/Plataforma-VIDA/Ros/install/vida_interfaces:/home/odroid/Documentos/Plataforma-VIDA/Ros/install/control_pkg:/opt/ros/humble /usr/bin/cmake --install /home/odroid/Documentos/Plataforma-VIDA/Ros/build/control_pkg
[31.450s] -- Install configuration: ""
[31.452s] -- Up-to-date: /home/odroid/Documentos/Plataforma-VIDA/Ros/install/control_pkg/lib/control_pkg/control
[31.455s] -- Up-to-date: /home/odroid/Documentos/Plataforma-VIDA/Ros/install/control_pkg/lib/control_pkg/sensors
[31.456s] -- Up-to-date: /home/odroid/Documentos/Plataforma-VIDA/Ros/install/control_pkg/lib/control_pkg/record
[31.457s] -- Up-to-date: /home/odroid/Documentos/Plataforma-VIDA/Ros/install/control_pkg/share/ament_index/resource_index/package_run_dependencies/control_pkg
[31.457s] -- Up-to-date: /home/odroid/Documentos/Plataforma-VIDA/Ros/install/control_pkg/share/ament_index/resource_index/parent_prefix_path/control_pkg
[31.461s] -- Up-to-date: /home/odroid/Documentos/Plataforma-VIDA/Ros/install/control_pkg/share/control_pkg/environment/ament_prefix_path.sh
[31.462s] -- Up-to-date: /home/odroid/Documentos/Plataforma-VIDA/Ros/install/control_pkg/share/control_pkg/environment/ament_prefix_path.dsv
[31.464s] -- Up-to-date: /home/odroid/Documentos/Plataforma-VIDA/Ros/install/control_pkg/share/control_pkg/environment/path.sh
[31.465s] -- Up-to-date: /home/odroid/Documentos/Plataforma-VIDA/Ros/install/control_pkg/share/control_pkg/environment/path.dsv
[31.465s] -- Up-to-date: /home/odroid/Documentos/Plataforma-VIDA/Ros/install/control_pkg/share/control_pkg/local_setup.bash
[31.466s] -- Up-to-date: /home/odroid/Documentos/Plataforma-VIDA/Ros/install/control_pkg/share/control_pkg/local_setup.sh
[31.472s] -- Up-to-date: /home/odroid/Documentos/Plataforma-VIDA/Ros/install/control_pkg/share/control_pkg/local_setup.zsh
[31.482s] -- Up-to-date: /home/odroid/Documentos/Plataforma-VIDA/Ros/install/control_pkg/share/control_pkg/local_setup.dsv
[31.483s] -- Installing: /home/odroid/Documentos/Plataforma-VIDA/Ros/install/control_pkg/share/control_pkg/package.dsv
[31.483s] -- Up-to-date: /home/odroid/Documentos/Plataforma-VIDA/Ros/install/control_pkg/share/ament_index/resource_index/packages/control_pkg
[31.483s] -- Up-to-date: /home/odroid/Documentos/Plataforma-VIDA/Ros/install/control_pkg/share/control_pkg/cmake/control_pkgConfig.cmake
[31.484s] -- Up-to-date: /home/odroid/Documentos/Plataforma-VIDA/Ros/install/control_pkg/share/control_pkg/cmake/control_pkgConfig-version.cmake
[31.484s] -- Up-to-date: /home/odroid/Documentos/Plataforma-VIDA/Ros/install/control_pkg/share/control_pkg/package.xml
[31.485s] Invoked command in '/home/odroid/Documentos/Plataforma-VIDA/Ros/build/control_pkg' returned '0': CMAKE_PREFIX_PATH=/home/odroid/Documentos/Plataforma-VIDA/Ros/install/vida_interfaces:/home/odroid/Documentos/Plataforma-VIDA/Ros/install/control_pkg:/opt/ros/humble /usr/bin/cmake --install /home/odroid/Documentos/Plataforma-VIDA/Ros/build/control_pkg
