[0.111s] Invoking command in '/home/odroid/Documentos/Plataforma-VIDA/Ros/build/control_pkg': CMAKE_PREFIX_PATH=${CMAKE_PREFIX_PATH}:/opt/ros/humble /usr/bin/cmake --build /home/odroid/Documentos/Plataforma-VIDA/Ros/build/control_pkg -- -j6 -l6
[0.189s] -- Found ament_cmake: 1.3.9 (/opt/ros/humble/share/ament_cmake/cmake)
[0.701s] -- Found rclcpp: 16.0.9 (/opt/ros/humble/share/rclcpp/cmake)
[0.812s] -- Found rosidl_generator_c: 3.1.5 (/opt/ros/humble/share/rosidl_generator_c/cmake)
[0.821s] -- Found rosidl_adapter: 3.1.5 (/opt/ros/humble/share/rosidl_adapter/cmake)
[0.847s] -- Found rosidl_generator_cpp: 3.1.5 (/opt/ros/humble/share/rosidl_generator_cpp/cmake)
[0.885s] -- Using all available rosidl_typesupport_c: rosidl_typesupport_fastrtps_c;rosidl_typesupport_introspection_c
[0.941s] -- Using all available rosidl_typesupport_cpp: rosidl_typesupport_fastrtps_cpp;rosidl_typesupport_introspection_cpp
[1.151s] -- Found rmw_implementation_cmake: 6.1.2 (/opt/ros/humble/share/rmw_implementation_cmake/cmake)
[1.159s] -- Found rmw_fastrtps_cpp: 6.2.6 (/opt/ros/humble/share/rmw_fastrtps_cpp/cmake)
[1.485s] -- Using RMW implementation 'rmw_fastrtps_cpp' as default
[2.040s] -- Found vida_interfaces: 0.0.0 (/home/odroid/Documentos/Plataforma-VIDA/Ros/install/vida_interfaces/share/vida_interfaces/cmake)
[2.364s] -- Configuring done
[2.419s] -- Generating done
[2.433s] -- Build files have been written to: /home/odroid/Documentos/Plataforma-VIDA/Ros/build/control_pkg
[2.509s] [35m[1mConsolidate compiler generated dependencies of target control[0m
[2.550s] [ 33%] [32mBuilding CXX object CMakeFiles/control.dir/src/Control/Control.cpp.o[0m
[19.673s] In file included from [01m[K/home/odroid/Documentos/Plataforma-VIDA/Ros/src/control_pkg/src/Control/../../../../../Threads/src/Utils/Serial/Serial.h:9[m[K,
[19.673s]                  from [01m[K/home/odroid/Documentos/Plataforma-VIDA/Ros/src/control_pkg/src/Control/Control.h:8[m[K,
[19.674s]                  from [01m[K/home/odroid/Documentos/Plataforma-VIDA/Ros/src/control_pkg/src/Control/Control.cpp:1[m[K:
[19.674s] [01m[K/home/odroid/Documentos/Plataforma-VIDA/Ros/src/control_pkg/src/Control/../../../../../Threads/src/Utils/Serial/../../Utils/road_time.h:16:20:[m[K [01;35m[Kwarning: [m[K‘[01m[Kroad_time_t road_time()[m[K’ defined but not used [[01;35m[K]8;;https://gcc.gnu.org/onlinedocs/gcc/Warning-Options.html#index-Wunused-function-Wunused-function]8;;[m[K]
[19.674s]    16 | static road_time_t [01;35m[Kroad_time[m[K(void)      // Function that returns the time (ms) since midnight on 01/01/1970
[19.674s]       |                    [01;35m[K^~~~~~~~~[m[K
[33.318s] [ 66%] [32m[1mLinking CXX executable control[0m
[35.102s] [100%] Built target control
[35.127s] Invoked command in '/home/odroid/Documentos/Plataforma-VIDA/Ros/build/control_pkg' returned '0': CMAKE_PREFIX_PATH=${CMAKE_PREFIX_PATH}:/opt/ros/humble /usr/bin/cmake --build /home/odroid/Documentos/Plataforma-VIDA/Ros/build/control_pkg -- -j6 -l6
[35.260s] Invoking command in '/home/odroid/Documentos/Plataforma-VIDA/Ros/build/control_pkg': CMAKE_PREFIX_PATH=${CMAKE_PREFIX_PATH}:/opt/ros/humble /usr/bin/cmake --install /home/odroid/Documentos/Plataforma-VIDA/Ros/build/control_pkg
[35.282s] -- Install configuration: ""
[35.284s] -- Installing: /home/odroid/Documentos/Plataforma-VIDA/Ros/install/control_pkg/lib/control_pkg/control
[35.298s] -- Set runtime path of "/home/odroid/Documentos/Plataforma-VIDA/Ros/install/control_pkg/lib/control_pkg/control" to ""
[35.299s] -- Up-to-date: /home/odroid/Documentos/Plataforma-VIDA/Ros/install/control_pkg/share/ament_index/resource_index/package_run_dependencies/control_pkg
[35.301s] -- Up-to-date: /home/odroid/Documentos/Plataforma-VIDA/Ros/install/control_pkg/share/ament_index/resource_index/parent_prefix_path/control_pkg
[35.302s] -- Up-to-date: /home/odroid/Documentos/Plataforma-VIDA/Ros/install/control_pkg/share/control_pkg/environment/ament_prefix_path.sh
[35.303s] -- Installing: /home/odroid/Documentos/Plataforma-VIDA/Ros/install/control_pkg/share/control_pkg/environment/ament_prefix_path.dsv
[35.303s] -- Up-to-date: /home/odroid/Documentos/Plataforma-VIDA/Ros/install/control_pkg/share/control_pkg/environment/path.sh
[35.303s] -- Installing: /home/odroid/Documentos/Plataforma-VIDA/Ros/install/control_pkg/share/control_pkg/environment/path.dsv
[35.304s] -- Up-to-date: /home/odroid/Documentos/Plataforma-VIDA/Ros/install/control_pkg/share/control_pkg/local_setup.bash
[35.304s] -- Up-to-date: /home/odroid/Documentos/Plataforma-VIDA/Ros/install/control_pkg/share/control_pkg/local_setup.sh
[35.304s] -- Up-to-date: /home/odroid/Documentos/Plataforma-VIDA/Ros/install/control_pkg/share/control_pkg/local_setup.zsh
[35.305s] -- Installing: /home/odroid/Documentos/Plataforma-VIDA/Ros/install/control_pkg/share/control_pkg/local_setup.dsv
[35.305s] -- Installing: /home/odroid/Documentos/Plataforma-VIDA/Ros/install/control_pkg/share/control_pkg/package.dsv
[35.305s] -- Up-to-date: /home/odroid/Documentos/Plataforma-VIDA/Ros/install/control_pkg/share/ament_index/resource_index/packages/control_pkg
[35.305s] -- Up-to-date: /home/odroid/Documentos/Plataforma-VIDA/Ros/install/control_pkg/share/control_pkg/cmake/control_pkgConfig.cmake
[35.306s] -- Up-to-date: /home/odroid/Documentos/Plataforma-VIDA/Ros/install/control_pkg/share/control_pkg/cmake/control_pkgConfig-version.cmake
[35.306s] -- Up-to-date: /home/odroid/Documentos/Plataforma-VIDA/Ros/install/control_pkg/share/control_pkg/package.xml
[35.314s] Invoked command in '/home/odroid/Documentos/Plataforma-VIDA/Ros/build/control_pkg' returned '0': CMAKE_PREFIX_PATH=${CMAKE_PREFIX_PATH}:/opt/ros/humble /usr/bin/cmake --install /home/odroid/Documentos/Plataforma-VIDA/Ros/build/control_pkg
