-- Found ament_cmake: 1.3.9 (/opt/ros/humble/share/ament_cmake/cmake)
-- Override CMake install command with custom implementation using symlinks instead of copying resources
-- Configuring done
-- Generating done
-- Build files have been written to: /home/odroid/Documentos/Plataforma-VIDA/Ros/build/vida_bringup
-- Install configuration: ""
-- Execute custom install script
-- Up-to-date symlink: /home/odroid/Documentos/Plataforma-VIDA/Ros/install/vida_bringup/share/vida_bringup/launch/plataforma_vida_app.launch.py
-- Up-to-date symlink: /home/odroid/Documentos/Plataforma-VIDA/Ros/install/vida_bringup/share/ament_index/resource_index/package_run_dependencies/vida_bringup
-- Up-to-date symlink: /home/odroid/Documentos/Plataforma-VIDA/Ros/install/vida_bringup/share/ament_index/resource_index/parent_prefix_path/vida_bringup
-- Up-to-date symlink: /home/odroid/Documentos/Plataforma-VIDA/Ros/install/vida_bringup/share/vida_bringup/environment/ament_prefix_path.sh
-- Up-to-date symlink: /home/odroid/Documentos/Plataforma-VIDA/Ros/install/vida_bringup/share/vida_bringup/environment/ament_prefix_path.dsv
-- Up-to-date symlink: /home/odroid/Documentos/Plataforma-VIDA/Ros/install/vida_bringup/share/vida_bringup/environment/path.sh
-- Up-to-date symlink: /home/odroid/Documentos/Plataforma-VIDA/Ros/install/vida_bringup/share/vida_bringup/environment/path.dsv
-- Up-to-date symlink: /home/odroid/Documentos/Plataforma-VIDA/Ros/install/vida_bringup/share/vida_bringup/local_setup.bash
-- Up-to-date symlink: /home/odroid/Documentos/Plataforma-VIDA/Ros/install/vida_bringup/share/vida_bringup/local_setup.sh
-- Up-to-date symlink: /home/odroid/Documentos/Plataforma-VIDA/Ros/install/vida_bringup/share/vida_bringup/local_setup.zsh
-- Up-to-date symlink: /home/odroid/Documentos/Plataforma-VIDA/Ros/install/vida_bringup/share/vida_bringup/local_setup.dsv
-- Symlinking: /home/odroid/Documentos/Plataforma-VIDA/Ros/install/vida_bringup/share/vida_bringup/package.dsv
-- Up-to-date symlink: /home/odroid/Documentos/Plataforma-VIDA/Ros/install/vida_bringup/share/ament_index/resource_index/packages/vida_bringup
-- Up-to-date symlink: /home/odroid/Documentos/Plataforma-VIDA/Ros/install/vida_bringup/share/vida_bringup/cmake/vida_bringupConfig.cmake
-- Up-to-date symlink: /home/odroid/Documentos/Plataforma-VIDA/Ros/install/vida_bringup/share/vida_bringup/cmake/vida_bringupConfig-version.cmake
-- Up-to-date symlink: /home/odroid/Documentos/Plataforma-VIDA/Ros/install/vida_bringup/share/vida_bringup/package.xml
