[0.046s] Invoking command in '/home/odroid/Documentos/Plataforma-VIDA/Ros/build/vida_bringup': CMAKE_PREFIX_PATH=${CMAKE_PREFIX_PATH}:/opt/ros/humble /usr/bin/cmake /home/odroid/Documentos/Plataforma-VIDA/Ros/src/vida_bringup -DCMAKE_INSTALL_PREFIX=/home/odroid/Documentos/Plataforma-VIDA/Ros/install/vida_bringup
[0.221s] -- Found ament_cmake: 1.3.9 (/opt/ros/humble/share/ament_cmake/cmake)
[0.946s] -- Override CMake install command with custom implementation using symlinks instead of copying resources
[1.394s] -- Configuring done
[1.414s] -- Generating done
[1.417s] -- Build files have been written to: /home/odroid/Documentos/Plataforma-VIDA/Ros/build/vida_bringup
[1.427s] Invoked command in '/home/odroid/Documentos/Plataforma-VIDA/Ros/build/vida_bringup' returned '0': CMAKE_PREFIX_PATH=${CMAKE_PREFIX_PATH}:/opt/ros/humble /usr/bin/cmake /home/odroid/Documentos/Plataforma-VIDA/Ros/src/vida_bringup -DCMAKE_INSTALL_PREFIX=/home/odroid/Documentos/Plataforma-VIDA/Ros/install/vida_bringup
[1.432s] Invoking command in '/home/odroid/Documentos/Plataforma-VIDA/Ros/build/vida_bringup': CMAKE_PREFIX_PATH=${CMAKE_PREFIX_PATH}:/opt/ros/humble /usr/bin/cmake --build /home/odroid/Documentos/Plataforma-VIDA/Ros/build/vida_bringup -- -j6 -l6
[1.577s] Invoked command in '/home/odroid/Documentos/Plataforma-VIDA/Ros/build/vida_bringup' returned '0': CMAKE_PREFIX_PATH=${CMAKE_PREFIX_PATH}:/opt/ros/humble /usr/bin/cmake --build /home/odroid/Documentos/Plataforma-VIDA/Ros/build/vida_bringup -- -j6 -l6
[1.693s] Invoking command in '/home/odroid/Documentos/Plataforma-VIDA/Ros/build/vida_bringup': CMAKE_PREFIX_PATH=${CMAKE_PREFIX_PATH}:/opt/ros/humble /usr/bin/cmake --install /home/odroid/Documentos/Plataforma-VIDA/Ros/build/vida_bringup
[1.718s] -- Install configuration: ""
[1.720s] -- Execute custom install script
[1.722s] -- Up-to-date symlink: /home/odroid/Documentos/Plataforma-VIDA/Ros/install/vida_bringup/share/vida_bringup/launch/plataforma_vida_app.launch.py
[1.723s] -- Up-to-date symlink: /home/odroid/Documentos/Plataforma-VIDA/Ros/install/vida_bringup/share/ament_index/resource_index/package_run_dependencies/vida_bringup
[1.725s] -- Up-to-date symlink: /home/odroid/Documentos/Plataforma-VIDA/Ros/install/vida_bringup/share/ament_index/resource_index/parent_prefix_path/vida_bringup
[1.727s] -- Up-to-date symlink: /home/odroid/Documentos/Plataforma-VIDA/Ros/install/vida_bringup/share/vida_bringup/environment/ament_prefix_path.sh
[1.728s] -- Up-to-date symlink: /home/odroid/Documentos/Plataforma-VIDA/Ros/install/vida_bringup/share/vida_bringup/environment/ament_prefix_path.dsv
[1.728s] -- Up-to-date symlink: /home/odroid/Documentos/Plataforma-VIDA/Ros/install/vida_bringup/share/vida_bringup/environment/path.sh
[1.729s] -- Up-to-date symlink: /home/odroid/Documentos/Plataforma-VIDA/Ros/install/vida_bringup/share/vida_bringup/environment/path.dsv
[1.730s] -- Up-to-date symlink: /home/odroid/Documentos/Plataforma-VIDA/Ros/install/vida_bringup/share/vida_bringup/local_setup.bash
[1.730s] -- Up-to-date symlink: /home/odroid/Documentos/Plataforma-VIDA/Ros/install/vida_bringup/share/vida_bringup/local_setup.sh
[1.731s] -- Up-to-date symlink: /home/odroid/Documentos/Plataforma-VIDA/Ros/install/vida_bringup/share/vida_bringup/local_setup.zsh
[1.731s] -- Up-to-date symlink: /home/odroid/Documentos/Plataforma-VIDA/Ros/install/vida_bringup/share/vida_bringup/local_setup.dsv
[1.732s] -- Symlinking: /home/odroid/Documentos/Plataforma-VIDA/Ros/install/vida_bringup/share/vida_bringup/package.dsv
[1.755s] -- Up-to-date symlink: /home/odroid/Documentos/Plataforma-VIDA/Ros/install/vida_bringup/share/ament_index/resource_index/packages/vida_bringup
[1.756s] -- Up-to-date symlink: /home/odroid/Documentos/Plataforma-VIDA/Ros/install/vida_bringup/share/vida_bringup/cmake/vida_bringupConfig.cmake
[1.757s] -- Up-to-date symlink: /home/odroid/Documentos/Plataforma-VIDA/Ros/install/vida_bringup/share/vida_bringup/cmake/vida_bringupConfig-version.cmake
[1.758s] -- Up-to-date symlink: /home/odroid/Documentos/Plataforma-VIDA/Ros/install/vida_bringup/share/vida_bringup/package.xml
[1.764s] Invoked command in '/home/odroid/Documentos/Plataforma-VIDA/Ros/build/vida_bringup' returned '0': CMAKE_PREFIX_PATH=${CMAKE_PREFIX_PATH}:/opt/ros/humble /usr/bin/cmake --install /home/odroid/Documentos/Plataforma-VIDA/Ros/build/vida_bringup
