[0.106s] Invoking command in '/home/odroid/Documentos/Plataforma-VIDA/Ros/build/control_pkg': CMAKE_PREFIX_PATH=/home/odroid/Documentos/Plataforma-VIDA/Ros/install/vida_interfaces:/home/odroid/Documentos/Plataforma-VIDA/Ros/install/control_pkg:/opt/ros/humble /usr/bin/cmake --build /home/odroid/Documentos/Plataforma-VIDA/Ros/build/control_pkg -- -j6 -l6
[0.176s] -- Found ament_cmake: 1.3.9 (/opt/ros/humble/share/ament_cmake/cmake)
[0.641s] -- Found rclcpp: 16.0.9 (/opt/ros/humble/share/rclcpp/cmake)
[0.712s] -- Found rosidl_generator_c: 3.1.5 (/opt/ros/humble/share/rosidl_generator_c/cmake)
[0.720s] -- Found rosidl_adapter: 3.1.5 (/opt/ros/humble/share/rosidl_adapter/cmake)
[0.737s] -- Found rosidl_generator_cpp: 3.1.5 (/opt/ros/humble/share/rosidl_generator_cpp/cmake)
[0.769s] -- Using all available rosidl_typesupport_c: rosidl_typesupport_fastrtps_c;rosidl_typesupport_introspection_c
[0.814s] -- Using all available rosidl_typesupport_cpp: rosidl_typesupport_fastrtps_cpp;rosidl_typesupport_introspection_cpp
[0.986s] -- Found rmw_implementation_cmake: 6.1.2 (/opt/ros/humble/share/rmw_implementation_cmake/cmake)
[0.990s] -- Found rmw_fastrtps_cpp: 6.2.6 (/opt/ros/humble/share/rmw_fastrtps_cpp/cmake)
[1.272s] -- Using RMW implementation 'rmw_fastrtps_cpp' as default
[1.778s] -- Found vida_interfaces: 0.0.0 (/home/odroid/Documentos/Plataforma-VIDA/Ros/install/vida_interfaces/share/vida_interfaces/cmake)
[2.060s] -- Configuring done
[2.084s] -- Generating done
[2.088s] -- Build files have been written to: /home/odroid/Documentos/Plataforma-VIDA/Ros/build/control_pkg
[2.170s] [35m[1mConsolidate compiler generated dependencies of target control[0m
[2.245s] [100%] Built target control
[2.283s] Invoked command in '/home/odroid/Documentos/Plataforma-VIDA/Ros/build/control_pkg' returned '0': CMAKE_PREFIX_PATH=/home/odroid/Documentos/Plataforma-VIDA/Ros/install/vida_interfaces:/home/odroid/Documentos/Plataforma-VIDA/Ros/install/control_pkg:/opt/ros/humble /usr/bin/cmake --build /home/odroid/Documentos/Plataforma-VIDA/Ros/build/control_pkg -- -j6 -l6
[2.396s] Invoking command in '/home/odroid/Documentos/Plataforma-VIDA/Ros/build/control_pkg': CMAKE_PREFIX_PATH=/home/odroid/Documentos/Plataforma-VIDA/Ros/install/vida_interfaces:/home/odroid/Documentos/Plataforma-VIDA/Ros/install/control_pkg:/opt/ros/humble /usr/bin/cmake --install /home/odroid/Documentos/Plataforma-VIDA/Ros/build/control_pkg
[2.432s] -- Install configuration: ""
[2.433s] -- Up-to-date: /home/odroid/Documentos/Plataforma-VIDA/Ros/install/control_pkg/lib/control_pkg/control
[2.433s] -- Up-to-date: /home/odroid/Documentos/Plataforma-VIDA/Ros/install/control_pkg/share/ament_index/resource_index/package_run_dependencies/control_pkg
[2.433s] -- Installing: /home/odroid/Documentos/Plataforma-VIDA/Ros/install/control_pkg/share/ament_index/resource_index/parent_prefix_path/control_pkg
[2.434s] -- Up-to-date: /home/odroid/Documentos/Plataforma-VIDA/Ros/install/control_pkg/share/control_pkg/environment/ament_prefix_path.sh
[2.434s] -- Installing: /home/odroid/Documentos/Plataforma-VIDA/Ros/install/control_pkg/share/control_pkg/environment/ament_prefix_path.dsv
[2.437s] -- Up-to-date: /home/odroid/Documentos/Plataforma-VIDA/Ros/install/control_pkg/share/control_pkg/environment/path.sh
[2.443s] -- Installing: /home/odroid/Documentos/Plataforma-VIDA/Ros/install/control_pkg/share/control_pkg/environment/path.dsv
[2.444s] -- Up-to-date: /home/odroid/Documentos/Plataforma-VIDA/Ros/install/control_pkg/share/control_pkg/local_setup.bash
[2.445s] -- Up-to-date: /home/odroid/Documentos/Plataforma-VIDA/Ros/install/control_pkg/share/control_pkg/local_setup.sh
[2.447s] -- Up-to-date: /home/odroid/Documentos/Plataforma-VIDA/Ros/install/control_pkg/share/control_pkg/local_setup.zsh
[2.449s] -- Installing: /home/odroid/Documentos/Plataforma-VIDA/Ros/install/control_pkg/share/control_pkg/local_setup.dsv
[2.451s] -- Installing: /home/odroid/Documentos/Plataforma-VIDA/Ros/install/control_pkg/share/control_pkg/package.dsv
[2.453s] -- Up-to-date: /home/odroid/Documentos/Plataforma-VIDA/Ros/install/control_pkg/share/ament_index/resource_index/packages/control_pkg
[2.455s] -- Up-to-date: /home/odroid/Documentos/Plataforma-VIDA/Ros/install/control_pkg/share/control_pkg/cmake/control_pkgConfig.cmake
[2.459s] -- Up-to-date: /home/odroid/Documentos/Plataforma-VIDA/Ros/install/control_pkg/share/control_pkg/cmake/control_pkgConfig-version.cmake
[2.460s] -- Up-to-date: /home/odroid/Documentos/Plataforma-VIDA/Ros/install/control_pkg/share/control_pkg/package.xml
[2.462s] Invoked command in '/home/odroid/Documentos/Plataforma-VIDA/Ros/build/control_pkg' returned '0': CMAKE_PREFIX_PATH=/home/odroid/Documentos/Plataforma-VIDA/Ros/install/vida_interfaces:/home/odroid/Documentos/Plataforma-VIDA/Ros/install/control_pkg:/opt/ros/humble /usr/bin/cmake --install /home/odroid/Documentos/Plataforma-VIDA/Ros/build/control_pkg
