[0.075s] Invoking command in '/home/odroid/Documentos/Plataforma-VIDA/Ros/build/control_pkg': CMAKE_PREFIX_PATH=/home/odroid/Documentos/Plataforma-VIDA/Ros/install/vida_interfaces:/home/odroid/Documentos/Plataforma-VIDA/Ros/install/control_pkg:/opt/ros/humble /usr/bin/cmake --build /home/odroid/Documentos/Plataforma-VIDA/Ros/build/control_pkg -- -j6 -l6
[0.185s] -- Found ament_cmake: 1.3.9 (/opt/ros/humble/share/ament_cmake/cmake)
[0.588s] -- Found rclcpp: 16.0.9 (/opt/ros/humble/share/rclcpp/cmake)
[0.661s] -- Found rosidl_generator_c: 3.1.5 (/opt/ros/humble/share/rosidl_generator_c/cmake)
[0.668s] -- Found rosidl_adapter: 3.1.5 (/opt/ros/humble/share/rosidl_adapter/cmake)
[0.684s] -- Found rosidl_generator_cpp: 3.1.5 (/opt/ros/humble/share/rosidl_generator_cpp/cmake)
[0.717s] -- Using all available rosidl_typesupport_c: rosidl_typesupport_fastrtps_c;rosidl_typesupport_introspection_c
[0.763s] -- Using all available rosidl_typesupport_cpp: rosidl_typesupport_fastrtps_cpp;rosidl_typesupport_introspection_cpp
[0.935s] -- Found rmw_implementation_cmake: 6.1.2 (/opt/ros/humble/share/rmw_implementation_cmake/cmake)
[0.939s] -- Found rmw_fastrtps_cpp: 6.2.6 (/opt/ros/humble/share/rmw_fastrtps_cpp/cmake)
[1.219s] -- Using RMW implementation 'rmw_fastrtps_cpp' as default
[1.704s] -- Found vida_interfaces: 0.0.0 (/home/odroid/Documentos/Plataforma-VIDA/Ros/install/vida_interfaces/share/vida_interfaces/cmake)
[1.981s] -- Configuring done
[2.009s] -- Generating done
[2.014s] -- Build files have been written to: /home/odroid/Documentos/Plataforma-VIDA/Ros/build/control_pkg
[2.077s] [35m[1mConsolidate compiler generated dependencies of target control[0m
[2.121s] gmake[2]: *** Sem regra para processar o alvo '/usr/local/lib/libwiringPi.so', necessário por 'control'.  Pare.
[2.122s] gmake[2]: ** Esperando que outros processos terminem.
[2.147s] [ 33%] [32mBuilding CXX object CMakeFiles/control.dir/src/Control/Control.cpp.o[0m
[2.155s] [ 66%] [32mBuilding CXX object CMakeFiles/control.dir/home/odroid/Documentos/Plataforma-VIDA/Threads/src/Utils/Serial/Serial.cpp.o[0m
[17.873s] In file included from [01m[K/home/odroid/Documentos/Plataforma-VIDA/Ros/src/control_pkg/src/Control/../../../../../Threads/src/Utils/Serial/Serial.h:9[m[K,
[17.873s]                  from [01m[K/home/odroid/Documentos/Plataforma-VIDA/Ros/src/control_pkg/src/Control/Control.h:9[m[K,
[17.873s]                  from [01m[K/home/odroid/Documentos/Plataforma-VIDA/Ros/src/control_pkg/src/Control/Control.cpp:1[m[K:
[17.873s] [01m[K/home/odroid/Documentos/Plataforma-VIDA/Ros/src/control_pkg/src/Control/../../../../../Threads/src/Utils/Serial/../../Utils/road_time.h:16:20:[m[K [01;35m[Kwarning: [m[K‘[01m[Kroad_time_t road_time()[m[K’ defined but not used [[01;35m[K]8;;https://gcc.gnu.org/onlinedocs/gcc/Warning-Options.html#index-Wunused-function-Wunused-function]8;;[m[K]
[17.874s]    16 | static road_time_t [01;35m[Kroad_time[m[K(void)      // Function that returns the time (ms) since midnight on 01/01/1970
[17.874s]       |                    [01;35m[K^~~~~~~~~[m[K
[30.252s] gmake[1]: *** [CMakeFiles/Makefile2:137: CMakeFiles/control.dir/all] Erro 2
[30.260s] gmake: *** [Makefile:146: all] Erro 2
[30.262s] Invoked command in '/home/odroid/Documentos/Plataforma-VIDA/Ros/build/control_pkg' returned '2': CMAKE_PREFIX_PATH=/home/odroid/Documentos/Plataforma-VIDA/Ros/install/vida_interfaces:/home/odroid/Documentos/Plataforma-VIDA/Ros/install/control_pkg:/opt/ros/humble /usr/bin/cmake --build /home/odroid/Documentos/Plataforma-VIDA/Ros/build/control_pkg -- -j6 -l6
