[0.095s] Invoking command in '/home/odroid/Documentos/Plataforma-VIDA/Ros/build/control_pkg': CMAKE_PREFIX_PATH=/home/odroid/Documentos/Plataforma-VIDA/Ros/install/vida_interfaces:/home/odroid/Documentos/Plataforma-VIDA/Ros/install/control_pkg:/opt/ros/humble /usr/bin/cmake --build /home/odroid/Documentos/Plataforma-VIDA/Ros/build/control_pkg -- -j6 -l6
[0.397s] [35m[1mConsolidate compiler generated dependencies of target sensors[0m
[0.459s] [ 12%] [32mBuilding CXX object CMakeFiles/control.dir/src/Control/Control.cpp.o[0m
[0.468s] [ 25%] [32mBuilding CXX object CMakeFiles/control.dir/home/odroid/Documentos/Plataforma-VIDA/Utils/Serial/Serial.cpp.o[0m
[0.479s] [ 50%] Built target record
[0.487s] [ 62%] [32mBuilding CXX object CMakeFiles/sensors.dir/home/odroid/Documentos/Plataforma-VIDA/Utils/Serial/Serial.cpp.o[0m
[2.286s] [ 75%] [32m[1mLinking CXX executable sensors[0m
[3.554s] [ 87%] Built target sensors
[21.776s] In file included from [01m[K/home/odroid/Documentos/Plataforma-VIDA/Ros/src/control_pkg/src/Control/../../../../../Utils/Serial/Serial.h:9[m[K,
[21.777s]                  from [01m[K/home/odroid/Documentos/Plataforma-VIDA/Ros/src/control_pkg/src/Control/Control.h:12[m[K,
[21.777s]                  from [01m[K/home/odroid/Documentos/Plataforma-VIDA/Ros/src/control_pkg/src/Control/Control.cpp:1[m[K:
[21.777s] [01m[K/home/odroid/Documentos/Plataforma-VIDA/Ros/src/control_pkg/src/Control/../../../../../Utils/Serial/../road_time.h:16:20:[m[K [01;35m[Kwarning: [m[K‘[01m[Kroad_time_t road_time()[m[K’ defined but not used [[01;35m[K]8;;https://gcc.gnu.org/onlinedocs/gcc/Warning-Options.html#index-Wunused-function-Wunused-function]8;;[m[K]
[21.777s]    16 | static road_time_t [01;35m[Kroad_time[m[K(void)      // Function that returns the time (ms) since midnight on 01/01/1970
[21.778s]       |                    [01;35m[K^~~~~~~~~[m[K
[35.970s] [100%] [32m[1mLinking CXX executable control[0m
[37.928s] [100%] Built target control
[37.988s] Invoked command in '/home/odroid/Documentos/Plataforma-VIDA/Ros/build/control_pkg' returned '0': CMAKE_PREFIX_PATH=/home/odroid/Documentos/Plataforma-VIDA/Ros/install/vida_interfaces:/home/odroid/Documentos/Plataforma-VIDA/Ros/install/control_pkg:/opt/ros/humble /usr/bin/cmake --build /home/odroid/Documentos/Plataforma-VIDA/Ros/build/control_pkg -- -j6 -l6
[38.116s] Invoking command in '/home/odroid/Documentos/Plataforma-VIDA/Ros/build/control_pkg': CMAKE_PREFIX_PATH=/home/odroid/Documentos/Plataforma-VIDA/Ros/install/vida_interfaces:/home/odroid/Documentos/Plataforma-VIDA/Ros/install/control_pkg:/opt/ros/humble /usr/bin/cmake --install /home/odroid/Documentos/Plataforma-VIDA/Ros/build/control_pkg
[38.139s] -- Install configuration: ""
[38.142s] -- Installing: /home/odroid/Documentos/Plataforma-VIDA/Ros/install/control_pkg/lib/control_pkg/control
[38.152s] -- Set runtime path of "/home/odroid/Documentos/Plataforma-VIDA/Ros/install/control_pkg/lib/control_pkg/control" to ""
[38.153s] -- Installing: /home/odroid/Documentos/Plataforma-VIDA/Ros/install/control_pkg/lib/control_pkg/sensors
[38.157s] -- Set runtime path of "/home/odroid/Documentos/Plataforma-VIDA/Ros/install/control_pkg/lib/control_pkg/sensors" to ""
[38.158s] -- Up-to-date: /home/odroid/Documentos/Plataforma-VIDA/Ros/install/control_pkg/lib/control_pkg/record
[38.162s] -- Up-to-date: /home/odroid/Documentos/Plataforma-VIDA/Ros/install/control_pkg/share/ament_index/resource_index/package_run_dependencies/control_pkg
[38.163s] -- Up-to-date: /home/odroid/Documentos/Plataforma-VIDA/Ros/install/control_pkg/share/ament_index/resource_index/parent_prefix_path/control_pkg
[38.170s] -- Up-to-date: /home/odroid/Documentos/Plataforma-VIDA/Ros/install/control_pkg/share/control_pkg/environment/ament_prefix_path.sh
[38.178s] -- Up-to-date: /home/odroid/Documentos/Plataforma-VIDA/Ros/install/control_pkg/share/control_pkg/environment/ament_prefix_path.dsv
[38.179s] -- Up-to-date: /home/odroid/Documentos/Plataforma-VIDA/Ros/install/control_pkg/share/control_pkg/environment/path.sh
[38.180s] -- Up-to-date: /home/odroid/Documentos/Plataforma-VIDA/Ros/install/control_pkg/share/control_pkg/environment/path.dsv
[38.180s] -- Up-to-date: /home/odroid/Documentos/Plataforma-VIDA/Ros/install/control_pkg/share/control_pkg/local_setup.bash
[38.181s] -- Up-to-date: /home/odroid/Documentos/Plataforma-VIDA/Ros/install/control_pkg/share/control_pkg/local_setup.sh
[38.181s] -- Up-to-date: /home/odroid/Documentos/Plataforma-VIDA/Ros/install/control_pkg/share/control_pkg/local_setup.zsh
[38.182s] -- Up-to-date: /home/odroid/Documentos/Plataforma-VIDA/Ros/install/control_pkg/share/control_pkg/local_setup.dsv
[38.182s] -- Installing: /home/odroid/Documentos/Plataforma-VIDA/Ros/install/control_pkg/share/control_pkg/package.dsv
[38.182s] -- Up-to-date: /home/odroid/Documentos/Plataforma-VIDA/Ros/install/control_pkg/share/ament_index/resource_index/packages/control_pkg
[38.182s] -- Up-to-date: /home/odroid/Documentos/Plataforma-VIDA/Ros/install/control_pkg/share/control_pkg/cmake/control_pkgConfig.cmake
[38.182s] -- Up-to-date: /home/odroid/Documentos/Plataforma-VIDA/Ros/install/control_pkg/share/control_pkg/cmake/control_pkgConfig-version.cmake
[38.183s] -- Up-to-date: /home/odroid/Documentos/Plataforma-VIDA/Ros/install/control_pkg/share/control_pkg/package.xml
[38.183s] Invoked command in '/home/odroid/Documentos/Plataforma-VIDA/Ros/build/control_pkg' returned '0': CMAKE_PREFIX_PATH=/home/odroid/Documentos/Plataforma-VIDA/Ros/install/vida_interfaces:/home/odroid/Documentos/Plataforma-VIDA/Ros/install/control_pkg:/opt/ros/humble /usr/bin/cmake --install /home/odroid/Documentos/Plataforma-VIDA/Ros/build/control_pkg
