[0.335s] DEBUG:colcon:Command line arguments: ['/usr/bin/colcon', 'build', '--packages-select', 'vida_bringup', '--symlink-install']
[0.336s] DEBUG:colcon:Parsed command line arguments: Namespace(log_base=None, log_level=None, verb_name='build', build_base='build', install_base='install', merge_install=False, symlink_install=True, test_result_base=None, continue_on_error=False, executor='parallel', parallel_workers=6, event_handlers=None, ignore_user_meta=False, metas=['./colcon.meta'], base_paths=['.'], packages_ignore=None, packages_ignore_regex=None, paths=None, packages_up_to=None, packages_up_to_regex=None, packages_above=None, packages_above_and_dependencies=None, packages_above_depth=None, packages_select_by_dep=None, packages_skip_by_dep=None, packages_skip_up_to=None, packages_select_build_failed=False, packages_skip_build_finished=False, packages_select_test_failures=False, packages_skip_test_passed=False, packages_select=['vida_bringup'], packages_skip=None, packages_select_regex=None, packages_skip_regex=None, packages_start=None, packages_end=None, allow_overriding=[], cmake_args=None, cmake_target=None, cmake_target_skip_unavailable=False, cmake_clean_cache=False, cmake_clean_first=False, cmake_force_configure=False, ament_cmake_args=None, catkin_cmake_args=None, catkin_skip_building_tests=False, mixin_files=None, mixin=None, verb_parser=<colcon_mixin.mixin.mixin_argument.MixinArgumentDecorator object at 0x7f802986a0>, verb_extension=<colcon_core.verb.build.BuildVerb object at 0x7f8025ada0>, main=<bound method BuildVerb.main of <colcon_core.verb.build.BuildVerb object at 0x7f8025ada0>>, mixin_verb=('build',))
[0.800s] Level 1:colcon.colcon_core.package_discovery:discover_packages(colcon_meta) check parameters
[0.800s] Level 1:colcon.colcon_core.package_discovery:discover_packages(recursive) check parameters
[0.801s] Level 1:colcon.colcon_core.package_discovery:discover_packages(ignore) check parameters
[0.801s] Level 1:colcon.colcon_core.package_discovery:discover_packages(path) check parameters
[0.801s] Level 1:colcon.colcon_core.package_discovery:discover_packages(colcon_meta) discover
[0.801s] Level 1:colcon.colcon_core.package_discovery:discover_packages(recursive) discover
[0.801s] INFO:colcon.colcon_core.package_discovery:Crawling recursively for packages in '/home/odroid/Documentos/Plataforma-VIDA/Ros'
[0.801s] Level 1:colcon.colcon_core.package_identification:_identify(.) by extensions ['ignore', 'ignore_ament_install']
[0.802s] Level 1:colcon.colcon_core.package_identification:_identify(.) by extension 'ignore'
[0.802s] Level 1:colcon.colcon_core.package_identification:_identify(.) by extension 'ignore_ament_install'
[0.802s] Level 1:colcon.colcon_core.package_identification:_identify(.) by extensions ['colcon_pkg']
[0.802s] Level 1:colcon.colcon_core.package_identification:_identify(.) by extension 'colcon_pkg'
[0.802s] Level 1:colcon.colcon_core.package_identification:_identify(.) by extensions ['colcon_meta']
[0.802s] Level 1:colcon.colcon_core.package_identification:_identify(.) by extension 'colcon_meta'
[0.803s] Level 1:colcon.colcon_core.package_identification:_identify(.) by extensions ['ros']
[0.803s] Level 1:colcon.colcon_core.package_identification:_identify(.) by extension 'ros'
[0.837s] Level 1:colcon.colcon_core.package_identification:_identify(.) by extensions ['cmake', 'python']
[0.837s] Level 1:colcon.colcon_core.package_identification:_identify(.) by extension 'cmake'
[0.838s] Level 1:colcon.colcon_core.package_identification:_identify(.) by extension 'python'
[0.838s] Level 1:colcon.colcon_core.package_identification:_identify(.) by extensions ['python_setup_py']
[0.838s] Level 1:colcon.colcon_core.package_identification:_identify(.) by extension 'python_setup_py'
[0.838s] Level 1:colcon.colcon_core.package_identification:_identify(bags) by extensions ['ignore', 'ignore_ament_install']
[0.838s] Level 1:colcon.colcon_core.package_identification:_identify(bags) by extension 'ignore'
[0.839s] Level 1:colcon.colcon_core.package_identification:_identify(bags) by extension 'ignore_ament_install'
[0.839s] Level 1:colcon.colcon_core.package_identification:_identify(bags) by extensions ['colcon_pkg']
[0.839s] Level 1:colcon.colcon_core.package_identification:_identify(bags) by extension 'colcon_pkg'
[0.839s] Level 1:colcon.colcon_core.package_identification:_identify(bags) by extensions ['colcon_meta']
[0.839s] Level 1:colcon.colcon_core.package_identification:_identify(bags) by extension 'colcon_meta'
[0.839s] Level 1:colcon.colcon_core.package_identification:_identify(bags) by extensions ['ros']
[0.839s] Level 1:colcon.colcon_core.package_identification:_identify(bags) by extension 'ros'
[0.840s] Level 1:colcon.colcon_core.package_identification:_identify(bags) by extensions ['cmake', 'python']
[0.840s] Level 1:colcon.colcon_core.package_identification:_identify(bags) by extension 'cmake'
[0.840s] Level 1:colcon.colcon_core.package_identification:_identify(bags) by extension 'python'
[0.840s] Level 1:colcon.colcon_core.package_identification:_identify(bags) by extensions ['python_setup_py']
[0.840s] Level 1:colcon.colcon_core.package_identification:_identify(bags) by extension 'python_setup_py'
[0.840s] Level 1:colcon.colcon_core.package_identification:_identify(bags/esquerdaDireita) by extensions ['ignore', 'ignore_ament_install']
[0.841s] Level 1:colcon.colcon_core.package_identification:_identify(bags/esquerdaDireita) by extension 'ignore'
[0.841s] Level 1:colcon.colcon_core.package_identification:_identify(bags/esquerdaDireita) by extension 'ignore_ament_install'
[0.841s] Level 1:colcon.colcon_core.package_identification:_identify(bags/esquerdaDireita) by extensions ['colcon_pkg']
[0.841s] Level 1:colcon.colcon_core.package_identification:_identify(bags/esquerdaDireita) by extension 'colcon_pkg'
[0.841s] Level 1:colcon.colcon_core.package_identification:_identify(bags/esquerdaDireita) by extensions ['colcon_meta']
[0.841s] Level 1:colcon.colcon_core.package_identification:_identify(bags/esquerdaDireita) by extension 'colcon_meta'
[0.841s] Level 1:colcon.colcon_core.package_identification:_identify(bags/esquerdaDireita) by extensions ['ros']
[0.842s] Level 1:colcon.colcon_core.package_identification:_identify(bags/esquerdaDireita) by extension 'ros'
[0.842s] Level 1:colcon.colcon_core.package_identification:_identify(bags/esquerdaDireita) by extensions ['cmake', 'python']
[0.842s] Level 1:colcon.colcon_core.package_identification:_identify(bags/esquerdaDireita) by extension 'cmake'
[0.842s] Level 1:colcon.colcon_core.package_identification:_identify(bags/esquerdaDireita) by extension 'python'
[0.842s] Level 1:colcon.colcon_core.package_identification:_identify(bags/esquerdaDireita) by extensions ['python_setup_py']
[0.842s] Level 1:colcon.colcon_core.package_identification:_identify(bags/esquerdaDireita) by extension 'python_setup_py'
[0.843s] Level 1:colcon.colcon_core.package_identification:_identify(build) by extensions ['ignore', 'ignore_ament_install']
[0.843s] Level 1:colcon.colcon_core.package_identification:_identify(build) by extension 'ignore'
[0.843s] Level 1:colcon.colcon_core.package_identification:_identify(build) ignored
[0.843s] Level 1:colcon.colcon_core.package_identification:_identify(install) by extensions ['ignore', 'ignore_ament_install']
[0.844s] Level 1:colcon.colcon_core.package_identification:_identify(install) by extension 'ignore'
[0.844s] Level 1:colcon.colcon_core.package_identification:_identify(install) ignored
[0.844s] Level 1:colcon.colcon_core.package_identification:_identify(log) by extensions ['ignore', 'ignore_ament_install']
[0.844s] Level 1:colcon.colcon_core.package_identification:_identify(log) by extension 'ignore'
[0.845s] Level 1:colcon.colcon_core.package_identification:_identify(log) ignored
[0.845s] Level 1:colcon.colcon_core.package_identification:_identify(src) by extensions ['ignore', 'ignore_ament_install']
[0.845s] Level 1:colcon.colcon_core.package_identification:_identify(src) by extension 'ignore'
[0.845s] Level 1:colcon.colcon_core.package_identification:_identify(src) by extension 'ignore_ament_install'
[0.845s] Level 1:colcon.colcon_core.package_identification:_identify(src) by extensions ['colcon_pkg']
[0.845s] Level 1:colcon.colcon_core.package_identification:_identify(src) by extension 'colcon_pkg'
[0.846s] Level 1:colcon.colcon_core.package_identification:_identify(src) by extensions ['colcon_meta']
[0.846s] Level 1:colcon.colcon_core.package_identification:_identify(src) by extension 'colcon_meta'
[0.846s] Level 1:colcon.colcon_core.package_identification:_identify(src) by extensions ['ros']
[0.846s] Level 1:colcon.colcon_core.package_identification:_identify(src) by extension 'ros'
[0.846s] Level 1:colcon.colcon_core.package_identification:_identify(src) by extensions ['cmake', 'python']
[0.846s] Level 1:colcon.colcon_core.package_identification:_identify(src) by extension 'cmake'
[0.846s] Level 1:colcon.colcon_core.package_identification:_identify(src) by extension 'python'
[0.847s] Level 1:colcon.colcon_core.package_identification:_identify(src) by extensions ['python_setup_py']
[0.847s] Level 1:colcon.colcon_core.package_identification:_identify(src) by extension 'python_setup_py'
[0.847s] Level 1:colcon.colcon_core.package_identification:_identify(src/control_pkg) by extensions ['ignore', 'ignore_ament_install']
[0.847s] Level 1:colcon.colcon_core.package_identification:_identify(src/control_pkg) by extension 'ignore'
[0.847s] Level 1:colcon.colcon_core.package_identification:_identify(src/control_pkg) by extension 'ignore_ament_install'
[0.848s] Level 1:colcon.colcon_core.package_identification:_identify(src/control_pkg) by extensions ['colcon_pkg']
[0.848s] Level 1:colcon.colcon_core.package_identification:_identify(src/control_pkg) by extension 'colcon_pkg'
[0.848s] Level 1:colcon.colcon_core.package_identification:_identify(src/control_pkg) by extensions ['colcon_meta']
[0.848s] Level 1:colcon.colcon_core.package_identification:_identify(src/control_pkg) by extension 'colcon_meta'
[0.848s] Level 1:colcon.colcon_core.package_identification:_identify(src/control_pkg) by extensions ['ros']
[0.848s] Level 1:colcon.colcon_core.package_identification:_identify(src/control_pkg) by extension 'ros'
[0.862s] DEBUG:colcon.colcon_core.package_identification:Package 'src/control_pkg' with type 'ros.ament_cmake' and name 'control_pkg'
[0.863s] Level 1:colcon.colcon_core.package_identification:_identify(src/vida_bringup) by extensions ['ignore', 'ignore_ament_install']
[0.863s] Level 1:colcon.colcon_core.package_identification:_identify(src/vida_bringup) by extension 'ignore'
[0.863s] Level 1:colcon.colcon_core.package_identification:_identify(src/vida_bringup) by extension 'ignore_ament_install'
[0.863s] Level 1:colcon.colcon_core.package_identification:_identify(src/vida_bringup) by extensions ['colcon_pkg']
[0.863s] Level 1:colcon.colcon_core.package_identification:_identify(src/vida_bringup) by extension 'colcon_pkg'
[0.864s] Level 1:colcon.colcon_core.package_identification:_identify(src/vida_bringup) by extensions ['colcon_meta']
[0.864s] Level 1:colcon.colcon_core.package_identification:_identify(src/vida_bringup) by extension 'colcon_meta'
[0.864s] Level 1:colcon.colcon_core.package_identification:_identify(src/vida_bringup) by extensions ['ros']
[0.864s] Level 1:colcon.colcon_core.package_identification:_identify(src/vida_bringup) by extension 'ros'
[0.866s] DEBUG:colcon.colcon_core.package_identification:Package 'src/vida_bringup' with type 'ros.ament_cmake' and name 'vida_bringup'
[0.866s] Level 1:colcon.colcon_core.package_identification:_identify(src/vida_interfaces) by extensions ['ignore', 'ignore_ament_install']
[0.866s] Level 1:colcon.colcon_core.package_identification:_identify(src/vida_interfaces) by extension 'ignore'
[0.867s] Level 1:colcon.colcon_core.package_identification:_identify(src/vida_interfaces) by extension 'ignore_ament_install'
[0.867s] Level 1:colcon.colcon_core.package_identification:_identify(src/vida_interfaces) by extensions ['colcon_pkg']
[0.867s] Level 1:colcon.colcon_core.package_identification:_identify(src/vida_interfaces) by extension 'colcon_pkg'
[0.867s] Level 1:colcon.colcon_core.package_identification:_identify(src/vida_interfaces) by extensions ['colcon_meta']
[0.867s] Level 1:colcon.colcon_core.package_identification:_identify(src/vida_interfaces) by extension 'colcon_meta'
[0.867s] Level 1:colcon.colcon_core.package_identification:_identify(src/vida_interfaces) by extensions ['ros']
[0.867s] Level 1:colcon.colcon_core.package_identification:_identify(src/vida_interfaces) by extension 'ros'
[0.869s] DEBUG:colcon.colcon_core.package_identification:Package 'src/vida_interfaces' with type 'ros.ament_cmake' and name 'vida_interfaces'
[0.870s] Level 1:colcon.colcon_core.package_discovery:discover_packages(recursive) using defaults
[0.870s] Level 1:colcon.colcon_core.package_discovery:discover_packages(ignore) discover
[0.870s] Level 1:colcon.colcon_core.package_discovery:discover_packages(ignore) using defaults
[0.870s] Level 1:colcon.colcon_core.package_discovery:discover_packages(path) discover
[0.870s] Level 1:colcon.colcon_core.package_discovery:discover_packages(path) using defaults
[0.944s] INFO:colcon.colcon_core.package_selection:Skipping not selected package 'vida_interfaces' in 'src/vida_interfaces'
[0.944s] INFO:colcon.colcon_core.package_selection:Skipping not selected package 'control_pkg' in 'src/control_pkg'
[0.946s] Level 1:colcon.colcon_core.package_discovery:discover_packages(prefix_path) check parameters
[0.946s] Level 1:colcon.colcon_core.package_discovery:discover_packages(prefix_path) discover
[0.953s] DEBUG:colcon.colcon_installed_package_information.package_discovery:Found 2 installed packages in /home/odroid/Documentos/Plataforma-VIDA/Ros/install
[0.956s] DEBUG:colcon.colcon_installed_package_information.package_discovery:Found 180 installed packages in /opt/ros/humble
[0.960s] Level 1:colcon.colcon_core.package_discovery:discover_packages(prefix_path) using defaults
[1.121s] Level 5:colcon.colcon_core.verb:set package 'vida_bringup' build argument 'cmake_args' from command line to 'None'
[1.122s] Level 5:colcon.colcon_core.verb:set package 'vida_bringup' build argument 'cmake_target' from command line to 'None'
[1.122s] Level 5:colcon.colcon_core.verb:set package 'vida_bringup' build argument 'cmake_target_skip_unavailable' from command line to 'False'
[1.122s] Level 5:colcon.colcon_core.verb:set package 'vida_bringup' build argument 'cmake_clean_cache' from command line to 'False'
[1.122s] Level 5:colcon.colcon_core.verb:set package 'vida_bringup' build argument 'cmake_clean_first' from command line to 'False'
[1.122s] Level 5:colcon.colcon_core.verb:set package 'vida_bringup' build argument 'cmake_force_configure' from command line to 'False'
[1.123s] Level 5:colcon.colcon_core.verb:set package 'vida_bringup' build argument 'ament_cmake_args' from command line to 'None'
[1.123s] Level 5:colcon.colcon_core.verb:set package 'vida_bringup' build argument 'catkin_cmake_args' from command line to 'None'
[1.123s] Level 5:colcon.colcon_core.verb:set package 'vida_bringup' build argument 'catkin_skip_building_tests' from command line to 'False'
[1.123s] DEBUG:colcon.colcon_core.verb:Building package 'vida_bringup' with the following arguments: {'ament_cmake_args': None, 'build_base': '/home/odroid/Documentos/Plataforma-VIDA/Ros/build/vida_bringup', 'catkin_cmake_args': None, 'catkin_skip_building_tests': False, 'cmake_args': None, 'cmake_clean_cache': False, 'cmake_clean_first': False, 'cmake_force_configure': False, 'cmake_target': None, 'cmake_target_skip_unavailable': False, 'install_base': '/home/odroid/Documentos/Plataforma-VIDA/Ros/install/vida_bringup', 'merge_install': False, 'path': '/home/odroid/Documentos/Plataforma-VIDA/Ros/src/vida_bringup', 'symlink_install': True, 'test_result_base': None}
[1.124s] INFO:colcon.colcon_core.executor:Executing jobs using 'parallel' executor
[1.127s] DEBUG:colcon.colcon_parallel_executor.executor.parallel:run_until_complete
[1.128s] INFO:colcon.colcon_ros.task.ament_cmake.build:Building ROS package in '/home/odroid/Documentos/Plataforma-VIDA/Ros/src/vida_bringup' with build type 'ament_cmake'
[1.129s] INFO:colcon.colcon_cmake.task.cmake.build:Building CMake package in '/home/odroid/Documentos/Plataforma-VIDA/Ros/src/vida_bringup'
[1.140s] INFO:colcon.colcon_core.plugin_system:Skipping extension 'colcon_core.shell.bat': Not used on non-Windows systems
[1.141s] INFO:colcon.colcon_core.shell:Skip shell extension 'powershell' for command environment: Not usable outside of PowerShell
[1.141s] DEBUG:colcon.colcon_core.shell:Skip shell extension 'dsv' for command environment
[1.161s] DEBUG:colcon.colcon_core.event_handler.log_command:Invoking command in '/home/odroid/Documentos/Plataforma-VIDA/Ros/build/vida_bringup': CMAKE_PREFIX_PATH=${CMAKE_PREFIX_PATH}:/opt/ros/humble /usr/bin/cmake /home/odroid/Documentos/Plataforma-VIDA/Ros/src/vida_bringup -DAMENT_CMAKE_SYMLINK_INSTALL=1 -DCMAKE_INSTALL_PREFIX=/home/odroid/Documentos/Plataforma-VIDA/Ros/install/vida_bringup
[4.156s] DEBUG:colcon.colcon_core.event_handler.log_command:Invoked command in '/home/odroid/Documentos/Plataforma-VIDA/Ros/build/vida_bringup' returned '0': CMAKE_PREFIX_PATH=${CMAKE_PREFIX_PATH}:/opt/ros/humble /usr/bin/cmake /home/odroid/Documentos/Plataforma-VIDA/Ros/src/vida_bringup -DAMENT_CMAKE_SYMLINK_INSTALL=1 -DCMAKE_INSTALL_PREFIX=/home/odroid/Documentos/Plataforma-VIDA/Ros/install/vida_bringup
[4.163s] DEBUG:colcon.colcon_core.event_handler.log_command:Invoking command in '/home/odroid/Documentos/Plataforma-VIDA/Ros/build/vida_bringup': CMAKE_PREFIX_PATH=${CMAKE_PREFIX_PATH}:/opt/ros/humble /usr/bin/cmake --build /home/odroid/Documentos/Plataforma-VIDA/Ros/build/vida_bringup -- -j6 -l6
[4.307s] DEBUG:colcon.colcon_core.event_handler.log_command:Invoked command in '/home/odroid/Documentos/Plataforma-VIDA/Ros/build/vida_bringup' returned '0': CMAKE_PREFIX_PATH=${CMAKE_PREFIX_PATH}:/opt/ros/humble /usr/bin/cmake --build /home/odroid/Documentos/Plataforma-VIDA/Ros/build/vida_bringup -- -j6 -l6
[4.408s] DEBUG:colcon.colcon_core.event_handler.log_command:Invoking command in '/home/odroid/Documentos/Plataforma-VIDA/Ros/build/vida_bringup': CMAKE_PREFIX_PATH=${CMAKE_PREFIX_PATH}:/opt/ros/humble /usr/bin/cmake --install /home/odroid/Documentos/Plataforma-VIDA/Ros/build/vida_bringup
[4.930s] Level 1:colcon.colcon_core.environment:create_environment_scripts_only(vida_bringup)
[4.937s] DEBUG:colcon.colcon_core.event_handler.log_command:Invoked command in '/home/odroid/Documentos/Plataforma-VIDA/Ros/build/vida_bringup' returned '0': CMAKE_PREFIX_PATH=${CMAKE_PREFIX_PATH}:/opt/ros/humble /usr/bin/cmake --install /home/odroid/Documentos/Plataforma-VIDA/Ros/build/vida_bringup
[4.957s] Level 1:colcon.colcon_core.environment:checking '/home/odroid/Documentos/Plataforma-VIDA/Ros/install/vida_bringup' for CMake module files
[4.959s] Level 1:colcon.colcon_core.environment:checking '/home/odroid/Documentos/Plataforma-VIDA/Ros/install/vida_bringup' for CMake config files
[4.960s] Level 1:colcon.colcon_core.shell:create_environment_hook('vida_bringup', 'cmake_prefix_path')
[4.961s] INFO:colcon.colcon_core.shell:Creating environment hook '/home/odroid/Documentos/Plataforma-VIDA/Ros/install/vida_bringup/share/vida_bringup/hook/cmake_prefix_path.ps1'
[4.963s] INFO:colcon.colcon_core.shell:Creating environment descriptor '/home/odroid/Documentos/Plataforma-VIDA/Ros/install/vida_bringup/share/vida_bringup/hook/cmake_prefix_path.dsv'
[4.965s] INFO:colcon.colcon_core.shell:Creating environment hook '/home/odroid/Documentos/Plataforma-VIDA/Ros/install/vida_bringup/share/vida_bringup/hook/cmake_prefix_path.sh'
[4.968s] Level 1:colcon.colcon_core.environment:checking '/home/odroid/Documentos/Plataforma-VIDA/Ros/install/vida_bringup/bin'
[4.968s] Level 1:colcon.colcon_core.environment:checking '/home/odroid/Documentos/Plataforma-VIDA/Ros/install/vida_bringup/lib/pkgconfig/vida_bringup.pc'
[4.969s] Level 1:colcon.colcon_core.environment:checking '/home/odroid/Documentos/Plataforma-VIDA/Ros/install/vida_bringup/lib/python3.10/site-packages'
[4.970s] Level 1:colcon.colcon_core.environment:checking '/home/odroid/Documentos/Plataforma-VIDA/Ros/install/vida_bringup/bin'
[4.971s] INFO:colcon.colcon_core.shell:Creating package script '/home/odroid/Documentos/Plataforma-VIDA/Ros/install/vida_bringup/share/vida_bringup/package.ps1'
[4.975s] INFO:colcon.colcon_core.shell:Creating package descriptor '/home/odroid/Documentos/Plataforma-VIDA/Ros/install/vida_bringup/share/vida_bringup/package.dsv'
[4.977s] INFO:colcon.colcon_core.shell:Creating package script '/home/odroid/Documentos/Plataforma-VIDA/Ros/install/vida_bringup/share/vida_bringup/package.sh'
[4.980s] INFO:colcon.colcon_core.shell:Creating package script '/home/odroid/Documentos/Plataforma-VIDA/Ros/install/vida_bringup/share/vida_bringup/package.bash'
[4.983s] INFO:colcon.colcon_core.shell:Creating package script '/home/odroid/Documentos/Plataforma-VIDA/Ros/install/vida_bringup/share/vida_bringup/package.zsh'
[4.986s] Level 1:colcon.colcon_core.environment:create_file_with_runtime_dependencies(/home/odroid/Documentos/Plataforma-VIDA/Ros/install/vida_bringup/share/colcon-core/packages/vida_bringup)
[5.060s] Level 1:colcon.colcon_core.environment:create_environment_scripts_only(vida_bringup)
[5.062s] Level 1:colcon.colcon_core.environment:checking '/home/odroid/Documentos/Plataforma-VIDA/Ros/install/vida_bringup' for CMake module files
[5.065s] Level 1:colcon.colcon_core.environment:checking '/home/odroid/Documentos/Plataforma-VIDA/Ros/install/vida_bringup' for CMake config files
[5.067s] Level 1:colcon.colcon_core.shell:create_environment_hook('vida_bringup', 'cmake_prefix_path')
[5.069s] INFO:colcon.colcon_core.shell:Creating environment hook '/home/odroid/Documentos/Plataforma-VIDA/Ros/install/vida_bringup/share/vida_bringup/hook/cmake_prefix_path.ps1'
[5.072s] INFO:colcon.colcon_core.shell:Creating environment descriptor '/home/odroid/Documentos/Plataforma-VIDA/Ros/install/vida_bringup/share/vida_bringup/hook/cmake_prefix_path.dsv'
[5.074s] INFO:colcon.colcon_core.shell:Creating environment hook '/home/odroid/Documentos/Plataforma-VIDA/Ros/install/vida_bringup/share/vida_bringup/hook/cmake_prefix_path.sh'
[5.076s] Level 1:colcon.colcon_core.environment:checking '/home/odroid/Documentos/Plataforma-VIDA/Ros/install/vida_bringup/bin'
[5.077s] Level 1:colcon.colcon_core.environment:checking '/home/odroid/Documentos/Plataforma-VIDA/Ros/install/vida_bringup/lib/pkgconfig/vida_bringup.pc'
[5.077s] Level 1:colcon.colcon_core.environment:checking '/home/odroid/Documentos/Plataforma-VIDA/Ros/install/vida_bringup/lib/python3.10/site-packages'
[5.078s] Level 1:colcon.colcon_core.environment:checking '/home/odroid/Documentos/Plataforma-VIDA/Ros/install/vida_bringup/bin'
[5.079s] INFO:colcon.colcon_core.shell:Creating package script '/home/odroid/Documentos/Plataforma-VIDA/Ros/install/vida_bringup/share/vida_bringup/package.ps1'
[5.081s] INFO:colcon.colcon_core.shell:Creating package descriptor '/home/odroid/Documentos/Plataforma-VIDA/Ros/install/vida_bringup/share/vida_bringup/package.dsv'
[5.083s] INFO:colcon.colcon_core.shell:Creating package script '/home/odroid/Documentos/Plataforma-VIDA/Ros/install/vida_bringup/share/vida_bringup/package.sh'
[5.084s] INFO:colcon.colcon_core.shell:Creating package script '/home/odroid/Documentos/Plataforma-VIDA/Ros/install/vida_bringup/share/vida_bringup/package.bash'
[5.086s] INFO:colcon.colcon_core.shell:Creating package script '/home/odroid/Documentos/Plataforma-VIDA/Ros/install/vida_bringup/share/vida_bringup/package.zsh'
[5.088s] Level 1:colcon.colcon_core.environment:create_file_with_runtime_dependencies(/home/odroid/Documentos/Plataforma-VIDA/Ros/install/vida_bringup/share/colcon-core/packages/vida_bringup)
[5.090s] DEBUG:colcon.colcon_parallel_executor.executor.parallel:closing loop
[5.090s] DEBUG:colcon.colcon_parallel_executor.executor.parallel:loop closed
[5.091s] DEBUG:colcon.colcon_parallel_executor.executor.parallel:run_until_complete finished with '0'
[5.091s] DEBUG:colcon.colcon_core.event_reactor:joining thread
[5.126s] INFO:colcon.colcon_core.plugin_system:Skipping extension 'colcon_notification.desktop_notification.terminal_notifier': Not used on non-Darwin systems
[5.126s] INFO:colcon.colcon_core.plugin_system:Skipping extension 'colcon_notification.desktop_notification.win32': Not used on non-Windows systems
[5.126s] INFO:colcon.colcon_notification.desktop_notification:Sending desktop notification using 'notify2'
[5.652s] DEBUG:colcon.colcon_core.event_reactor:joined thread
[5.654s] INFO:colcon.colcon_core.shell:Creating prefix script '/home/odroid/Documentos/Plataforma-VIDA/Ros/install/local_setup.ps1'
[5.661s] INFO:colcon.colcon_core.shell:Creating prefix util module '/home/odroid/Documentos/Plataforma-VIDA/Ros/install/_local_setup_util_ps1.py'
[5.674s] INFO:colcon.colcon_core.shell:Creating prefix chain script '/home/odroid/Documentos/Plataforma-VIDA/Ros/install/setup.ps1'
[5.678s] INFO:colcon.colcon_core.shell:Creating prefix script '/home/odroid/Documentos/Plataforma-VIDA/Ros/install/local_setup.sh'
[5.680s] INFO:colcon.colcon_core.shell:Creating prefix util module '/home/odroid/Documentos/Plataforma-VIDA/Ros/install/_local_setup_util_sh.py'
[5.681s] INFO:colcon.colcon_core.shell:Creating prefix chain script '/home/odroid/Documentos/Plataforma-VIDA/Ros/install/setup.sh'
[5.685s] INFO:colcon.colcon_core.shell:Creating prefix script '/home/odroid/Documentos/Plataforma-VIDA/Ros/install/local_setup.bash'
[5.687s] INFO:colcon.colcon_core.shell:Creating prefix chain script '/home/odroid/Documentos/Plataforma-VIDA/Ros/install/setup.bash'
[5.691s] INFO:colcon.colcon_core.shell:Creating prefix script '/home/odroid/Documentos/Plataforma-VIDA/Ros/install/local_setup.zsh'
[5.692s] INFO:colcon.colcon_core.shell:Creating prefix chain script '/home/odroid/Documentos/Plataforma-VIDA/Ros/install/setup.zsh'
