[0.336s] DEBUG:colcon:Command line arguments: ['/usr/bin/colcon', 'build', '--packages-select', 'control_pkg']
[0.337s] DEBUG:colcon:Parsed command line arguments: Namespace(log_base=None, log_level=None, verb_name='build', build_base='build', install_base='install', merge_install=False, symlink_install=False, test_result_base=None, continue_on_error=False, executor='parallel', parallel_workers=6, event_handlers=None, ignore_user_meta=False, metas=['./colcon.meta'], base_paths=['.'], packages_ignore=None, packages_ignore_regex=None, paths=None, packages_up_to=None, packages_up_to_regex=None, packages_above=None, packages_above_and_dependencies=None, packages_above_depth=None, packages_select_by_dep=None, packages_skip_by_dep=None, packages_skip_up_to=None, packages_select_build_failed=False, packages_skip_build_finished=False, packages_select_test_failures=False, packages_skip_test_passed=False, packages_select=['control_pkg'], packages_skip=None, packages_select_regex=None, packages_skip_regex=None, packages_start=None, packages_end=None, allow_overriding=[], cmake_args=None, cmake_target=None, cmake_target_skip_unavailable=False, cmake_clean_cache=False, cmake_clean_first=False, cmake_force_configure=False, ament_cmake_args=None, catkin_cmake_args=None, catkin_skip_building_tests=False, mixin_files=None, mixin=None, verb_parser=<colcon_mixin.mixin.mixin_argument.MixinArgumentDecorator object at 0x7fa2e289a0>, verb_extension=<colcon_core.verb.build.BuildVerb object at 0x7fa2e28400>, main=<bound method BuildVerb.main of <colcon_core.verb.build.BuildVerb object at 0x7fa2e28400>>, mixin_verb=('build',))
[0.796s] Level 1:colcon.colcon_core.package_discovery:discover_packages(colcon_meta) check parameters
[0.796s] Level 1:colcon.colcon_core.package_discovery:discover_packages(recursive) check parameters
[0.796s] Level 1:colcon.colcon_core.package_discovery:discover_packages(ignore) check parameters
[0.796s] Level 1:colcon.colcon_core.package_discovery:discover_packages(path) check parameters
[0.797s] Level 1:colcon.colcon_core.package_discovery:discover_packages(colcon_meta) discover
[0.797s] Level 1:colcon.colcon_core.package_discovery:discover_packages(recursive) discover
[0.797s] INFO:colcon.colcon_core.package_discovery:Crawling recursively for packages in '/home/odroid/Documentos/Plataforma-VIDA/Ros'
[0.797s] Level 1:colcon.colcon_core.package_identification:_identify(.) by extensions ['ignore', 'ignore_ament_install']
[0.797s] Level 1:colcon.colcon_core.package_identification:_identify(.) by extension 'ignore'
[0.798s] Level 1:colcon.colcon_core.package_identification:_identify(.) by extension 'ignore_ament_install'
[0.798s] Level 1:colcon.colcon_core.package_identification:_identify(.) by extensions ['colcon_pkg']
[0.798s] Level 1:colcon.colcon_core.package_identification:_identify(.) by extension 'colcon_pkg'
[0.798s] Level 1:colcon.colcon_core.package_identification:_identify(.) by extensions ['colcon_meta']
[0.798s] Level 1:colcon.colcon_core.package_identification:_identify(.) by extension 'colcon_meta'
[0.798s] Level 1:colcon.colcon_core.package_identification:_identify(.) by extensions ['ros']
[0.798s] Level 1:colcon.colcon_core.package_identification:_identify(.) by extension 'ros'
[0.834s] Level 1:colcon.colcon_core.package_identification:_identify(.) by extensions ['cmake', 'python']
[0.834s] Level 1:colcon.colcon_core.package_identification:_identify(.) by extension 'cmake'
[0.835s] Level 1:colcon.colcon_core.package_identification:_identify(.) by extension 'python'
[0.835s] Level 1:colcon.colcon_core.package_identification:_identify(.) by extensions ['python_setup_py']
[0.835s] Level 1:colcon.colcon_core.package_identification:_identify(.) by extension 'python_setup_py'
[0.835s] Level 1:colcon.colcon_core.package_identification:_identify(build) by extensions ['ignore', 'ignore_ament_install']
[0.835s] Level 1:colcon.colcon_core.package_identification:_identify(build) by extension 'ignore'
[0.836s] Level 1:colcon.colcon_core.package_identification:_identify(build) ignored
[0.836s] Level 1:colcon.colcon_core.package_identification:_identify(install) by extensions ['ignore', 'ignore_ament_install']
[0.836s] Level 1:colcon.colcon_core.package_identification:_identify(install) by extension 'ignore'
[0.836s] Level 1:colcon.colcon_core.package_identification:_identify(install) ignored
[0.837s] Level 1:colcon.colcon_core.package_identification:_identify(log) by extensions ['ignore', 'ignore_ament_install']
[0.837s] Level 1:colcon.colcon_core.package_identification:_identify(log) by extension 'ignore'
[0.837s] Level 1:colcon.colcon_core.package_identification:_identify(log) ignored
[0.837s] Level 1:colcon.colcon_core.package_identification:_identify(src) by extensions ['ignore', 'ignore_ament_install']
[0.838s] Level 1:colcon.colcon_core.package_identification:_identify(src) by extension 'ignore'
[0.838s] Level 1:colcon.colcon_core.package_identification:_identify(src) by extension 'ignore_ament_install'
[0.838s] Level 1:colcon.colcon_core.package_identification:_identify(src) by extensions ['colcon_pkg']
[0.838s] Level 1:colcon.colcon_core.package_identification:_identify(src) by extension 'colcon_pkg'
[0.838s] Level 1:colcon.colcon_core.package_identification:_identify(src) by extensions ['colcon_meta']
[0.839s] Level 1:colcon.colcon_core.package_identification:_identify(src) by extension 'colcon_meta'
[0.839s] Level 1:colcon.colcon_core.package_identification:_identify(src) by extensions ['ros']
[0.839s] Level 1:colcon.colcon_core.package_identification:_identify(src) by extension 'ros'
[0.839s] Level 1:colcon.colcon_core.package_identification:_identify(src) by extensions ['cmake', 'python']
[0.839s] Level 1:colcon.colcon_core.package_identification:_identify(src) by extension 'cmake'
[0.839s] Level 1:colcon.colcon_core.package_identification:_identify(src) by extension 'python'
[0.840s] Level 1:colcon.colcon_core.package_identification:_identify(src) by extensions ['python_setup_py']
[0.840s] Level 1:colcon.colcon_core.package_identification:_identify(src) by extension 'python_setup_py'
[0.840s] Level 1:colcon.colcon_core.package_identification:_identify(src/control_pkg) by extensions ['ignore', 'ignore_ament_install']
[0.840s] Level 1:colcon.colcon_core.package_identification:_identify(src/control_pkg) by extension 'ignore'
[0.840s] Level 1:colcon.colcon_core.package_identification:_identify(src/control_pkg) by extension 'ignore_ament_install'
[0.841s] Level 1:colcon.colcon_core.package_identification:_identify(src/control_pkg) by extensions ['colcon_pkg']
[0.841s] Level 1:colcon.colcon_core.package_identification:_identify(src/control_pkg) by extension 'colcon_pkg'
[0.841s] Level 1:colcon.colcon_core.package_identification:_identify(src/control_pkg) by extensions ['colcon_meta']
[0.841s] Level 1:colcon.colcon_core.package_identification:_identify(src/control_pkg) by extension 'colcon_meta'
[0.841s] Level 1:colcon.colcon_core.package_identification:_identify(src/control_pkg) by extensions ['ros']
[0.841s] Level 1:colcon.colcon_core.package_identification:_identify(src/control_pkg) by extension 'ros'
[0.855s] DEBUG:colcon.colcon_core.package_identification:Package 'src/control_pkg' with type 'ros.ament_cmake' and name 'control_pkg'
[0.856s] Level 1:colcon.colcon_core.package_identification:_identify(src/vida_interfaces) by extensions ['ignore', 'ignore_ament_install']
[0.856s] Level 1:colcon.colcon_core.package_identification:_identify(src/vida_interfaces) by extension 'ignore'
[0.856s] Level 1:colcon.colcon_core.package_identification:_identify(src/vida_interfaces) by extension 'ignore_ament_install'
[0.857s] Level 1:colcon.colcon_core.package_identification:_identify(src/vida_interfaces) by extensions ['colcon_pkg']
[0.857s] Level 1:colcon.colcon_core.package_identification:_identify(src/vida_interfaces) by extension 'colcon_pkg'
[0.857s] Level 1:colcon.colcon_core.package_identification:_identify(src/vida_interfaces) by extensions ['colcon_meta']
[0.857s] Level 1:colcon.colcon_core.package_identification:_identify(src/vida_interfaces) by extension 'colcon_meta'
[0.857s] Level 1:colcon.colcon_core.package_identification:_identify(src/vida_interfaces) by extensions ['ros']
[0.858s] Level 1:colcon.colcon_core.package_identification:_identify(src/vida_interfaces) by extension 'ros'
[0.860s] DEBUG:colcon.colcon_core.package_identification:Package 'src/vida_interfaces' with type 'ros.ament_cmake' and name 'vida_interfaces'
[0.860s] Level 1:colcon.colcon_core.package_discovery:discover_packages(recursive) using defaults
[0.860s] Level 1:colcon.colcon_core.package_discovery:discover_packages(ignore) discover
[0.860s] Level 1:colcon.colcon_core.package_discovery:discover_packages(ignore) using defaults
[0.860s] Level 1:colcon.colcon_core.package_discovery:discover_packages(path) discover
[0.860s] Level 1:colcon.colcon_core.package_discovery:discover_packages(path) using defaults
[0.921s] INFO:colcon.colcon_core.package_selection:Skipping not selected package 'vida_interfaces' in 'src/vida_interfaces'
[0.923s] Level 1:colcon.colcon_core.package_discovery:discover_packages(prefix_path) check parameters
[0.923s] Level 1:colcon.colcon_core.package_discovery:discover_packages(prefix_path) discover
[0.930s] DEBUG:colcon.colcon_installed_package_information.package_discovery:Found 2 installed packages in /home/odroid/Documentos/Plataforma-VIDA/Ros/install
[0.933s] DEBUG:colcon.colcon_installed_package_information.package_discovery:Found 180 installed packages in /opt/ros/humble
[0.937s] Level 1:colcon.colcon_core.package_discovery:discover_packages(prefix_path) using defaults
[1.049s] Level 5:colcon.colcon_core.verb:set package 'control_pkg' build argument 'cmake_args' from command line to 'None'
[1.049s] Level 5:colcon.colcon_core.verb:set package 'control_pkg' build argument 'cmake_target' from command line to 'None'
[1.049s] Level 5:colcon.colcon_core.verb:set package 'control_pkg' build argument 'cmake_target_skip_unavailable' from command line to 'False'
[1.049s] Level 5:colcon.colcon_core.verb:set package 'control_pkg' build argument 'cmake_clean_cache' from command line to 'False'
[1.049s] Level 5:colcon.colcon_core.verb:set package 'control_pkg' build argument 'cmake_clean_first' from command line to 'False'
[1.049s] Level 5:colcon.colcon_core.verb:set package 'control_pkg' build argument 'cmake_force_configure' from command line to 'False'
[1.050s] Level 5:colcon.colcon_core.verb:set package 'control_pkg' build argument 'ament_cmake_args' from command line to 'None'
[1.050s] Level 5:colcon.colcon_core.verb:set package 'control_pkg' build argument 'catkin_cmake_args' from command line to 'None'
[1.050s] Level 5:colcon.colcon_core.verb:set package 'control_pkg' build argument 'catkin_skip_building_tests' from command line to 'False'
[1.050s] DEBUG:colcon.colcon_core.verb:Building package 'control_pkg' with the following arguments: {'ament_cmake_args': None, 'build_base': '/home/odroid/Documentos/Plataforma-VIDA/Ros/build/control_pkg', 'catkin_cmake_args': None, 'catkin_skip_building_tests': False, 'cmake_args': None, 'cmake_clean_cache': False, 'cmake_clean_first': False, 'cmake_force_configure': False, 'cmake_target': None, 'cmake_target_skip_unavailable': False, 'install_base': '/home/odroid/Documentos/Plataforma-VIDA/Ros/install/control_pkg', 'merge_install': False, 'path': '/home/odroid/Documentos/Plataforma-VIDA/Ros/src/control_pkg', 'symlink_install': False, 'test_result_base': None}
[1.051s] INFO:colcon.colcon_core.executor:Executing jobs using 'parallel' executor
[1.054s] DEBUG:colcon.colcon_parallel_executor.executor.parallel:run_until_complete
[1.055s] INFO:colcon.colcon_ros.task.ament_cmake.build:Building ROS package in '/home/odroid/Documentos/Plataforma-VIDA/Ros/src/control_pkg' with build type 'ament_cmake'
[1.056s] INFO:colcon.colcon_cmake.task.cmake.build:Building CMake package in '/home/odroid/Documentos/Plataforma-VIDA/Ros/src/control_pkg'
[1.064s] INFO:colcon.colcon_core.plugin_system:Skipping extension 'colcon_core.shell.bat': Not used on non-Windows systems
[1.065s] INFO:colcon.colcon_core.shell:Skip shell extension 'powershell' for command environment: Not usable outside of PowerShell
[1.065s] DEBUG:colcon.colcon_core.shell:Skip shell extension 'dsv' for command environment
[1.148s] DEBUG:colcon.colcon_core.event_handler.log_command:Invoking command in '/home/odroid/Documentos/Plataforma-VIDA/Ros/build/control_pkg': CMAKE_PREFIX_PATH=/home/odroid/Documentos/Plataforma-VIDA/Ros/install/vida_interfaces:/home/odroid/Documentos/Plataforma-VIDA/Ros/install/control_pkg:/opt/ros/humble /usr/bin/cmake --build /home/odroid/Documentos/Plataforma-VIDA/Ros/build/control_pkg -- -j6 -l6
[33.062s] DEBUG:colcon.colcon_core.event_handler.log_command:Invoked command in '/home/odroid/Documentos/Plataforma-VIDA/Ros/build/control_pkg' returned '0': CMAKE_PREFIX_PATH=/home/odroid/Documentos/Plataforma-VIDA/Ros/install/vida_interfaces:/home/odroid/Documentos/Plataforma-VIDA/Ros/install/control_pkg:/opt/ros/humble /usr/bin/cmake --build /home/odroid/Documentos/Plataforma-VIDA/Ros/build/control_pkg -- -j6 -l6
[33.194s] DEBUG:colcon.colcon_core.event_handler.log_command:Invoking command in '/home/odroid/Documentos/Plataforma-VIDA/Ros/build/control_pkg': CMAKE_PREFIX_PATH=/home/odroid/Documentos/Plataforma-VIDA/Ros/install/vida_interfaces:/home/odroid/Documentos/Plataforma-VIDA/Ros/install/control_pkg:/opt/ros/humble /usr/bin/cmake --install /home/odroid/Documentos/Plataforma-VIDA/Ros/build/control_pkg
[33.242s] Level 1:colcon.colcon_core.environment:create_environment_scripts_only(control_pkg)
[33.260s] Level 1:colcon.colcon_core.environment:checking '/home/odroid/Documentos/Plataforma-VIDA/Ros/install/control_pkg' for CMake module files
[33.261s] DEBUG:colcon.colcon_core.event_handler.log_command:Invoked command in '/home/odroid/Documentos/Plataforma-VIDA/Ros/build/control_pkg' returned '0': CMAKE_PREFIX_PATH=/home/odroid/Documentos/Plataforma-VIDA/Ros/install/vida_interfaces:/home/odroid/Documentos/Plataforma-VIDA/Ros/install/control_pkg:/opt/ros/humble /usr/bin/cmake --install /home/odroid/Documentos/Plataforma-VIDA/Ros/build/control_pkg
[33.263s] Level 1:colcon.colcon_core.environment:checking '/home/odroid/Documentos/Plataforma-VIDA/Ros/install/control_pkg' for CMake config files
[33.264s] Level 1:colcon.colcon_core.shell:create_environment_hook('control_pkg', 'cmake_prefix_path')
[33.265s] INFO:colcon.colcon_core.shell:Creating environment hook '/home/odroid/Documentos/Plataforma-VIDA/Ros/install/control_pkg/share/control_pkg/hook/cmake_prefix_path.ps1'
[33.268s] INFO:colcon.colcon_core.shell:Creating environment descriptor '/home/odroid/Documentos/Plataforma-VIDA/Ros/install/control_pkg/share/control_pkg/hook/cmake_prefix_path.dsv'
[33.271s] INFO:colcon.colcon_core.shell:Creating environment hook '/home/odroid/Documentos/Plataforma-VIDA/Ros/install/control_pkg/share/control_pkg/hook/cmake_prefix_path.sh'
[33.275s] Level 1:colcon.colcon_core.environment:checking '/home/odroid/Documentos/Plataforma-VIDA/Ros/install/control_pkg/lib'
[33.276s] Level 1:colcon.colcon_core.environment:checking '/home/odroid/Documentos/Plataforma-VIDA/Ros/install/control_pkg/bin'
[33.276s] Level 1:colcon.colcon_core.environment:checking '/home/odroid/Documentos/Plataforma-VIDA/Ros/install/control_pkg/lib/pkgconfig/control_pkg.pc'
[33.277s] Level 1:colcon.colcon_core.environment:checking '/home/odroid/Documentos/Plataforma-VIDA/Ros/install/control_pkg/lib/python3.10/site-packages'
[33.278s] Level 1:colcon.colcon_core.environment:checking '/home/odroid/Documentos/Plataforma-VIDA/Ros/install/control_pkg/bin'
[33.280s] INFO:colcon.colcon_core.shell:Creating package script '/home/odroid/Documentos/Plataforma-VIDA/Ros/install/control_pkg/share/control_pkg/package.ps1'
[33.283s] INFO:colcon.colcon_core.shell:Creating package descriptor '/home/odroid/Documentos/Plataforma-VIDA/Ros/install/control_pkg/share/control_pkg/package.dsv'
[33.286s] INFO:colcon.colcon_core.shell:Creating package script '/home/odroid/Documentos/Plataforma-VIDA/Ros/install/control_pkg/share/control_pkg/package.sh'
[33.289s] INFO:colcon.colcon_core.shell:Creating package script '/home/odroid/Documentos/Plataforma-VIDA/Ros/install/control_pkg/share/control_pkg/package.bash'
[33.292s] INFO:colcon.colcon_core.shell:Creating package script '/home/odroid/Documentos/Plataforma-VIDA/Ros/install/control_pkg/share/control_pkg/package.zsh'
[33.294s] Level 1:colcon.colcon_core.environment:create_file_with_runtime_dependencies(/home/odroid/Documentos/Plataforma-VIDA/Ros/install/control_pkg/share/colcon-core/packages/control_pkg)
[33.366s] Level 1:colcon.colcon_core.environment:create_environment_scripts_only(control_pkg)
[33.368s] Level 1:colcon.colcon_core.environment:checking '/home/odroid/Documentos/Plataforma-VIDA/Ros/install/control_pkg' for CMake module files
[33.373s] Level 1:colcon.colcon_core.environment:checking '/home/odroid/Documentos/Plataforma-VIDA/Ros/install/control_pkg' for CMake config files
[33.375s] Level 1:colcon.colcon_core.shell:create_environment_hook('control_pkg', 'cmake_prefix_path')
[33.377s] INFO:colcon.colcon_core.shell:Creating environment hook '/home/odroid/Documentos/Plataforma-VIDA/Ros/install/control_pkg/share/control_pkg/hook/cmake_prefix_path.ps1'
[33.381s] INFO:colcon.colcon_core.shell:Creating environment descriptor '/home/odroid/Documentos/Plataforma-VIDA/Ros/install/control_pkg/share/control_pkg/hook/cmake_prefix_path.dsv'
[33.384s] INFO:colcon.colcon_core.shell:Creating environment hook '/home/odroid/Documentos/Plataforma-VIDA/Ros/install/control_pkg/share/control_pkg/hook/cmake_prefix_path.sh'
[33.388s] Level 1:colcon.colcon_core.environment:checking '/home/odroid/Documentos/Plataforma-VIDA/Ros/install/control_pkg/lib'
[33.389s] Level 1:colcon.colcon_core.environment:checking '/home/odroid/Documentos/Plataforma-VIDA/Ros/install/control_pkg/bin'
[33.390s] Level 1:colcon.colcon_core.environment:checking '/home/odroid/Documentos/Plataforma-VIDA/Ros/install/control_pkg/lib/pkgconfig/control_pkg.pc'
[33.393s] Level 1:colcon.colcon_core.environment:checking '/home/odroid/Documentos/Plataforma-VIDA/Ros/install/control_pkg/lib/python3.10/site-packages'
[33.394s] Level 1:colcon.colcon_core.environment:checking '/home/odroid/Documentos/Plataforma-VIDA/Ros/install/control_pkg/bin'
[33.396s] INFO:colcon.colcon_core.shell:Creating package script '/home/odroid/Documentos/Plataforma-VIDA/Ros/install/control_pkg/share/control_pkg/package.ps1'
[33.398s] INFO:colcon.colcon_core.shell:Creating package descriptor '/home/odroid/Documentos/Plataforma-VIDA/Ros/install/control_pkg/share/control_pkg/package.dsv'
[33.400s] INFO:colcon.colcon_core.shell:Creating package script '/home/odroid/Documentos/Plataforma-VIDA/Ros/install/control_pkg/share/control_pkg/package.sh'
[33.401s] INFO:colcon.colcon_core.shell:Creating package script '/home/odroid/Documentos/Plataforma-VIDA/Ros/install/control_pkg/share/control_pkg/package.bash'
[33.402s] INFO:colcon.colcon_core.shell:Creating package script '/home/odroid/Documentos/Plataforma-VIDA/Ros/install/control_pkg/share/control_pkg/package.zsh'
[33.403s] Level 1:colcon.colcon_core.environment:create_file_with_runtime_dependencies(/home/odroid/Documentos/Plataforma-VIDA/Ros/install/control_pkg/share/colcon-core/packages/control_pkg)
[33.404s] DEBUG:colcon.colcon_parallel_executor.executor.parallel:closing loop
[33.405s] DEBUG:colcon.colcon_parallel_executor.executor.parallel:loop closed
[33.405s] DEBUG:colcon.colcon_parallel_executor.executor.parallel:run_until_complete finished with '0'
[33.405s] DEBUG:colcon.colcon_core.event_reactor:joining thread
[33.423s] INFO:colcon.colcon_core.plugin_system:Skipping extension 'colcon_notification.desktop_notification.terminal_notifier': Not used on non-Darwin systems
[33.423s] INFO:colcon.colcon_core.plugin_system:Skipping extension 'colcon_notification.desktop_notification.win32': Not used on non-Windows systems
[33.424s] INFO:colcon.colcon_notification.desktop_notification:Sending desktop notification using 'notify2'
[33.954s] DEBUG:colcon.colcon_core.event_reactor:joined thread
[33.956s] INFO:colcon.colcon_core.shell:Creating prefix script '/home/odroid/Documentos/Plataforma-VIDA/Ros/install/local_setup.ps1'
[33.959s] INFO:colcon.colcon_core.shell:Creating prefix util module '/home/odroid/Documentos/Plataforma-VIDA/Ros/install/_local_setup_util_ps1.py'
[33.964s] INFO:colcon.colcon_core.shell:Creating prefix chain script '/home/odroid/Documentos/Plataforma-VIDA/Ros/install/setup.ps1'
[33.967s] INFO:colcon.colcon_core.shell:Creating prefix script '/home/odroid/Documentos/Plataforma-VIDA/Ros/install/local_setup.sh'
[33.969s] INFO:colcon.colcon_core.shell:Creating prefix util module '/home/odroid/Documentos/Plataforma-VIDA/Ros/install/_local_setup_util_sh.py'
[33.971s] INFO:colcon.colcon_core.shell:Creating prefix chain script '/home/odroid/Documentos/Plataforma-VIDA/Ros/install/setup.sh'
[33.975s] INFO:colcon.colcon_core.shell:Creating prefix script '/home/odroid/Documentos/Plataforma-VIDA/Ros/install/local_setup.bash'
[33.977s] INFO:colcon.colcon_core.shell:Creating prefix chain script '/home/odroid/Documentos/Plataforma-VIDA/Ros/install/setup.bash'
[33.980s] INFO:colcon.colcon_core.shell:Creating prefix script '/home/odroid/Documentos/Plataforma-VIDA/Ros/install/local_setup.zsh'
[33.982s] INFO:colcon.colcon_core.shell:Creating prefix chain script '/home/odroid/Documentos/Plataforma-VIDA/Ros/install/setup.zsh'
