[0.045s] Invoking command in '/home/odroid/Documentos/Plataforma-VIDA/Ros/build/control_pkg': CMAKE_PREFIX_PATH=/home/odroid/Documentos/Plataforma-VIDA/Ros/install/vida_interfaces:/home/odroid/Documentos/Plataforma-VIDA/Ros/install/control_pkg:/opt/ros/humble /usr/bin/cmake --build /home/odroid/Documentos/Plataforma-VIDA/Ros/build/control_pkg -- -j6 -l6
[0.208s] [35m[1mConsolidate compiler generated dependencies of target sensors[0m
[0.225s] [35m[1mConsolidate compiler generated dependencies of target control[0m
[0.295s] [ 12%] [32mBuilding CXX object CMakeFiles/control.dir/src/Control/Control.cpp.o[0m
[0.299s] [ 50%] Built target sensors
[0.321s] [ 75%] Built target record
[20.536s] In file included from [01m[K/home/odroid/Documentos/Plataforma-VIDA/Ros/src/control_pkg/src/Control/../../../../../Utils/Serial/Serial.h:9[m[K,
[20.537s]                  from [01m[K/home/odroid/Documentos/Plataforma-VIDA/Ros/src/control_pkg/src/Control/Control.h:12[m[K,
[20.537s]                  from [01m[K/home/odroid/Documentos/Plataforma-VIDA/Ros/src/control_pkg/src/Control/Control.cpp:1[m[K:
[20.537s] [01m[K/home/odroid/Documentos/Plataforma-VIDA/Ros/src/control_pkg/src/Control/../../../../../Utils/Serial/../road_time.h:16:20:[m[K [01;35m[Kwarning: [m[K‘[01m[Kroad_time_t road_time()[m[K’ defined but not used [[01;35m[K]8;;https://gcc.gnu.org/onlinedocs/gcc/Warning-Options.html#index-Wunused-function-Wunused-function]8;;[m[K]
[20.538s]    16 | static road_time_t [01;35m[Kroad_time[m[K(void)      // Function that returns the time (ms) since midnight on 01/01/1970
[20.538s]       |                    [01;35m[K^~~~~~~~~[m[K
[34.448s] [ 87%] [32m[1mLinking CXX executable control[0m
[36.274s] [100%] Built target control
[36.305s] Invoked command in '/home/odroid/Documentos/Plataforma-VIDA/Ros/build/control_pkg' returned '0': CMAKE_PREFIX_PATH=/home/odroid/Documentos/Plataforma-VIDA/Ros/install/vida_interfaces:/home/odroid/Documentos/Plataforma-VIDA/Ros/install/control_pkg:/opt/ros/humble /usr/bin/cmake --build /home/odroid/Documentos/Plataforma-VIDA/Ros/build/control_pkg -- -j6 -l6
[36.453s] Invoking command in '/home/odroid/Documentos/Plataforma-VIDA/Ros/build/control_pkg': CMAKE_PREFIX_PATH=/home/odroid/Documentos/Plataforma-VIDA/Ros/install/vida_interfaces:/home/odroid/Documentos/Plataforma-VIDA/Ros/install/control_pkg:/opt/ros/humble /usr/bin/cmake --install /home/odroid/Documentos/Plataforma-VIDA/Ros/build/control_pkg
[36.472s] -- Install configuration: ""
[36.473s] -- Installing: /home/odroid/Documentos/Plataforma-VIDA/Ros/install/control_pkg/lib/control_pkg/control
[36.485s] -- Set runtime path of "/home/odroid/Documentos/Plataforma-VIDA/Ros/install/control_pkg/lib/control_pkg/control" to ""
[36.487s] -- Up-to-date: /home/odroid/Documentos/Plataforma-VIDA/Ros/install/control_pkg/lib/control_pkg/sensors
[36.487s] -- Up-to-date: /home/odroid/Documentos/Plataforma-VIDA/Ros/install/control_pkg/lib/control_pkg/record
[36.490s] -- Up-to-date: /home/odroid/Documentos/Plataforma-VIDA/Ros/install/control_pkg/share/ament_index/resource_index/package_run_dependencies/control_pkg
[36.492s] -- Up-to-date: /home/odroid/Documentos/Plataforma-VIDA/Ros/install/control_pkg/share/ament_index/resource_index/parent_prefix_path/control_pkg
[36.493s] -- Up-to-date: /home/odroid/Documentos/Plataforma-VIDA/Ros/install/control_pkg/share/control_pkg/environment/ament_prefix_path.sh
[36.493s] -- Up-to-date: /home/odroid/Documentos/Plataforma-VIDA/Ros/install/control_pkg/share/control_pkg/environment/ament_prefix_path.dsv
[36.493s] -- Up-to-date: /home/odroid/Documentos/Plataforma-VIDA/Ros/install/control_pkg/share/control_pkg/environment/path.sh
[36.494s] -- Up-to-date: /home/odroid/Documentos/Plataforma-VIDA/Ros/install/control_pkg/share/control_pkg/environment/path.dsv
[36.496s] -- Up-to-date: /home/odroid/Documentos/Plataforma-VIDA/Ros/install/control_pkg/share/control_pkg/local_setup.bash
[36.497s] -- Up-to-date: /home/odroid/Documentos/Plataforma-VIDA/Ros/install/control_pkg/share/control_pkg/local_setup.sh
[36.504s] -- Up-to-date: /home/odroid/Documentos/Plataforma-VIDA/Ros/install/control_pkg/share/control_pkg/local_setup.zsh
[36.507s] -- Up-to-date: /home/odroid/Documentos/Plataforma-VIDA/Ros/install/control_pkg/share/control_pkg/local_setup.dsv
[36.508s] -- Installing: /home/odroid/Documentos/Plataforma-VIDA/Ros/install/control_pkg/share/control_pkg/package.dsv
[36.509s] -- Up-to-date: /home/odroid/Documentos/Plataforma-VIDA/Ros/install/control_pkg/share/ament_index/resource_index/packages/control_pkg
[36.509s] -- Up-to-date: /home/odroid/Documentos/Plataforma-VIDA/Ros/install/control_pkg/share/control_pkg/cmake/control_pkgConfig.cmake
[36.510s] -- Up-to-date: /home/odroid/Documentos/Plataforma-VIDA/Ros/install/control_pkg/share/control_pkg/cmake/control_pkgConfig-version.cmake
[36.510s] -- Up-to-date: /home/odroid/Documentos/Plataforma-VIDA/Ros/install/control_pkg/share/control_pkg/package.xml
[36.511s] Invoked command in '/home/odroid/Documentos/Plataforma-VIDA/Ros/build/control_pkg' returned '0': CMAKE_PREFIX_PATH=/home/odroid/Documentos/Plataforma-VIDA/Ros/install/vida_interfaces:/home/odroid/Documentos/Plataforma-VIDA/Ros/install/control_pkg:/opt/ros/humble /usr/bin/cmake --install /home/odroid/Documentos/Plataforma-VIDA/Ros/build/control_pkg
