-- Found ament_cmake: 1.3.9 (/opt/ros/humble/share/ament_cmake/cmake)
-- Found rclcpp: 16.0.9 (/opt/ros/humble/share/rclcpp/cmake)
-- Found rosidl_generator_c: 3.1.5 (/opt/ros/humble/share/rosidl_generator_c/cmake)
-- Found rosidl_adapter: 3.1.5 (/opt/ros/humble/share/rosidl_adapter/cmake)
-- Found rosidl_generator_cpp: 3.1.5 (/opt/ros/humble/share/rosidl_generator_cpp/cmake)
-- Using all available rosidl_typesupport_c: rosidl_typesupport_fastrtps_c;rosidl_typesupport_introspection_c
-- Using all available rosidl_typesupport_cpp: rosidl_typesupport_fastrtps_cpp;rosidl_typesupport_introspection_cpp
-- Found rmw_implementation_cmake: 6.1.2 (/opt/ros/humble/share/rmw_implementation_cmake/cmake)
-- Found rmw_fastrtps_cpp: 6.2.6 (/opt/ros/humble/share/rmw_fastrtps_cpp/cmake)
-- Using RMW implementation 'rmw_fastrtps_cpp' as default
-- Found vida_interfaces: 0.0.0 (/home/odroid/Documentos/Plataforma-VIDA/Ros/install/vida_interfaces/share/vida_interfaces/cmake)
[33mCMake Warning at CMakeLists.txt:12 (find_package):
  By not providing "FindUtils.cmake" in CMAKE_MODULE_PATH this project has
  asked CMake to find a package configuration file provided by "Utils", but
  CMake did not find one.

  Could not find a package configuration file provided by "Utils" with any of
  the following names:

    UtilsConfig.cmake
    utils-config.cmake

  Add the installation prefix of "Utils" to CMAKE_PREFIX_PATH or set
  "Utils_DIR" to a directory containing one of the above files.  If "Utils"
  provides a separate development package or SDK, be sure it has been
  installed.

[0m
[31mCMake Error at /opt/ros/humble/share/ament_cmake_target_dependencies/cmake/ament_target_dependencies.cmake:77 (message):
  ament_target_dependencies() the passed package name 'Utils' was not found
  before
Call Stack (most recent call first):
  CMakeLists.txt:18 (ament_target_dependencies)

[0m
-- Configuring incomplete, errors occurred!
See also "/home/odroid/Documentos/Plataforma-VIDA/Ros/build/control_pkg/CMakeFiles/CMakeOutput.log".
gmake: *** [Makefile:294: cmake_check_build_system] Erro 1
