[0.131s] Invoking command in '/home/odroid/Documentos/Plataforma-VIDA/Ros/build/control_pkg': CMAKE_PREFIX_PATH=${CMAKE_PREFIX_PATH}:/opt/ros/humble /usr/bin/cmake --build /home/odroid/Documentos/Plataforma-VIDA/Ros/build/control_pkg -- -j6 -l6
[0.257s] -- Found ament_cmake: 1.3.9 (/opt/ros/humble/share/ament_cmake/cmake)
[0.706s] -- Found rclcpp: 16.0.9 (/opt/ros/humble/share/rclcpp/cmake)
[0.787s] -- Found rosidl_generator_c: 3.1.5 (/opt/ros/humble/share/rosidl_generator_c/cmake)
[0.795s] -- Found rosidl_adapter: 3.1.5 (/opt/ros/humble/share/rosidl_adapter/cmake)
[0.814s] -- Found rosidl_generator_cpp: 3.1.5 (/opt/ros/humble/share/rosidl_generator_cpp/cmake)
[0.854s] -- Using all available rosidl_typesupport_c: rosidl_typesupport_fastrtps_c;rosidl_typesupport_introspection_c
[0.902s] -- Using all available rosidl_typesupport_cpp: rosidl_typesupport_fastrtps_cpp;rosidl_typesupport_introspection_cpp
[1.091s] -- Found rmw_implementation_cmake: 6.1.2 (/opt/ros/humble/share/rmw_implementation_cmake/cmake)
[1.095s] -- Found rmw_fastrtps_cpp: 6.2.6 (/opt/ros/humble/share/rmw_fastrtps_cpp/cmake)
[1.410s] -- Using RMW implementation 'rmw_fastrtps_cpp' as default
[1.922s] -- Found vida_interfaces: 0.0.0 (/home/odroid/Documentos/Plataforma-VIDA/Ros/install/vida_interfaces/share/vida_interfaces/cmake)
[1.992s] [33mCMake Warning at CMakeLists.txt:12 (find_package):
[1.994s]   By not providing "FindUtils.cmake" in CMAKE_MODULE_PATH this project has
[1.994s]   asked CMake to find a package configuration file provided by "Utils", but
[1.994s]   CMake did not find one.
[1.995s] 
[1.995s]   Could not find a package configuration file provided by "Utils" with any of
[1.995s]   the following names:
[1.995s] 
[1.996s]     UtilsConfig.cmake
[1.996s]     utils-config.cmake
[1.996s] 
[1.996s]   Add the installation prefix of "Utils" to CMAKE_PREFIX_PATH or set
[1.996s]   "Utils_DIR" to a directory containing one of the above files.  If "Utils"
[1.997s]   provides a separate development package or SDK, be sure it has been
[1.997s]   installed.
[1.997s] 
[1.997s] [0m
[1.998s] [31mCMake Error at /opt/ros/humble/share/ament_cmake_target_dependencies/cmake/ament_target_dependencies.cmake:77 (message):
[1.998s]   ament_target_dependencies() the passed package name 'Utils' was not found
[1.998s]   before
[1.998s] Call Stack (most recent call first):
[1.998s]   CMakeLists.txt:18 (ament_target_dependencies)
[1.999s] 
[1.999s] [0m
[1.999s] -- Configuring incomplete, errors occurred!
[1.999s] See also "/home/odroid/Documentos/Plataforma-VIDA/Ros/build/control_pkg/CMakeFiles/CMakeOutput.log".
[2.019s] gmake: *** [Makefile:294: cmake_check_build_system] Erro 1
[2.023s] Invoked command in '/home/odroid/Documentos/Plataforma-VIDA/Ros/build/control_pkg' returned '2': CMAKE_PREFIX_PATH=${CMAKE_PREFIX_PATH}:/opt/ros/humble /usr/bin/cmake --build /home/odroid/Documentos/Plataforma-VIDA/Ros/build/control_pkg -- -j6 -l6
