[0.091s] Invoking command in '/home/odroid/Documentos/Plataforma-VIDA/Ros/build/control_pkg': CMAKE_PREFIX_PATH=${CMAKE_PREFIX_PATH}:/opt/ros/humble /usr/bin/cmake /home/odroid/Documentos/Plataforma-VIDA/Ros/src/control_pkg -DCMAKE_INSTALL_PREFIX=/home/odroid/Documentos/Plataforma-VIDA/Ros/install/control_pkg
[0.969s] -- The C compiler identification is GNU 11.4.0
[1.731s] -- The CXX compiler identification is GNU 11.4.0
[1.775s] -- Detecting C compiler ABI info
[2.068s] -- Detecting C compiler ABI info - done
[2.097s] -- Check for working C compiler: /usr/bin/cc - skipped
[2.098s] -- Detecting C compile features
[2.101s] -- Detecting C compile features - done
[2.110s] -- Detecting CXX compiler ABI info
[2.429s] -- Detecting CXX compiler ABI info - done
[2.446s] -- Check for working CXX compiler: /usr/bin/c++ - skipped
[2.452s] -- Detecting CXX compile features
[2.452s] -- Detecting CXX compile features - done
[2.465s] -- Found ament_cmake: 1.3.9 (/opt/ros/humble/share/ament_cmake/cmake)
[2.936s] -- Found Python3: /usr/bin/python3 (found version "3.10.12") found components: Interpreter 
[3.294s] -- Found rclcpp: 16.0.9 (/opt/ros/humble/share/rclcpp/cmake)
[3.422s] -- Found rosidl_generator_c: 3.1.5 (/opt/ros/humble/share/rosidl_generator_c/cmake)
[3.438s] -- Found rosidl_adapter: 3.1.5 (/opt/ros/humble/share/rosidl_adapter/cmake)
[3.466s] -- Found rosidl_generator_cpp: 3.1.5 (/opt/ros/humble/share/rosidl_generator_cpp/cmake)
[3.521s] -- Using all available rosidl_typesupport_c: rosidl_typesupport_fastrtps_c;rosidl_typesupport_introspection_c
[3.587s] -- Using all available rosidl_typesupport_cpp: rosidl_typesupport_fastrtps_cpp;rosidl_typesupport_introspection_cpp
[3.820s] -- Found rmw_implementation_cmake: 6.1.2 (/opt/ros/humble/share/rmw_implementation_cmake/cmake)
[3.829s] -- Found rmw_fastrtps_cpp: 6.2.6 (/opt/ros/humble/share/rmw_fastrtps_cpp/cmake)
[4.193s] -- Found OpenSSL: /usr/lib/aarch64-linux-gnu/libcrypto.so (found version "3.0.2")  
[4.264s] -- Found FastRTPS: /opt/ros/humble/include  
[4.375s] -- Using RMW implementation 'rmw_fastrtps_cpp' as default
[4.405s] -- Looking for pthread.h
[4.607s] -- Looking for pthread.h - found
[4.609s] -- Performing Test CMAKE_HAVE_LIBC_PTHREAD
[4.848s] -- Performing Test CMAKE_HAVE_LIBC_PTHREAD - Success
[4.849s] -- Found Threads: TRUE  
[5.412s] -- Found vida_interfaces: 0.0.0 (/home/odroid/Documentos/Plataforma-VIDA/Ros/install/vida_interfaces/share/vida_interfaces/cmake)
[5.473s] [31mCMake Error at CMakeLists.txt:13 (find_package):
[5.474s]   find_package called with invalid argument "wiringPi"
[5.474s] 
[5.475s] [0m
[5.475s] [31mCMake Error at CMakeLists.txt:14 (find_package):
[5.476s]   find_package called with invalid argument "wiringPiDev"
[5.476s] 
[5.476s] [0m
[5.476s] -- Configuring incomplete, errors occurred!
[5.477s] See also "/home/odroid/Documentos/Plataforma-VIDA/Ros/build/control_pkg/CMakeFiles/CMakeOutput.log".
[5.477s] [31mCMake Error at /opt/ros/humble/share/ament_cmake_target_dependencies/cmake/ament_target_dependencies.cmake:77 (message):
[5.477s]   ament_target_dependencies() the passed package name 'wiringPi' was not
[5.478s]   found before
[5.478s] Call Stack (most recent call first):
[5.478s]   CMakeLists.txt:17 (ament_target_dependencies)
[5.478s] 
[5.479s] [0m
[5.504s] Invoked command in '/home/odroid/Documentos/Plataforma-VIDA/Ros/build/control_pkg' returned '1': CMAKE_PREFIX_PATH=${CMAKE_PREFIX_PATH}:/opt/ros/humble /usr/bin/cmake /home/odroid/Documentos/Plataforma-VIDA/Ros/src/control_pkg -DCMAKE_INSTALL_PREFIX=/home/odroid/Documentos/Plataforma-VIDA/Ros/install/control_pkg
