[0.089s] Invoking command in '/home/odroid/Documentos/Plataforma-VIDA/Ros/build/vida_interfaces': CMAKE_PREFIX_PATH=${CMAKE_PREFIX_PATH}:/opt/ros/humble /usr/bin/cmake --build /home/odroid/Documentos/Plataforma-VIDA/Ros/build/vida_interfaces -- -j6 -l6
[0.202s] -- Found ament_cmake: 1.3.9 (/opt/ros/humble/share/ament_cmake/cmake)
[0.711s] -- Found rosidl_default_generators: 1.2.0 (/opt/ros/humble/share/rosidl_default_generators/cmake)
[0.723s] -- Using all available rosidl_typesupport_c: rosidl_typesupport_fastrtps_c;rosidl_typesupport_introspection_c
[0.738s] -- Found rosidl_adapter: 3.1.5 (/opt/ros/humble/share/rosidl_adapter/cmake)
[0.843s] -- Using all available rosidl_typesupport_cpp: rosidl_typesupport_fastrtps_cpp;rosidl_typesupport_introspection_cpp
[1.335s] -- Configuring incomplete, errors occurred!
[1.335s] See also "/home/odroid/Documentos/Plataforma-VIDA/Ros/build/vida_interfaces/CMakeFiles/CMakeOutput.log".
[1.336s] [31mCMake Error at /opt/ros/humble/share/rosidl_adapter/cmake/rosidl_adapt_interfaces.cmake:59 (message):
[1.348s]   execute_process(/usr/bin/python3 -m rosidl_adapter --package-name
[1.349s]   vida_interfaces --arguments-file
[1.350s]   /home/odroid/Documentos/Plataforma-VIDA/Ros/build/vida_interfaces/rosidl_adapter__arguments__vida_interfaces.json
[1.353s]   --output-dir
[1.354s]   /home/odroid/Documentos/Plataforma-VIDA/Ros/build/vida_interfaces/rosidl_adapter/vida_interfaces
[1.355s]   --output-file
[1.356s]   /home/odroid/Documentos/Plataforma-VIDA/Ros/build/vida_interfaces/rosidl_adapter/vida_interfaces.idls)
[1.358s]   returned error code 1:
[1.360s] 
[1.361s]   Error processing 'int64 leftPulses' of 'vida_interfaces/SensorDatas':
[1.363s]   ''leftPulses' is an invalid field name.  It should have the pattern
[1.363s]   '^(?!.*__)(?!.*_$)[a-z][a-z0-9_]*$''
[1.363s] 
[1.363s]   Traceback (most recent call last):
[1.364s] 
[1.364s]     File "/usr/lib/python3.10/runpy.py", line 196, in _run_module_as_main
[1.364s]       return _run_code(code, main_globals, None,
[1.364s]     File "/usr/lib/python3.10/runpy.py", line 86, in _run_code
[1.364s]       exec(code, run_globals)
[1.365s]     File "/opt/ros/humble/local/lib/python3.10/dist-packages/rosidl_adapter/__main__.py", line 19, in <module>
[1.365s]       sys.exit(main())
[1.365s]     File "/opt/ros/humble/local/lib/python3.10/dist-packages/rosidl_adapter/main.py", line 53, in main
[1.365s]       abs_idl_file = convert_to_idl(
[1.366s]     File "/opt/ros/humble/local/lib/python3.10/dist-packages/rosidl_adapter/__init__.py", line 19, in convert_to_idl
[1.366s]       return convert_msg_to_idl(
[1.366s]     File "/opt/ros/humble/local/lib/python3.10/dist-packages/rosidl_adapter/msg/__init__.py", line 28, in convert_msg_to_idl
[1.366s]       msg = parse_message_string(package_name, input_file.stem, content)
[1.367s]     File "/opt/ros/humble/local/lib/python3.10/dist-packages/rosidl_adapter/parser.py", line 519, in parse_message_string
[1.367s]       fields.append(Field(
[1.367s]     File "/opt/ros/humble/local/lib/python3.10/dist-packages/rosidl_adapter/parser.py", line 354, in __init__
[1.367s]       raise NameError(
[1.367s] 
[1.368s]   NameError: 'leftPulses' is an invalid field name.  It should have the
[1.368s]   pattern '^(?!.*__)(?!.*_$)[a-z][a-z0-9_]*$'
[1.368s] 
[1.368s] Call Stack (most recent call first):
[1.368s]   /opt/ros/humble/share/rosidl_cmake/cmake/rosidl_generate_interfaces.cmake:130 (rosidl_adapt_interfaces)
[1.369s]   CMakeLists.txt:17 (rosidl_generate_interfaces)
[1.369s] 
[1.369s] [0m
[1.370s] gmake: *** [Makefile:747: cmake_check_build_system] Erro 1
[1.370s] Invoked command in '/home/odroid/Documentos/Plataforma-VIDA/Ros/build/vida_interfaces' returned '2': CMAKE_PREFIX_PATH=${CMAKE_PREFIX_PATH}:/opt/ros/humble /usr/bin/cmake --build /home/odroid/Documentos/Plataforma-VIDA/Ros/build/vida_interfaces -- -j6 -l6
