[0.080s] Invoking command in '/home/odroid/Documentos/Plataforma-VIDA/Ros/build/vida_interfaces': CMAKE_PREFIX_PATH=${CMAKE_PREFIX_PATH}:/opt/ros/humble /usr/bin/cmake --build /home/odroid/Documentos/Plataforma-VIDA/Ros/build/vida_interfaces -- -j6 -l6
[0.152s] [33mCMake Warning (dev) at CMakeLists.txt:18:
[0.153s]   Syntax Warning in cmake code at column 21
[0.154s] 
[0.156s]   Argument not separated from preceding token by whitespace.
[0.157s] This warning is for project developers.  Use -Wno-dev to suppress it.
[0.159s] [0m
[0.159s] -- Found ament_cmake: 1.3.9 (/opt/ros/humble/share/ament_cmake/cmake)
[0.524s] -- Found rosidl_default_generators: 1.2.0 (/opt/ros/humble/share/rosidl_default_generators/cmake)
[0.532s] -- Using all available rosidl_typesupport_c: rosidl_typesupport_fastrtps_c;rosidl_typesupport_introspection_c
[0.535s] -- Found rosidl_adapter: 3.1.5 (/opt/ros/humble/share/rosidl_adapter/cmake)
[0.613s] -- Using all available rosidl_typesupport_cpp: rosidl_typesupport_fastrtps_cpp;rosidl_typesupport_introspection_cpp
[0.701s] [31mCMake Error at /opt/ros/humble/share/rosidl_cmake/cmake/rosidl_generate_interfaces.cmake:93 (message):
[0.702s]   rosidl_generate_interfaces() the passed file ',' doesn't exist relative to
[0.702s]   the CMAKE_CURRENT_SOURCE_DIR
[0.702s]   '/home/odroid/Documentos/Plataforma-VIDA/Ros/src/vida_interfaces'
[0.703s] Call Stack (most recent call first):
[0.703s]   CMakeLists.txt:17 (rosidl_generate_interfaces)
[0.703s] 
[0.703s] [0m
[0.707s] -- Configuring incomplete, errors occurred!
[0.707s] See also "/home/odroid/Documentos/Plataforma-VIDA/Ros/build/vida_interfaces/CMakeFiles/CMakeOutput.log".
[0.716s] gmake: *** [Makefile:747: cmake_check_build_system] Erro 1
[0.722s] Invoked command in '/home/odroid/Documentos/Plataforma-VIDA/Ros/build/vida_interfaces' returned '2': CMAKE_PREFIX_PATH=${CMAKE_PREFIX_PATH}:/opt/ros/humble /usr/bin/cmake --build /home/odroid/Documentos/Plataforma-VIDA/Ros/build/vida_interfaces -- -j6 -l6
