[0.163s] Invoking command in '/home/odroid/Documentos/Plataforma-VIDA/Ros/build/control_pkg': CMAKE_PREFIX_PATH=${CMAKE_PREFIX_PATH}:/opt/ros/humble /usr/bin/cmake /home/odroid/Documentos/Plataforma-VIDA/Ros/src/control_pkg -DCMAKE_INSTALL_PREFIX=/home/odroid/Documentos/Plataforma-VIDA/Ros/install/control_pkg
[0.221s] -- Found ament_cmake: 1.3.9 (/opt/ros/humble/share/ament_cmake/cmake)
[0.631s] -- Found rclcpp: 16.0.9 (/opt/ros/humble/share/rclcpp/cmake)
[0.707s] -- Found rosidl_generator_c: 3.1.5 (/opt/ros/humble/share/rosidl_generator_c/cmake)
[0.714s] -- Found rosidl_adapter: 3.1.5 (/opt/ros/humble/share/rosidl_adapter/cmake)
[0.730s] -- Found rosidl_generator_cpp: 3.1.5 (/opt/ros/humble/share/rosidl_generator_cpp/cmake)
[0.764s] -- Using all available rosidl_typesupport_c: rosidl_typesupport_fastrtps_c;rosidl_typesupport_introspection_c
[0.814s] -- Using all available rosidl_typesupport_cpp: rosidl_typesupport_fastrtps_cpp;rosidl_typesupport_introspection_cpp
[0.993s] -- Found rmw_implementation_cmake: 6.1.2 (/opt/ros/humble/share/rmw_implementation_cmake/cmake)
[0.997s] -- Found rmw_fastrtps_cpp: 6.2.6 (/opt/ros/humble/share/rmw_fastrtps_cpp/cmake)
[1.298s] -- Using RMW implementation 'rmw_fastrtps_cpp' as default
[1.796s] -- Found vida_interfaces: 0.0.0 (/home/odroid/Documentos/Plataforma-VIDA/Ros/install/vida_interfaces/share/vida_interfaces/cmake)
[1.851s] [31mCMake Error at /opt/ros/humble/share/ament_cmake_target_dependencies/cmake/ament_target_dependencies.cmake:77 (message):
[1.852s]   ament_target_dependencies() the passed package name 'wiringPi' was not
[1.852s]   found before
[1.852s] Call Stack (most recent call first):
[1.853s]   CMakeLists.txt:17 (ament_target_dependencies)
[1.853s] 
[1.853s] [0m
[1.855s] -- Configuring incomplete, errors occurred!
[1.856s] See also "/home/odroid/Documentos/Plataforma-VIDA/Ros/build/control_pkg/CMakeFiles/CMakeOutput.log".
[1.877s] Invoked command in '/home/odroid/Documentos/Plataforma-VIDA/Ros/build/control_pkg' returned '1': CMAKE_PREFIX_PATH=${CMAKE_PREFIX_PATH}:/opt/ros/humble /usr/bin/cmake /home/odroid/Documentos/Plataforma-VIDA/Ros/src/control_pkg -DCMAKE_INSTALL_PREFIX=/home/odroid/Documentos/Plataforma-VIDA/Ros/install/control_pkg
