[0.083s] Invoking command in '/home/odroid/Documentos/Plataforma-VIDA/Ros/build/control_pkg': CMAKE_PREFIX_PATH=${CMAKE_PREFIX_PATH}:/opt/ros/humble /usr/bin/cmake /home/odroid/Documentos/Plataforma-VIDA/Ros/src/control_pkg -DCMAKE_INSTALL_PREFIX=/home/odroid/Documentos/Plataforma-VIDA/Ros/install/control_pkg
[0.117s] -- Found ament_cmake: 1.3.9 (/opt/ros/humble/share/ament_cmake/cmake)
[0.571s] -- Found rclcpp: 16.0.9 (/opt/ros/humble/share/rclcpp/cmake)
[0.648s] -- Found rosidl_generator_c: 3.1.5 (/opt/ros/humble/share/rosidl_generator_c/cmake)
[0.656s] -- Found rosidl_adapter: 3.1.5 (/opt/ros/humble/share/rosidl_adapter/cmake)
[0.673s] -- Found rosidl_generator_cpp: 3.1.5 (/opt/ros/humble/share/rosidl_generator_cpp/cmake)
[0.705s] -- Using all available rosidl_typesupport_c: rosidl_typesupport_fastrtps_c;rosidl_typesupport_introspection_c
[0.754s] -- Using all available rosidl_typesupport_cpp: rosidl_typesupport_fastrtps_cpp;rosidl_typesupport_introspection_cpp
[0.928s] -- Found rmw_implementation_cmake: 6.1.2 (/opt/ros/humble/share/rmw_implementation_cmake/cmake)
[0.935s] -- Found rmw_fastrtps_cpp: 6.2.6 (/opt/ros/humble/share/rmw_fastrtps_cpp/cmake)
[1.221s] -- Using RMW implementation 'rmw_fastrtps_cpp' as default
[1.717s] -- Found vida_interfaces: 0.0.0 (/home/odroid/Documentos/Plataforma-VIDA/Ros/install/vida_interfaces/share/vida_interfaces/cmake)
[2.013s] -- Configuring done
[2.019s] [31mCMake Error at CMakeLists.txt:16 (add_executable):
[2.019s]   Cannot find source file:
[2.020s] 
[2.020s]     ../../../../Threads/src/Utils/Serial/Serial.h
[2.020s] 
[2.020s]   Tried extensions .c .C .c++ .cc .cpp .cxx .cu .mpp .m .M .mm .ixx .cppm .h
[2.021s]   .hh .h++ .hm .hpp .hxx .in .txx .f .F .for .f77 .f90 .f95 .f03 .hip .ispc
[2.021s] 
[2.021s] [0m
[2.022s] [31mCMake Error at CMakeLists.txt:16 (add_executable):
[2.022s]   No SOURCES given to target: control
[2.022s] 
[2.023s] [0m
[2.023s] [0mCMake Generate step failed.  Build files cannot be regenerated correctly.[0m
[2.046s] Invoked command in '/home/odroid/Documentos/Plataforma-VIDA/Ros/build/control_pkg' returned '1': CMAKE_PREFIX_PATH=${CMAKE_PREFIX_PATH}:/opt/ros/humble /usr/bin/cmake /home/odroid/Documentos/Plataforma-VIDA/Ros/src/control_pkg -DCMAKE_INSTALL_PREFIX=/home/odroid/Documentos/Plataforma-VIDA/Ros/install/control_pkg
