Performing C++ SOURCE FILE Test CMAKE_HAVE_LIBC_PTHREAD failed with the following output:
Change Dir: /home/lmt/Documentos/Plataforma-VIDA/build/CMakeFiles/CMakeTmp

Run Build Command(s):/usr/bin/make -f Makefile cmTC_40dba/fast && /usr/bin/make  -f CMakeFiles/cmTC_40dba.dir/build.make CMakeFiles/cmTC_40dba.dir/build
make[1]: Entrando no diretório '/home/lmt/Documentos/Plataforma-VIDA/build/CMakeFiles/CMakeTmp'
Building CXX object CMakeFiles/cmTC_40dba.dir/src.cxx.o
/usr/bin/c++ -DCMAKE_HAVE_LIBC_PTHREAD   -o CMakeFiles/cmTC_40dba.dir/src.cxx.o -c /home/lmt/Documentos/Plataforma-VIDA/build/CMakeFiles/CMakeTmp/src.cxx
Linking CXX executable cmTC_40dba
/snap/cmake/1088/bin/cmake -E cmake_link_script CMakeFiles/cmTC_40dba.dir/link.txt --verbose=1
/usr/bin/c++ CMakeFiles/cmTC_40dba.dir/src.cxx.o -o cmTC_40dba 
/usr/bin/ld: CMakeFiles/cmTC_40dba.dir/src.cxx.o: na função "main":
src.cxx:(.text+0x46): referência não definida para "pthread_create"
/usr/bin/ld: src.cxx:(.text+0x52): referência não definida para "pthread_detach"
/usr/bin/ld: src.cxx:(.text+0x5e): referência não definida para "pthread_cancel"
/usr/bin/ld: src.cxx:(.text+0x6f): referência não definida para "pthread_join"
collect2: error: ld returned 1 exit status
make[1]: *** [CMakeFiles/cmTC_40dba.dir/build.make:99: cmTC_40dba] Erro 1
make[1]: Saindo do diretório '/home/lmt/Documentos/Plataforma-VIDA/build/CMakeFiles/CMakeTmp'
make: *** [Makefile:127: cmTC_40dba/fast] Erro 2


Source file was:
#include <pthread.h>

static void* test_func(void* data)
{
  return data;
}

int main(void)
{
  pthread_t thread;
  pthread_create(&thread, NULL, test_func, NULL);
  pthread_detach(thread);
  pthread_cancel(thread);
  pthread_join(thread, NULL);
  pthread_atfork(NULL, NULL, NULL);
  pthread_exit(NULL);

  return 0;
}

Determining if the function pthread_create exists in the pthreads failed with the following output:
Change Dir: /home/lmt/Documentos/Plataforma-VIDA/build/CMakeFiles/CMakeTmp

Run Build Command(s):/usr/bin/make -f Makefile cmTC_cf571/fast && /usr/bin/make  -f CMakeFiles/cmTC_cf571.dir/build.make CMakeFiles/cmTC_cf571.dir/build
make[1]: Entrando no diretório '/home/lmt/Documentos/Plataforma-VIDA/build/CMakeFiles/CMakeTmp'
Building CXX object CMakeFiles/cmTC_cf571.dir/CheckFunctionExists.cxx.o
/usr/bin/c++   -DCHECK_FUNCTION_EXISTS=pthread_create -o CMakeFiles/cmTC_cf571.dir/CheckFunctionExists.cxx.o -c /home/lmt/Documentos/Plataforma-VIDA/build/CMakeFiles/CheckLibraryExists/CheckFunctionExists.cxx
Linking CXX executable cmTC_cf571
/snap/cmake/1088/bin/cmake -E cmake_link_script CMakeFiles/cmTC_cf571.dir/link.txt --verbose=1
/usr/bin/c++  -DCHECK_FUNCTION_EXISTS=pthread_create CMakeFiles/cmTC_cf571.dir/CheckFunctionExists.cxx.o -o cmTC_cf571  -lpthreads 
/usr/bin/ld: não foi possível localizar -lpthreads
collect2: error: ld returned 1 exit status
make[1]: *** [CMakeFiles/cmTC_cf571.dir/build.make:99: cmTC_cf571] Erro 1
make[1]: Saindo do diretório '/home/lmt/Documentos/Plataforma-VIDA/build/CMakeFiles/CMakeTmp'
make: *** [Makefile:127: cmTC_cf571/fast] Erro 2



