[0.088s] Invoking command in '/home/odroid/Documentos/Plataforma-VIDA/Ros/build/vida_interfaces': CMAKE_PREFIX_PATH=${CMAKE_PREFIX_PATH}:/opt/ros/humble /usr/bin/cmake --build /home/odroid/Documentos/Plataforma-VIDA/Ros/build/vida_interfaces -- -j6 -l6
[0.312s] [  2%] Built target vida_interfaces__cpp
[0.332s] [ 12%] Built target vida_interfaces__rosidl_generator_c
[0.356s] [ 12%] Built target ament_cmake_python_copy_vida_interfaces
[0.438s] [ 23%] Built target vida_interfaces__rosidl_typesupport_fastrtps_c
[0.443s] [ 33%] Built target vida_interfaces__rosidl_typesupport_fastrtps_cpp
[0.448s] [ 43%] Built target vida_interfaces__rosidl_typesupport_introspection_cpp
[0.455s] [ 53%] Built target vida_interfaces__rosidl_typesupport_cpp
[0.468s] [ 64%] Built target vida_interfaces__rosidl_typesupport_introspection_c
[0.479s] [ 74%] Built target vida_interfaces__rosidl_typesupport_c
[0.555s] [ 74%] Built target vida_interfaces
[0.637s] [ 76%] Built target vida_interfaces__py
[0.746s] [ 84%] Built target vida_interfaces__rosidl_generator_py
[0.868s] [ 89%] Built target vida_interfaces__rosidl_typesupport_fastrtps_c__pyext
[0.872s] [ 94%] Built target vida_interfaces__rosidl_typesupport_introspection_c__pyext
[0.873s] [100%] Built target vida_interfaces__rosidl_typesupport_c__pyext
[1.623s] running egg_info
[1.627s] writing vida_interfaces.egg-info/PKG-INFO
[1.628s] writing dependency_links to vida_interfaces.egg-info/dependency_links.txt
[1.629s] writing top-level names to vida_interfaces.egg-info/top_level.txt
[1.641s] reading manifest file 'vida_interfaces.egg-info/SOURCES.txt'
[1.644s] writing manifest file 'vida_interfaces.egg-info/SOURCES.txt'
[1.811s] [100%] Built target ament_cmake_python_build_vida_interfaces_egg
[1.838s] Invoked command in '/home/odroid/Documentos/Plataforma-VIDA/Ros/build/vida_interfaces' returned '0': CMAKE_PREFIX_PATH=${CMAKE_PREFIX_PATH}:/opt/ros/humble /usr/bin/cmake --build /home/odroid/Documentos/Plataforma-VIDA/Ros/build/vida_interfaces -- -j6 -l6
[2.113s] Invoking command in '/home/odroid/Documentos/Plataforma-VIDA/Ros/build/vida_interfaces': CMAKE_PREFIX_PATH=${CMAKE_PREFIX_PATH}:/opt/ros/humble /usr/bin/cmake --install /home/odroid/Documentos/Plataforma-VIDA/Ros/build/vida_interfaces
[2.140s] -- Install configuration: ""
[2.146s] -- Up-to-date: /home/odroid/Documentos/Plataforma-VIDA/Ros/install/vida_interfaces/share/ament_index/resource_index/rosidl_interfaces/vida_interfaces
[2.147s] -- Up-to-date: /home/odroid/Documentos/Plataforma-VIDA/Ros/install/vida_interfaces/include/vida_interfaces/vida_interfaces
[2.148s] -- Up-to-date: /home/odroid/Documentos/Plataforma-VIDA/Ros/install/vida_interfaces/include/vida_interfaces/vida_interfaces/msg
[2.149s] -- Up-to-date: /home/odroid/Documentos/Plataforma-VIDA/Ros/install/vida_interfaces/include/vida_interfaces/vida_interfaces/msg/rosidl_generator_c__visibility_control.h
[2.150s] -- Up-to-date: /home/odroid/Documentos/Plataforma-VIDA/Ros/install/vida_interfaces/include/vida_interfaces/vida_interfaces/msg/controls.h
[2.162s] -- Up-to-date: /home/odroid/Documentos/Plataforma-VIDA/Ros/install/vida_interfaces/include/vida_interfaces/vida_interfaces/msg/detail
[2.163s] -- Up-to-date: /home/odroid/Documentos/Plataforma-VIDA/Ros/install/vida_interfaces/include/vida_interfaces/vida_interfaces/msg/detail/sensor_datas__functions.c
[2.168s] -- Up-to-date: /home/odroid/Documentos/Plataforma-VIDA/Ros/install/vida_interfaces/include/vida_interfaces/vida_interfaces/msg/detail/sensor_datas__type_support.h
[2.169s] -- Up-to-date: /home/odroid/Documentos/Plataforma-VIDA/Ros/install/vida_interfaces/include/vida_interfaces/vida_interfaces/msg/detail/sensor_datas__functions.h
[2.169s] -- Up-to-date: /home/odroid/Documentos/Plataforma-VIDA/Ros/install/vida_interfaces/include/vida_interfaces/vida_interfaces/msg/detail/controls__functions.h
[2.170s] -- Up-to-date: /home/odroid/Documentos/Plataforma-VIDA/Ros/install/vida_interfaces/include/vida_interfaces/vida_interfaces/msg/detail/controls__type_support.h
[2.171s] -- Up-to-date: /home/odroid/Documentos/Plataforma-VIDA/Ros/install/vida_interfaces/include/vida_interfaces/vida_interfaces/msg/detail/controls__struct.h
[2.172s] -- Up-to-date: /home/odroid/Documentos/Plataforma-VIDA/Ros/install/vida_interfaces/include/vida_interfaces/vida_interfaces/msg/detail/controls__functions.c
[2.173s] -- Up-to-date: /home/odroid/Documentos/Plataforma-VIDA/Ros/install/vida_interfaces/include/vida_interfaces/vida_interfaces/msg/detail/sensor_datas__struct.h
[2.174s] -- Up-to-date: /home/odroid/Documentos/Plataforma-VIDA/Ros/install/vida_interfaces/include/vida_interfaces/vida_interfaces/msg/sensor_datas.h
[2.175s] -- Up-to-date: /home/odroid/Documentos/Plataforma-VIDA/Ros/install/vida_interfaces/share/vida_interfaces/environment/library_path.sh
[2.179s] -- Up-to-date: /home/odroid/Documentos/Plataforma-VIDA/Ros/install/vida_interfaces/share/vida_interfaces/environment/library_path.dsv
[2.180s] -- Up-to-date: /home/odroid/Documentos/Plataforma-VIDA/Ros/install/vida_interfaces/lib/libvida_interfaces__rosidl_generator_c.so
[2.181s] -- Up-to-date: /home/odroid/Documentos/Plataforma-VIDA/Ros/install/vida_interfaces/include/vida_interfaces/vida_interfaces
[2.182s] -- Up-to-date: /home/odroid/Documentos/Plataforma-VIDA/Ros/install/vida_interfaces/include/vida_interfaces/vida_interfaces/msg
[2.183s] -- Up-to-date: /home/odroid/Documentos/Plataforma-VIDA/Ros/install/vida_interfaces/include/vida_interfaces/vida_interfaces/msg/detail
[2.184s] -- Up-to-date: /home/odroid/Documentos/Plataforma-VIDA/Ros/install/vida_interfaces/include/vida_interfaces/vida_interfaces/msg/detail/sensor_datas__rosidl_typesupport_fastrtps_c.h
[2.185s] -- Up-to-date: /home/odroid/Documentos/Plataforma-VIDA/Ros/install/vida_interfaces/include/vida_interfaces/vida_interfaces/msg/detail/controls__rosidl_typesupport_fastrtps_c.h
[2.186s] -- Up-to-date: /home/odroid/Documentos/Plataforma-VIDA/Ros/install/vida_interfaces/include/vida_interfaces/vida_interfaces/msg/rosidl_typesupport_fastrtps_c__visibility_control.h
[2.187s] -- Up-to-date: /home/odroid/Documentos/Plataforma-VIDA/Ros/install/vida_interfaces/lib/libvida_interfaces__rosidl_typesupport_fastrtps_c.so
[2.187s] -- Up-to-date: /home/odroid/Documentos/Plataforma-VIDA/Ros/install/vida_interfaces/include/vida_interfaces/vida_interfaces
[2.190s] -- Up-to-date: /home/odroid/Documentos/Plataforma-VIDA/Ros/install/vida_interfaces/include/vida_interfaces/vida_interfaces/msg
[2.193s] -- Up-to-date: /home/odroid/Documentos/Plataforma-VIDA/Ros/install/vida_interfaces/include/vida_interfaces/vida_interfaces/msg/rosidl_typesupport_introspection_c__visibility_control.h
[2.194s] -- Up-to-date: /home/odroid/Documentos/Plataforma-VIDA/Ros/install/vida_interfaces/include/vida_interfaces/vida_interfaces/msg/detail
[2.194s] -- Up-to-date: /home/odroid/Documentos/Plataforma-VIDA/Ros/install/vida_interfaces/include/vida_interfaces/vida_interfaces/msg/detail/sensor_datas__rosidl_typesupport_introspection_c.h
[2.195s] -- Up-to-date: /home/odroid/Documentos/Plataforma-VIDA/Ros/install/vida_interfaces/include/vida_interfaces/vida_interfaces/msg/detail/sensor_datas__type_support.c
[2.201s] -- Up-to-date: /home/odroid/Documentos/Plataforma-VIDA/Ros/install/vida_interfaces/include/vida_interfaces/vida_interfaces/msg/detail/controls__type_support.c
[2.202s] -- Up-to-date: /home/odroid/Documentos/Plataforma-VIDA/Ros/install/vida_interfaces/include/vida_interfaces/vida_interfaces/msg/detail/controls__rosidl_typesupport_introspection_c.h
[2.203s] -- Up-to-date: /home/odroid/Documentos/Plataforma-VIDA/Ros/install/vida_interfaces/lib/libvida_interfaces__rosidl_typesupport_introspection_c.so
[2.204s] -- Up-to-date: /home/odroid/Documentos/Plataforma-VIDA/Ros/install/vida_interfaces/lib/libvida_interfaces__rosidl_typesupport_c.so
[2.205s] -- Up-to-date: /home/odroid/Documentos/Plataforma-VIDA/Ros/install/vida_interfaces/include/vida_interfaces/vida_interfaces
[2.206s] -- Up-to-date: /home/odroid/Documentos/Plataforma-VIDA/Ros/install/vida_interfaces/include/vida_interfaces/vida_interfaces/msg
[2.207s] -- Up-to-date: /home/odroid/Documentos/Plataforma-VIDA/Ros/install/vida_interfaces/include/vida_interfaces/vida_interfaces/msg/detail
[2.208s] -- Up-to-date: /home/odroid/Documentos/Plataforma-VIDA/Ros/install/vida_interfaces/include/vida_interfaces/vida_interfaces/msg/detail/controls__struct.hpp
[2.209s] -- Up-to-date: /home/odroid/Documentos/Plataforma-VIDA/Ros/install/vida_interfaces/include/vida_interfaces/vida_interfaces/msg/detail/controls__builder.hpp
[2.210s] -- Up-to-date: /home/odroid/Documentos/Plataforma-VIDA/Ros/install/vida_interfaces/include/vida_interfaces/vida_interfaces/msg/detail/controls__traits.hpp
[2.211s] -- Up-to-date: /home/odroid/Documentos/Plataforma-VIDA/Ros/install/vida_interfaces/include/vida_interfaces/vida_interfaces/msg/detail/sensor_datas__builder.hpp
[2.212s] -- Up-to-date: /home/odroid/Documentos/Plataforma-VIDA/Ros/install/vida_interfaces/include/vida_interfaces/vida_interfaces/msg/detail/sensor_datas__traits.hpp
[2.214s] -- Up-to-date: /home/odroid/Documentos/Plataforma-VIDA/Ros/install/vida_interfaces/include/vida_interfaces/vida_interfaces/msg/detail/sensor_datas__struct.hpp
[2.216s] -- Up-to-date: /home/odroid/Documentos/Plataforma-VIDA/Ros/install/vida_interfaces/include/vida_interfaces/vida_interfaces/msg/sensor_datas.hpp
[2.220s] -- Up-to-date: /home/odroid/Documentos/Plataforma-VIDA/Ros/install/vida_interfaces/include/vida_interfaces/vida_interfaces/msg/controls.hpp
[2.221s] -- Up-to-date: /home/odroid/Documentos/Plataforma-VIDA/Ros/install/vida_interfaces/include/vida_interfaces/vida_interfaces
[2.222s] -- Up-to-date: /home/odroid/Documentos/Plataforma-VIDA/Ros/install/vida_interfaces/include/vida_interfaces/vida_interfaces/msg
[2.223s] -- Up-to-date: /home/odroid/Documentos/Plataforma-VIDA/Ros/install/vida_interfaces/include/vida_interfaces/vida_interfaces/msg/rosidl_typesupport_fastrtps_cpp__visibility_control.h
[2.224s] -- Up-to-date: /home/odroid/Documentos/Plataforma-VIDA/Ros/install/vida_interfaces/include/vida_interfaces/vida_interfaces/msg/detail
[2.225s] -- Up-to-date: /home/odroid/Documentos/Plataforma-VIDA/Ros/install/vida_interfaces/include/vida_interfaces/vida_interfaces/msg/detail/dds_fastrtps
[2.226s] -- Up-to-date: /home/odroid/Documentos/Plataforma-VIDA/Ros/install/vida_interfaces/include/vida_interfaces/vida_interfaces/msg/detail/controls__rosidl_typesupport_fastrtps_cpp.hpp
[2.227s] -- Up-to-date: /home/odroid/Documentos/Plataforma-VIDA/Ros/install/vida_interfaces/include/vida_interfaces/vida_interfaces/msg/detail/sensor_datas__rosidl_typesupport_fastrtps_cpp.hpp
[2.228s] -- Up-to-date: /home/odroid/Documentos/Plataforma-VIDA/Ros/install/vida_interfaces/lib/libvida_interfaces__rosidl_typesupport_fastrtps_cpp.so
[2.232s] -- Up-to-date: /home/odroid/Documentos/Plataforma-VIDA/Ros/install/vida_interfaces/include/vida_interfaces/vida_interfaces
[2.233s] -- Up-to-date: /home/odroid/Documentos/Plataforma-VIDA/Ros/install/vida_interfaces/include/vida_interfaces/vida_interfaces/msg
[2.234s] -- Up-to-date: /home/odroid/Documentos/Plataforma-VIDA/Ros/install/vida_interfaces/include/vida_interfaces/vida_interfaces/msg/detail
[2.237s] -- Up-to-date: /home/odroid/Documentos/Plataforma-VIDA/Ros/install/vida_interfaces/include/vida_interfaces/vida_interfaces/msg/detail/sensor_datas__rosidl_typesupport_introspection_cpp.hpp
[2.238s] -- Up-to-date: /home/odroid/Documentos/Plataforma-VIDA/Ros/install/vida_interfaces/include/vida_interfaces/vida_interfaces/msg/detail/controls__type_support.cpp
[2.239s] -- Up-to-date: /home/odroid/Documentos/Plataforma-VIDA/Ros/install/vida_interfaces/include/vida_interfaces/vida_interfaces/msg/detail/sensor_datas__type_support.cpp
[2.240s] -- Up-to-date: /home/odroid/Documentos/Plataforma-VIDA/Ros/install/vida_interfaces/include/vida_interfaces/vida_interfaces/msg/detail/controls__rosidl_typesupport_introspection_cpp.hpp
[2.241s] -- Up-to-date: /home/odroid/Documentos/Plataforma-VIDA/Ros/install/vida_interfaces/lib/libvida_interfaces__rosidl_typesupport_introspection_cpp.so
[2.242s] -- Up-to-date: /home/odroid/Documentos/Plataforma-VIDA/Ros/install/vida_interfaces/lib/libvida_interfaces__rosidl_typesupport_cpp.so
[2.243s] -- Up-to-date: /home/odroid/Documentos/Plataforma-VIDA/Ros/install/vida_interfaces/share/vida_interfaces/environment/pythonpath.sh
[2.245s] -- Up-to-date: /home/odroid/Documentos/Plataforma-VIDA/Ros/install/vida_interfaces/share/vida_interfaces/environment/pythonpath.dsv
[2.246s] -- Up-to-date: /home/odroid/Documentos/Plataforma-VIDA/Ros/install/vida_interfaces/local/lib/python3.10/dist-packages/vida_interfaces-0.0.0-py3.10.egg-info
[2.247s] -- Installing: /home/odroid/Documentos/Plataforma-VIDA/Ros/install/vida_interfaces/local/lib/python3.10/dist-packages/vida_interfaces-0.0.0-py3.10.egg-info/PKG-INFO
[2.248s] -- Installing: /home/odroid/Documentos/Plataforma-VIDA/Ros/install/vida_interfaces/local/lib/python3.10/dist-packages/vida_interfaces-0.0.0-py3.10.egg-info/top_level.txt
[2.249s] -- Installing: /home/odroid/Documentos/Plataforma-VIDA/Ros/install/vida_interfaces/local/lib/python3.10/dist-packages/vida_interfaces-0.0.0-py3.10.egg-info/dependency_links.txt
[2.250s] -- Installing: /home/odroid/Documentos/Plataforma-VIDA/Ros/install/vida_interfaces/local/lib/python3.10/dist-packages/vida_interfaces-0.0.0-py3.10.egg-info/SOURCES.txt
[2.251s] -- Up-to-date: /home/odroid/Documentos/Plataforma-VIDA/Ros/install/vida_interfaces/local/lib/python3.10/dist-packages/vida_interfaces
[2.252s] -- Up-to-date: /home/odroid/Documentos/Plataforma-VIDA/Ros/install/vida_interfaces/local/lib/python3.10/dist-packages/vida_interfaces/__init__.py
[2.253s] -- Up-to-date: /home/odroid/Documentos/Plataforma-VIDA/Ros/install/vida_interfaces/local/lib/python3.10/dist-packages/vida_interfaces/libvida_interfaces__rosidl_generator_py.so
[2.254s] -- Up-to-date: /home/odroid/Documentos/Plataforma-VIDA/Ros/install/vida_interfaces/local/lib/python3.10/dist-packages/vida_interfaces/_vida_interfaces_s.ep.rosidl_typesupport_fastrtps_c.c
[2.255s] -- Up-to-date: /home/odroid/Documentos/Plataforma-VIDA/Ros/install/vida_interfaces/local/lib/python3.10/dist-packages/vida_interfaces/vida_interfaces_s__rosidl_typesupport_c.cpython-310-aarch64-linux-gnu.so
[2.256s] -- Up-to-date: /home/odroid/Documentos/Plataforma-VIDA/Ros/install/vida_interfaces/local/lib/python3.10/dist-packages/vida_interfaces/_vida_interfaces_s.ep.rosidl_typesupport_c.c
[2.257s] -- Up-to-date: /home/odroid/Documentos/Plataforma-VIDA/Ros/install/vida_interfaces/local/lib/python3.10/dist-packages/vida_interfaces/msg
[2.258s] -- Up-to-date: /home/odroid/Documentos/Plataforma-VIDA/Ros/install/vida_interfaces/local/lib/python3.10/dist-packages/vida_interfaces/msg/_controls.py
[2.259s] -- Up-to-date: /home/odroid/Documentos/Plataforma-VIDA/Ros/install/vida_interfaces/local/lib/python3.10/dist-packages/vida_interfaces/msg/_controls_s.c
[2.260s] -- Up-to-date: /home/odroid/Documentos/Plataforma-VIDA/Ros/install/vida_interfaces/local/lib/python3.10/dist-packages/vida_interfaces/msg/__init__.py
[2.261s] -- Up-to-date: /home/odroid/Documentos/Plataforma-VIDA/Ros/install/vida_interfaces/local/lib/python3.10/dist-packages/vida_interfaces/msg/_sensor_datas_s.c
[2.262s] -- Up-to-date: /home/odroid/Documentos/Plataforma-VIDA/Ros/install/vida_interfaces/local/lib/python3.10/dist-packages/vida_interfaces/msg/_sensor_datas.py
[2.263s] -- Up-to-date: /home/odroid/Documentos/Plataforma-VIDA/Ros/install/vida_interfaces/local/lib/python3.10/dist-packages/vida_interfaces/_vida_interfaces_s.ep.rosidl_typesupport_introspection_c.c
[2.264s] -- Up-to-date: /home/odroid/Documentos/Plataforma-VIDA/Ros/install/vida_interfaces/local/lib/python3.10/dist-packages/vida_interfaces/vida_interfaces_s__rosidl_typesupport_fastrtps_c.cpython-310-aarch64-linux-gnu.so
[2.265s] -- Up-to-date: /home/odroid/Documentos/Plataforma-VIDA/Ros/install/vida_interfaces/local/lib/python3.10/dist-packages/vida_interfaces/vida_interfaces_s__rosidl_typesupport_introspection_c.cpython-310-aarch64-linux-gnu.so
[2.295s] Listing '/home/odroid/Documentos/Plataforma-VIDA/Ros/install/vida_interfaces/local/lib/python3.10/dist-packages/vida_interfaces'...
[2.297s] Listing '/home/odroid/Documentos/Plataforma-VIDA/Ros/install/vida_interfaces/local/lib/python3.10/dist-packages/vida_interfaces/msg'...
[2.338s] -- Up-to-date: /home/odroid/Documentos/Plataforma-VIDA/Ros/install/vida_interfaces/local/lib/python3.10/dist-packages/vida_interfaces/vida_interfaces_s__rosidl_typesupport_fastrtps_c.cpython-310-aarch64-linux-gnu.so
[2.338s] -- Up-to-date: /home/odroid/Documentos/Plataforma-VIDA/Ros/install/vida_interfaces/local/lib/python3.10/dist-packages/vida_interfaces/vida_interfaces_s__rosidl_typesupport_introspection_c.cpython-310-aarch64-linux-gnu.so
[2.341s] -- Up-to-date: /home/odroid/Documentos/Plataforma-VIDA/Ros/install/vida_interfaces/local/lib/python3.10/dist-packages/vida_interfaces/vida_interfaces_s__rosidl_typesupport_c.cpython-310-aarch64-linux-gnu.so
[2.343s] -- Up-to-date: /home/odroid/Documentos/Plataforma-VIDA/Ros/install/vida_interfaces/lib/libvida_interfaces__rosidl_generator_py.so
[2.345s] -- Up-to-date: /home/odroid/Documentos/Plataforma-VIDA/Ros/install/vida_interfaces/share/vida_interfaces/msg/Controls.idl
[2.352s] -- Up-to-date: /home/odroid/Documentos/Plataforma-VIDA/Ros/install/vida_interfaces/share/vida_interfaces/msg/SensorDatas.idl
[2.353s] -- Up-to-date: /home/odroid/Documentos/Plataforma-VIDA/Ros/install/vida_interfaces/share/vida_interfaces/msg/Controls.msg
[2.353s] -- Up-to-date: /home/odroid/Documentos/Plataforma-VIDA/Ros/install/vida_interfaces/share/vida_interfaces/msg/SensorDatas.msg
[2.353s] -- Up-to-date: /home/odroid/Documentos/Plataforma-VIDA/Ros/install/vida_interfaces/share/ament_index/resource_index/package_run_dependencies/vida_interfaces
[2.354s] -- Up-to-date: /home/odroid/Documentos/Plataforma-VIDA/Ros/install/vida_interfaces/share/ament_index/resource_index/parent_prefix_path/vida_interfaces
[2.354s] -- Up-to-date: /home/odroid/Documentos/Plataforma-VIDA/Ros/install/vida_interfaces/share/vida_interfaces/environment/ament_prefix_path.sh
[2.354s] -- Up-to-date: /home/odroid/Documentos/Plataforma-VIDA/Ros/install/vida_interfaces/share/vida_interfaces/environment/ament_prefix_path.dsv
[2.355s] -- Up-to-date: /home/odroid/Documentos/Plataforma-VIDA/Ros/install/vida_interfaces/share/vida_interfaces/environment/path.sh
[2.355s] -- Up-to-date: /home/odroid/Documentos/Plataforma-VIDA/Ros/install/vida_interfaces/share/vida_interfaces/environment/path.dsv
[2.355s] -- Up-to-date: /home/odroid/Documentos/Plataforma-VIDA/Ros/install/vida_interfaces/share/vida_interfaces/local_setup.bash
[2.356s] -- Up-to-date: /home/odroid/Documentos/Plataforma-VIDA/Ros/install/vida_interfaces/share/vida_interfaces/local_setup.sh
[2.356s] -- Up-to-date: /home/odroid/Documentos/Plataforma-VIDA/Ros/install/vida_interfaces/share/vida_interfaces/local_setup.zsh
[2.356s] -- Up-to-date: /home/odroid/Documentos/Plataforma-VIDA/Ros/install/vida_interfaces/share/vida_interfaces/local_setup.dsv
[2.356s] -- Installing: /home/odroid/Documentos/Plataforma-VIDA/Ros/install/vida_interfaces/share/vida_interfaces/package.dsv
[2.357s] -- Up-to-date: /home/odroid/Documentos/Plataforma-VIDA/Ros/install/vida_interfaces/share/ament_index/resource_index/packages/vida_interfaces
[2.357s] -- Up-to-date: /home/odroid/Documentos/Plataforma-VIDA/Ros/install/vida_interfaces/share/vida_interfaces/cmake/export_vida_interfaces__rosidl_generator_cExport.cmake
[2.357s] -- Up-to-date: /home/odroid/Documentos/Plataforma-VIDA/Ros/install/vida_interfaces/share/vida_interfaces/cmake/export_vida_interfaces__rosidl_generator_cExport-noconfig.cmake
[2.358s] -- Up-to-date: /home/odroid/Documentos/Plataforma-VIDA/Ros/install/vida_interfaces/share/vida_interfaces/cmake/export_vida_interfaces__rosidl_typesupport_fastrtps_cExport.cmake
[2.359s] -- Up-to-date: /home/odroid/Documentos/Plataforma-VIDA/Ros/install/vida_interfaces/share/vida_interfaces/cmake/export_vida_interfaces__rosidl_typesupport_fastrtps_cExport-noconfig.cmake
[2.360s] -- Up-to-date: /home/odroid/Documentos/Plataforma-VIDA/Ros/install/vida_interfaces/share/vida_interfaces/cmake/vida_interfaces__rosidl_typesupport_introspection_cExport.cmake
[2.362s] -- Up-to-date: /home/odroid/Documentos/Plataforma-VIDA/Ros/install/vida_interfaces/share/vida_interfaces/cmake/vida_interfaces__rosidl_typesupport_introspection_cExport-noconfig.cmake
[2.363s] -- Up-to-date: /home/odroid/Documentos/Plataforma-VIDA/Ros/install/vida_interfaces/share/vida_interfaces/cmake/vida_interfaces__rosidl_typesupport_cExport.cmake
[2.372s] -- Up-to-date: /home/odroid/Documentos/Plataforma-VIDA/Ros/install/vida_interfaces/share/vida_interfaces/cmake/vida_interfaces__rosidl_typesupport_cExport-noconfig.cmake
[2.374s] -- Up-to-date: /home/odroid/Documentos/Plataforma-VIDA/Ros/install/vida_interfaces/share/vida_interfaces/cmake/export_vida_interfaces__rosidl_generator_cppExport.cmake
[2.375s] -- Up-to-date: /home/odroid/Documentos/Plataforma-VIDA/Ros/install/vida_interfaces/share/vida_interfaces/cmake/export_vida_interfaces__rosidl_typesupport_fastrtps_cppExport.cmake
[2.376s] -- Up-to-date: /home/odroid/Documentos/Plataforma-VIDA/Ros/install/vida_interfaces/share/vida_interfaces/cmake/export_vida_interfaces__rosidl_typesupport_fastrtps_cppExport-noconfig.cmake
[2.377s] -- Up-to-date: /home/odroid/Documentos/Plataforma-VIDA/Ros/install/vida_interfaces/share/vida_interfaces/cmake/vida_interfaces__rosidl_typesupport_introspection_cppExport.cmake
[2.377s] -- Up-to-date: /home/odroid/Documentos/Plataforma-VIDA/Ros/install/vida_interfaces/share/vida_interfaces/cmake/vida_interfaces__rosidl_typesupport_introspection_cppExport-noconfig.cmake
[2.377s] -- Up-to-date: /home/odroid/Documentos/Plataforma-VIDA/Ros/install/vida_interfaces/share/vida_interfaces/cmake/vida_interfaces__rosidl_typesupport_cppExport.cmake
[2.406s] -- Up-to-date: /home/odroid/Documentos/Plataforma-VIDA/Ros/install/vida_interfaces/share/vida_interfaces/cmake/vida_interfaces__rosidl_typesupport_cppExport-noconfig.cmake
[2.409s] -- Up-to-date: /home/odroid/Documentos/Plataforma-VIDA/Ros/install/vida_interfaces/share/vida_interfaces/cmake/export_vida_interfaces__rosidl_generator_pyExport.cmake
[2.410s] -- Up-to-date: /home/odroid/Documentos/Plataforma-VIDA/Ros/install/vida_interfaces/share/vida_interfaces/cmake/export_vida_interfaces__rosidl_generator_pyExport-noconfig.cmake
[2.415s] -- Up-to-date: /home/odroid/Documentos/Plataforma-VIDA/Ros/install/vida_interfaces/share/vida_interfaces/cmake/rosidl_cmake-extras.cmake
[2.424s] -- Up-to-date: /home/odroid/Documentos/Plataforma-VIDA/Ros/install/vida_interfaces/share/vida_interfaces/cmake/ament_cmake_export_include_directories-extras.cmake
[2.427s] -- Up-to-date: /home/odroid/Documentos/Plataforma-VIDA/Ros/install/vida_interfaces/share/vida_interfaces/cmake/ament_cmake_export_libraries-extras.cmake
[2.428s] -- Up-to-date: /home/odroid/Documentos/Plataforma-VIDA/Ros/install/vida_interfaces/share/vida_interfaces/cmake/ament_cmake_export_targets-extras.cmake
[2.428s] -- Up-to-date: /home/odroid/Documentos/Plataforma-VIDA/Ros/install/vida_interfaces/share/vida_interfaces/cmake/rosidl_cmake_export_typesupport_targets-extras.cmake
[2.428s] -- Up-to-date: /home/odroid/Documentos/Plataforma-VIDA/Ros/install/vida_interfaces/share/vida_interfaces/cmake/ament_cmake_export_dependencies-extras.cmake
[2.429s] -- Up-to-date: /home/odroid/Documentos/Plataforma-VIDA/Ros/install/vida_interfaces/share/vida_interfaces/cmake/rosidl_cmake_export_typesupport_libraries-extras.cmake
[2.429s] -- Up-to-date: /home/odroid/Documentos/Plataforma-VIDA/Ros/install/vida_interfaces/share/vida_interfaces/cmake/vida_interfacesConfig.cmake
[2.429s] -- Up-to-date: /home/odroid/Documentos/Plataforma-VIDA/Ros/install/vida_interfaces/share/vida_interfaces/cmake/vida_interfacesConfig-version.cmake
[2.437s] -- Up-to-date: /home/odroid/Documentos/Plataforma-VIDA/Ros/install/vida_interfaces/share/vida_interfaces/package.xml
[2.439s] Invoked command in '/home/odroid/Documentos/Plataforma-VIDA/Ros/build/vida_interfaces' returned '0': CMAKE_PREFIX_PATH=${CMAKE_PREFIX_PATH}:/opt/ros/humble /usr/bin/cmake --install /home/odroid/Documentos/Plataforma-VIDA/Ros/build/vida_interfaces
