[2.169s] DEBUG:colcon:Command line arguments: ['/usr/bin/colcon', 'build', '--packages-select', 'control_pkg']
[2.169s] DEBUG:colcon:Parsed command line arguments: Namespace(log_base=None, log_level=None, verb_name='build', build_base='build', install_base='install', merge_install=False, symlink_install=False, test_result_base=None, continue_on_error=False, executor='parallel', parallel_workers=6, event_handlers=None, ignore_user_meta=False, metas=['./colcon.meta'], base_paths=['.'], packages_ignore=None, packages_ignore_regex=None, paths=None, packages_up_to=None, packages_up_to_regex=None, packages_above=None, packages_above_and_dependencies=None, packages_above_depth=None, packages_select_by_dep=None, packages_skip_by_dep=None, packages_skip_up_to=None, packages_select_build_failed=False, packages_skip_build_finished=False, packages_select_test_failures=False, packages_skip_test_passed=False, packages_select=['control_pkg'], packages_skip=None, packages_select_regex=None, packages_skip_regex=None, packages_start=None, packages_end=None, allow_overriding=[], cmake_args=None, cmake_target=None, cmake_target_skip_unavailable=False, cmake_clean_cache=False, cmake_clean_first=False, cmake_force_configure=False, ament_cmake_args=None, catkin_cmake_args=None, catkin_skip_building_tests=False, mixin_files=None, mixin=None, verb_parser=<colcon_mixin.mixin.mixin_argument.MixinArgumentDecorator object at 0x7f86938670>, verb_extension=<colcon_core.verb.build.BuildVerb object at 0x7f868fad70>, main=<bound method BuildVerb.main of <colcon_core.verb.build.BuildVerb object at 0x7f868fad70>>, mixin_verb=('build',))
[5.625s] Level 1:colcon.colcon_core.package_discovery:discover_packages(colcon_meta) check parameters
[5.625s] Level 1:colcon.colcon_core.package_discovery:discover_packages(recursive) check parameters
[5.626s] Level 1:colcon.colcon_core.package_discovery:discover_packages(ignore) check parameters
[5.626s] Level 1:colcon.colcon_core.package_discovery:discover_packages(path) check parameters
[5.626s] Level 1:colcon.colcon_core.package_discovery:discover_packages(colcon_meta) discover
[5.627s] Level 1:colcon.colcon_core.package_discovery:discover_packages(recursive) discover
[5.627s] INFO:colcon.colcon_core.package_discovery:Crawling recursively for packages in '/home/odroid/Documentos/Plataforma-VIDA/Ros'
[5.627s] Level 1:colcon.colcon_core.package_identification:_identify(.) by extensions ['ignore', 'ignore_ament_install']
[5.628s] Level 1:colcon.colcon_core.package_identification:_identify(.) by extension 'ignore'
[5.628s] Level 1:colcon.colcon_core.package_identification:_identify(.) by extension 'ignore_ament_install'
[5.628s] Level 1:colcon.colcon_core.package_identification:_identify(.) by extensions ['colcon_pkg']
[5.628s] Level 1:colcon.colcon_core.package_identification:_identify(.) by extension 'colcon_pkg'
[5.628s] Level 1:colcon.colcon_core.package_identification:_identify(.) by extensions ['colcon_meta']
[5.628s] Level 1:colcon.colcon_core.package_identification:_identify(.) by extension 'colcon_meta'
[5.629s] Level 1:colcon.colcon_core.package_identification:_identify(.) by extensions ['ros']
[5.629s] Level 1:colcon.colcon_core.package_identification:_identify(.) by extension 'ros'
[5.678s] Level 1:colcon.colcon_core.package_identification:_identify(.) by extensions ['cmake', 'python']
[5.678s] Level 1:colcon.colcon_core.package_identification:_identify(.) by extension 'cmake'
[5.679s] Level 1:colcon.colcon_core.package_identification:_identify(.) by extension 'python'
[5.679s] Level 1:colcon.colcon_core.package_identification:_identify(.) by extensions ['python_setup_py']
[5.679s] Level 1:colcon.colcon_core.package_identification:_identify(.) by extension 'python_setup_py'
[5.680s] Level 1:colcon.colcon_core.package_identification:_identify(build) by extensions ['ignore', 'ignore_ament_install']
[5.680s] Level 1:colcon.colcon_core.package_identification:_identify(build) by extension 'ignore'
[5.681s] Level 1:colcon.colcon_core.package_identification:_identify(build) ignored
[5.682s] Level 1:colcon.colcon_core.package_identification:_identify(install) by extensions ['ignore', 'ignore_ament_install']
[5.683s] Level 1:colcon.colcon_core.package_identification:_identify(install) by extension 'ignore'
[5.684s] Level 1:colcon.colcon_core.package_identification:_identify(install) ignored
[5.685s] Level 1:colcon.colcon_core.package_identification:_identify(log) by extensions ['ignore', 'ignore_ament_install']
[5.685s] Level 1:colcon.colcon_core.package_identification:_identify(log) by extension 'ignore'
[5.686s] Level 1:colcon.colcon_core.package_identification:_identify(log) ignored
[5.686s] Level 1:colcon.colcon_core.package_identification:_identify(src) by extensions ['ignore', 'ignore_ament_install']
[5.687s] Level 1:colcon.colcon_core.package_identification:_identify(src) by extension 'ignore'
[5.687s] Level 1:colcon.colcon_core.package_identification:_identify(src) by extension 'ignore_ament_install'
[5.687s] Level 1:colcon.colcon_core.package_identification:_identify(src) by extensions ['colcon_pkg']
[5.687s] Level 1:colcon.colcon_core.package_identification:_identify(src) by extension 'colcon_pkg'
[5.687s] Level 1:colcon.colcon_core.package_identification:_identify(src) by extensions ['colcon_meta']
[5.688s] Level 1:colcon.colcon_core.package_identification:_identify(src) by extension 'colcon_meta'
[5.688s] Level 1:colcon.colcon_core.package_identification:_identify(src) by extensions ['ros']
[5.688s] Level 1:colcon.colcon_core.package_identification:_identify(src) by extension 'ros'
[5.688s] Level 1:colcon.colcon_core.package_identification:_identify(src) by extensions ['cmake', 'python']
[5.688s] Level 1:colcon.colcon_core.package_identification:_identify(src) by extension 'cmake'
[5.688s] Level 1:colcon.colcon_core.package_identification:_identify(src) by extension 'python'
[5.689s] Level 1:colcon.colcon_core.package_identification:_identify(src) by extensions ['python_setup_py']
[5.689s] Level 1:colcon.colcon_core.package_identification:_identify(src) by extension 'python_setup_py'
[5.689s] Level 1:colcon.colcon_core.package_identification:_identify(src/control_pkg) by extensions ['ignore', 'ignore_ament_install']
[5.689s] Level 1:colcon.colcon_core.package_identification:_identify(src/control_pkg) by extension 'ignore'
[5.690s] Level 1:colcon.colcon_core.package_identification:_identify(src/control_pkg) by extension 'ignore_ament_install'
[5.690s] Level 1:colcon.colcon_core.package_identification:_identify(src/control_pkg) by extensions ['colcon_pkg']
[5.690s] Level 1:colcon.colcon_core.package_identification:_identify(src/control_pkg) by extension 'colcon_pkg'
[5.690s] Level 1:colcon.colcon_core.package_identification:_identify(src/control_pkg) by extensions ['colcon_meta']
[5.690s] Level 1:colcon.colcon_core.package_identification:_identify(src/control_pkg) by extension 'colcon_meta'
[5.690s] Level 1:colcon.colcon_core.package_identification:_identify(src/control_pkg) by extensions ['ros']
[5.691s] Level 1:colcon.colcon_core.package_identification:_identify(src/control_pkg) by extension 'ros'
[5.711s] DEBUG:colcon.colcon_core.package_identification:Package 'src/control_pkg' with type 'ros.ament_cmake' and name 'control_pkg'
[5.711s] Level 1:colcon.colcon_core.package_identification:_identify(src/vida_interfaces) by extensions ['ignore', 'ignore_ament_install']
[5.713s] Level 1:colcon.colcon_core.package_identification:_identify(src/vida_interfaces) by extension 'ignore'
[5.713s] Level 1:colcon.colcon_core.package_identification:_identify(src/vida_interfaces) by extension 'ignore_ament_install'
[5.714s] Level 1:colcon.colcon_core.package_identification:_identify(src/vida_interfaces) by extensions ['colcon_pkg']
[5.714s] Level 1:colcon.colcon_core.package_identification:_identify(src/vida_interfaces) by extension 'colcon_pkg'
[5.714s] Level 1:colcon.colcon_core.package_identification:_identify(src/vida_interfaces) by extensions ['colcon_meta']
[5.715s] Level 1:colcon.colcon_core.package_identification:_identify(src/vida_interfaces) by extension 'colcon_meta'
[5.715s] Level 1:colcon.colcon_core.package_identification:_identify(src/vida_interfaces) by extensions ['ros']
[5.715s] Level 1:colcon.colcon_core.package_identification:_identify(src/vida_interfaces) by extension 'ros'
[5.718s] DEBUG:colcon.colcon_core.package_identification:Package 'src/vida_interfaces' with type 'ros.ament_cmake' and name 'vida_interfaces'
[5.718s] Level 1:colcon.colcon_core.package_discovery:discover_packages(recursive) using defaults
[5.718s] Level 1:colcon.colcon_core.package_discovery:discover_packages(ignore) discover
[5.719s] Level 1:colcon.colcon_core.package_discovery:discover_packages(ignore) using defaults
[5.719s] Level 1:colcon.colcon_core.package_discovery:discover_packages(path) discover
[5.719s] Level 1:colcon.colcon_core.package_discovery:discover_packages(path) using defaults
[5.800s] INFO:colcon.colcon_core.package_selection:Skipping not selected package 'vida_interfaces' in 'src/vida_interfaces'
[5.802s] Level 1:colcon.colcon_core.package_discovery:discover_packages(prefix_path) check parameters
[5.802s] Level 1:colcon.colcon_core.package_discovery:discover_packages(prefix_path) discover
[5.810s] DEBUG:colcon.colcon_installed_package_information.package_discovery:Found 2 installed packages in /home/odroid/Documentos/Plataforma-VIDA/Ros/install
[5.813s] DEBUG:colcon.colcon_installed_package_information.package_discovery:Found 180 installed packages in /opt/ros/humble
[5.817s] Level 1:colcon.colcon_core.package_discovery:discover_packages(prefix_path) using defaults
[5.927s] Level 5:colcon.colcon_core.verb:set package 'control_pkg' build argument 'cmake_args' from command line to 'None'
[5.928s] Level 5:colcon.colcon_core.verb:set package 'control_pkg' build argument 'cmake_target' from command line to 'None'
[5.928s] Level 5:colcon.colcon_core.verb:set package 'control_pkg' build argument 'cmake_target_skip_unavailable' from command line to 'False'
[5.928s] Level 5:colcon.colcon_core.verb:set package 'control_pkg' build argument 'cmake_clean_cache' from command line to 'False'
[5.928s] Level 5:colcon.colcon_core.verb:set package 'control_pkg' build argument 'cmake_clean_first' from command line to 'False'
[5.928s] Level 5:colcon.colcon_core.verb:set package 'control_pkg' build argument 'cmake_force_configure' from command line to 'False'
[5.928s] Level 5:colcon.colcon_core.verb:set package 'control_pkg' build argument 'ament_cmake_args' from command line to 'None'
[5.929s] Level 5:colcon.colcon_core.verb:set package 'control_pkg' build argument 'catkin_cmake_args' from command line to 'None'
[5.929s] Level 5:colcon.colcon_core.verb:set package 'control_pkg' build argument 'catkin_skip_building_tests' from command line to 'False'
[5.929s] DEBUG:colcon.colcon_core.verb:Building package 'control_pkg' with the following arguments: {'ament_cmake_args': None, 'build_base': '/home/odroid/Documentos/Plataforma-VIDA/Ros/build/control_pkg', 'catkin_cmake_args': None, 'catkin_skip_building_tests': False, 'cmake_args': None, 'cmake_clean_cache': False, 'cmake_clean_first': False, 'cmake_force_configure': False, 'cmake_target': None, 'cmake_target_skip_unavailable': False, 'install_base': '/home/odroid/Documentos/Plataforma-VIDA/Ros/install/control_pkg', 'merge_install': False, 'path': '/home/odroid/Documentos/Plataforma-VIDA/Ros/src/control_pkg', 'symlink_install': False, 'test_result_base': None}
[5.930s] INFO:colcon.colcon_core.executor:Executing jobs using 'parallel' executor
[5.934s] DEBUG:colcon.colcon_parallel_executor.executor.parallel:run_until_complete
[5.935s] INFO:colcon.colcon_ros.task.ament_cmake.build:Building ROS package in '/home/odroid/Documentos/Plataforma-VIDA/Ros/src/control_pkg' with build type 'ament_cmake'
[5.936s] INFO:colcon.colcon_cmake.task.cmake.build:Building CMake package in '/home/odroid/Documentos/Plataforma-VIDA/Ros/src/control_pkg'
[5.943s] INFO:colcon.colcon_core.plugin_system:Skipping extension 'colcon_core.shell.bat': Not used on non-Windows systems
[5.944s] INFO:colcon.colcon_core.shell:Skip shell extension 'powershell' for command environment: Not usable outside of PowerShell
[5.944s] DEBUG:colcon.colcon_core.shell:Skip shell extension 'dsv' for command environment
[6.035s] DEBUG:colcon.colcon_core.event_handler.log_command:Invoking command in '/home/odroid/Documentos/Plataforma-VIDA/Ros/build/control_pkg': CMAKE_PREFIX_PATH=/home/odroid/Documentos/Plataforma-VIDA/Ros/install/vida_interfaces:/home/odroid/Documentos/Plataforma-VIDA/Ros/install/control_pkg:/opt/ros/humble /usr/bin/cmake --build /home/odroid/Documentos/Plataforma-VIDA/Ros/build/control_pkg -- -j6 -l6
[7.392s] DEBUG:colcon.colcon_core.event_handler.log_command:Invoked command in '/home/odroid/Documentos/Plataforma-VIDA/Ros/build/control_pkg' returned '2': CMAKE_PREFIX_PATH=/home/odroid/Documentos/Plataforma-VIDA/Ros/install/vida_interfaces:/home/odroid/Documentos/Plataforma-VIDA/Ros/install/control_pkg:/opt/ros/humble /usr/bin/cmake --build /home/odroid/Documentos/Plataforma-VIDA/Ros/build/control_pkg -- -j6 -l6
[7.457s] Level 1:colcon.colcon_core.environment:create_environment_scripts_only(control_pkg)
[7.470s] Level 1:colcon.colcon_core.environment:checking '/home/odroid/Documentos/Plataforma-VIDA/Ros/install/control_pkg' for CMake module files
[7.472s] Level 1:colcon.colcon_core.environment:checking '/home/odroid/Documentos/Plataforma-VIDA/Ros/install/control_pkg' for CMake config files
[7.473s] Level 1:colcon.colcon_core.shell:create_environment_hook('control_pkg', 'cmake_prefix_path')
[7.474s] INFO:colcon.colcon_core.shell:Creating environment hook '/home/odroid/Documentos/Plataforma-VIDA/Ros/install/control_pkg/share/control_pkg/hook/cmake_prefix_path.ps1'
[7.477s] INFO:colcon.colcon_core.shell:Creating environment descriptor '/home/odroid/Documentos/Plataforma-VIDA/Ros/install/control_pkg/share/control_pkg/hook/cmake_prefix_path.dsv'
[7.480s] INFO:colcon.colcon_core.shell:Creating environment hook '/home/odroid/Documentos/Plataforma-VIDA/Ros/install/control_pkg/share/control_pkg/hook/cmake_prefix_path.sh'
[7.484s] Level 1:colcon.colcon_core.environment:checking '/home/odroid/Documentos/Plataforma-VIDA/Ros/install/control_pkg/lib'
[7.486s] Level 1:colcon.colcon_core.environment:checking '/home/odroid/Documentos/Plataforma-VIDA/Ros/install/control_pkg/bin'
[7.486s] Level 1:colcon.colcon_core.environment:checking '/home/odroid/Documentos/Plataforma-VIDA/Ros/install/control_pkg/lib/pkgconfig/control_pkg.pc'
[7.487s] Level 1:colcon.colcon_core.environment:checking '/home/odroid/Documentos/Plataforma-VIDA/Ros/install/control_pkg/lib/python3.10/site-packages'
[7.489s] Level 1:colcon.colcon_core.environment:checking '/home/odroid/Documentos/Plataforma-VIDA/Ros/install/control_pkg/bin'
[7.491s] INFO:colcon.colcon_core.shell:Creating package script '/home/odroid/Documentos/Plataforma-VIDA/Ros/install/control_pkg/share/control_pkg/package.ps1'
[7.495s] INFO:colcon.colcon_core.shell:Creating package descriptor '/home/odroid/Documentos/Plataforma-VIDA/Ros/install/control_pkg/share/control_pkg/package.dsv'
[7.499s] INFO:colcon.colcon_core.shell:Creating package script '/home/odroid/Documentos/Plataforma-VIDA/Ros/install/control_pkg/share/control_pkg/package.sh'
[7.502s] INFO:colcon.colcon_core.shell:Creating package script '/home/odroid/Documentos/Plataforma-VIDA/Ros/install/control_pkg/share/control_pkg/package.bash'
[7.505s] INFO:colcon.colcon_core.shell:Creating package script '/home/odroid/Documentos/Plataforma-VIDA/Ros/install/control_pkg/share/control_pkg/package.zsh'
[7.509s] Level 1:colcon.colcon_core.environment:create_file_with_runtime_dependencies(/home/odroid/Documentos/Plataforma-VIDA/Ros/install/control_pkg/share/colcon-core/packages/control_pkg)
[7.520s] DEBUG:colcon.colcon_parallel_executor.executor.parallel:closing loop
[7.521s] DEBUG:colcon.colcon_parallel_executor.executor.parallel:loop closed
[7.521s] DEBUG:colcon.colcon_parallel_executor.executor.parallel:run_until_complete finished with '2'
[7.521s] DEBUG:colcon.colcon_core.event_reactor:joining thread
[7.543s] INFO:colcon.colcon_core.plugin_system:Skipping extension 'colcon_notification.desktop_notification.terminal_notifier': Not used on non-Darwin systems
[7.543s] INFO:colcon.colcon_core.plugin_system:Skipping extension 'colcon_notification.desktop_notification.win32': Not used on non-Windows systems
[7.544s] INFO:colcon.colcon_notification.desktop_notification:Sending desktop notification using 'notify2'
[7.591s] DEBUG:colcon.colcon_core.event_reactor:joined thread
[7.593s] INFO:colcon.colcon_core.shell:Creating prefix script '/home/odroid/Documentos/Plataforma-VIDA/Ros/install/local_setup.ps1'
[7.598s] INFO:colcon.colcon_core.shell:Creating prefix util module '/home/odroid/Documentos/Plataforma-VIDA/Ros/install/_local_setup_util_ps1.py'
[7.605s] INFO:colcon.colcon_core.shell:Creating prefix chain script '/home/odroid/Documentos/Plataforma-VIDA/Ros/install/setup.ps1'
[7.609s] INFO:colcon.colcon_core.shell:Creating prefix script '/home/odroid/Documentos/Plataforma-VIDA/Ros/install/local_setup.sh'
[7.612s] INFO:colcon.colcon_core.shell:Creating prefix util module '/home/odroid/Documentos/Plataforma-VIDA/Ros/install/_local_setup_util_sh.py'
[7.615s] INFO:colcon.colcon_core.shell:Creating prefix chain script '/home/odroid/Documentos/Plataforma-VIDA/Ros/install/setup.sh'
[7.619s] INFO:colcon.colcon_core.shell:Creating prefix script '/home/odroid/Documentos/Plataforma-VIDA/Ros/install/local_setup.bash'
[7.622s] INFO:colcon.colcon_core.shell:Creating prefix chain script '/home/odroid/Documentos/Plataforma-VIDA/Ros/install/setup.bash'
[7.626s] INFO:colcon.colcon_core.shell:Creating prefix script '/home/odroid/Documentos/Plataforma-VIDA/Ros/install/local_setup.zsh'
[7.628s] INFO:colcon.colcon_core.shell:Creating prefix chain script '/home/odroid/Documentos/Plataforma-VIDA/Ros/install/setup.zsh'
