[0.100s] Invoking command in '/home/odroid/Documentos/Plataforma-VIDA/Ros/build/vida_interfaces': CMAKE_PREFIX_PATH=${CMAKE_PREFIX_PATH}:/opt/ros/humble /usr/bin/cmake --build /home/odroid/Documentos/Plataforma-VIDA/Ros/build/vida_interfaces -- -j6 -l6
[0.329s] [  2%] Built target vida_interfaces__cpp
[0.365s] [ 12%] Built target vida_interfaces__rosidl_generator_c
[0.373s] [ 12%] Built target ament_cmake_python_copy_vida_interfaces
[0.470s] [ 23%] Built target vida_interfaces__rosidl_typesupport_introspection_cpp
[0.472s] [ 33%] Built target vida_interfaces__rosidl_typesupport_cpp
[0.479s] [ 43%] Built target vida_interfaces__rosidl_typesupport_fastrtps_cpp
[0.497s] [ 53%] Built target vida_interfaces__rosidl_typesupport_introspection_c
[0.506s] [ 64%] Built target vida_interfaces__rosidl_typesupport_fastrtps_c
[0.530s] [ 74%] Built target vida_interfaces__rosidl_typesupport_c
[0.611s] [ 74%] Built target vida_interfaces
[0.700s] [ 76%] Built target vida_interfaces__py
[0.809s] [ 84%] Built target vida_interfaces__rosidl_generator_py
[0.937s] [ 89%] Built target vida_interfaces__rosidl_typesupport_c__pyext
[0.943s] [ 94%] Built target vida_interfaces__rosidl_typesupport_fastrtps_c__pyext
[0.955s] [100%] Built target vida_interfaces__rosidl_typesupport_introspection_c__pyext
[1.662s] running egg_info
[1.669s] writing vida_interfaces.egg-info/PKG-INFO
[1.673s] writing dependency_links to vida_interfaces.egg-info/dependency_links.txt
[1.673s] writing top-level names to vida_interfaces.egg-info/top_level.txt
[1.682s] reading manifest file 'vida_interfaces.egg-info/SOURCES.txt'
[1.684s] writing manifest file 'vida_interfaces.egg-info/SOURCES.txt'
[1.822s] [100%] Built target ament_cmake_python_build_vida_interfaces_egg
[1.861s] Invoked command in '/home/odroid/Documentos/Plataforma-VIDA/Ros/build/vida_interfaces' returned '0': CMAKE_PREFIX_PATH=${CMAKE_PREFIX_PATH}:/opt/ros/humble /usr/bin/cmake --build /home/odroid/Documentos/Plataforma-VIDA/Ros/build/vida_interfaces -- -j6 -l6
[2.130s] Invoking command in '/home/odroid/Documentos/Plataforma-VIDA/Ros/build/vida_interfaces': CMAKE_PREFIX_PATH=${CMAKE_PREFIX_PATH}:/opt/ros/humble /usr/bin/cmake --install /home/odroid/Documentos/Plataforma-VIDA/Ros/build/vida_interfaces
[2.160s] -- Install configuration: ""
[2.160s] -- Up-to-date: /home/odroid/Documentos/Plataforma-VIDA/Ros/install/vida_interfaces/share/ament_index/resource_index/rosidl_interfaces/vida_interfaces
[2.162s] -- Up-to-date: /home/odroid/Documentos/Plataforma-VIDA/Ros/install/vida_interfaces/include/vida_interfaces/vida_interfaces
[2.162s] -- Up-to-date: /home/odroid/Documentos/Plataforma-VIDA/Ros/install/vida_interfaces/include/vida_interfaces/vida_interfaces/msg
[2.167s] -- Up-to-date: /home/odroid/Documentos/Plataforma-VIDA/Ros/install/vida_interfaces/include/vida_interfaces/vida_interfaces/msg/rosidl_generator_c__visibility_control.h
[2.168s] -- Up-to-date: /home/odroid/Documentos/Plataforma-VIDA/Ros/install/vida_interfaces/include/vida_interfaces/vida_interfaces/msg/controls.h
[2.169s] -- Up-to-date: /home/odroid/Documentos/Plataforma-VIDA/Ros/install/vida_interfaces/include/vida_interfaces/vida_interfaces/msg/detail
[2.170s] -- Up-to-date: /home/odroid/Documentos/Plataforma-VIDA/Ros/install/vida_interfaces/include/vida_interfaces/vida_interfaces/msg/detail/sensor_datas__functions.c
[2.171s] -- Up-to-date: /home/odroid/Documentos/Plataforma-VIDA/Ros/install/vida_interfaces/include/vida_interfaces/vida_interfaces/msg/detail/sensor_datas__type_support.h
[2.174s] -- Up-to-date: /home/odroid/Documentos/Plataforma-VIDA/Ros/install/vida_interfaces/include/vida_interfaces/vida_interfaces/msg/detail/sensor_datas__functions.h
[2.176s] -- Up-to-date: /home/odroid/Documentos/Plataforma-VIDA/Ros/install/vida_interfaces/include/vida_interfaces/vida_interfaces/msg/detail/controls__functions.h
[2.177s] -- Up-to-date: /home/odroid/Documentos/Plataforma-VIDA/Ros/install/vida_interfaces/include/vida_interfaces/vida_interfaces/msg/detail/controls__type_support.h
[2.178s] -- Up-to-date: /home/odroid/Documentos/Plataforma-VIDA/Ros/install/vida_interfaces/include/vida_interfaces/vida_interfaces/msg/detail/controls__struct.h
[2.180s] -- Up-to-date: /home/odroid/Documentos/Plataforma-VIDA/Ros/install/vida_interfaces/include/vida_interfaces/vida_interfaces/msg/detail/controls__functions.c
[2.181s] -- Up-to-date: /home/odroid/Documentos/Plataforma-VIDA/Ros/install/vida_interfaces/include/vida_interfaces/vida_interfaces/msg/detail/sensor_datas__struct.h
[2.182s] -- Up-to-date: /home/odroid/Documentos/Plataforma-VIDA/Ros/install/vida_interfaces/include/vida_interfaces/vida_interfaces/msg/sensor_datas.h
[2.183s] -- Up-to-date: /home/odroid/Documentos/Plataforma-VIDA/Ros/install/vida_interfaces/share/vida_interfaces/environment/library_path.sh
[2.183s] -- Up-to-date: /home/odroid/Documentos/Plataforma-VIDA/Ros/install/vida_interfaces/share/vida_interfaces/environment/library_path.dsv
[2.184s] -- Up-to-date: /home/odroid/Documentos/Plataforma-VIDA/Ros/install/vida_interfaces/lib/libvida_interfaces__rosidl_generator_c.so
[2.184s] -- Up-to-date: /home/odroid/Documentos/Plataforma-VIDA/Ros/install/vida_interfaces/include/vida_interfaces/vida_interfaces
[2.185s] -- Up-to-date: /home/odroid/Documentos/Plataforma-VIDA/Ros/install/vida_interfaces/include/vida_interfaces/vida_interfaces/msg
[2.185s] -- Up-to-date: /home/odroid/Documentos/Plataforma-VIDA/Ros/install/vida_interfaces/include/vida_interfaces/vida_interfaces/msg/detail
[2.186s] -- Up-to-date: /home/odroid/Documentos/Plataforma-VIDA/Ros/install/vida_interfaces/include/vida_interfaces/vida_interfaces/msg/detail/sensor_datas__rosidl_typesupport_fastrtps_c.h
[2.186s] -- Up-to-date: /home/odroid/Documentos/Plataforma-VIDA/Ros/install/vida_interfaces/include/vida_interfaces/vida_interfaces/msg/detail/controls__rosidl_typesupport_fastrtps_c.h
[2.187s] -- Up-to-date: /home/odroid/Documentos/Plataforma-VIDA/Ros/install/vida_interfaces/include/vida_interfaces/vida_interfaces/msg/rosidl_typesupport_fastrtps_c__visibility_control.h
[2.187s] -- Up-to-date: /home/odroid/Documentos/Plataforma-VIDA/Ros/install/vida_interfaces/lib/libvida_interfaces__rosidl_typesupport_fastrtps_c.so
[2.187s] -- Up-to-date: /home/odroid/Documentos/Plataforma-VIDA/Ros/install/vida_interfaces/include/vida_interfaces/vida_interfaces
[2.188s] -- Up-to-date: /home/odroid/Documentos/Plataforma-VIDA/Ros/install/vida_interfaces/include/vida_interfaces/vida_interfaces/msg
[2.188s] -- Up-to-date: /home/odroid/Documentos/Plataforma-VIDA/Ros/install/vida_interfaces/include/vida_interfaces/vida_interfaces/msg/rosidl_typesupport_introspection_c__visibility_control.h
[2.188s] -- Up-to-date: /home/odroid/Documentos/Plataforma-VIDA/Ros/install/vida_interfaces/include/vida_interfaces/vida_interfaces/msg/detail
[2.189s] -- Up-to-date: /home/odroid/Documentos/Plataforma-VIDA/Ros/install/vida_interfaces/include/vida_interfaces/vida_interfaces/msg/detail/sensor_datas__rosidl_typesupport_introspection_c.h
[2.189s] -- Up-to-date: /home/odroid/Documentos/Plataforma-VIDA/Ros/install/vida_interfaces/include/vida_interfaces/vida_interfaces/msg/detail/sensor_datas__type_support.c
[2.189s] -- Up-to-date: /home/odroid/Documentos/Plataforma-VIDA/Ros/install/vida_interfaces/include/vida_interfaces/vida_interfaces/msg/detail/controls__type_support.c
[2.190s] -- Up-to-date: /home/odroid/Documentos/Plataforma-VIDA/Ros/install/vida_interfaces/include/vida_interfaces/vida_interfaces/msg/detail/controls__rosidl_typesupport_introspection_c.h
[2.190s] -- Up-to-date: /home/odroid/Documentos/Plataforma-VIDA/Ros/install/vida_interfaces/lib/libvida_interfaces__rosidl_typesupport_introspection_c.so
[2.191s] -- Up-to-date: /home/odroid/Documentos/Plataforma-VIDA/Ros/install/vida_interfaces/lib/libvida_interfaces__rosidl_typesupport_c.so
[2.191s] -- Up-to-date: /home/odroid/Documentos/Plataforma-VIDA/Ros/install/vida_interfaces/include/vida_interfaces/vida_interfaces
[2.192s] -- Up-to-date: /home/odroid/Documentos/Plataforma-VIDA/Ros/install/vida_interfaces/include/vida_interfaces/vida_interfaces/msg
[2.192s] -- Up-to-date: /home/odroid/Documentos/Plataforma-VIDA/Ros/install/vida_interfaces/include/vida_interfaces/vida_interfaces/msg/detail
[2.192s] -- Up-to-date: /home/odroid/Documentos/Plataforma-VIDA/Ros/install/vida_interfaces/include/vida_interfaces/vida_interfaces/msg/detail/controls__struct.hpp
[2.193s] -- Up-to-date: /home/odroid/Documentos/Plataforma-VIDA/Ros/install/vida_interfaces/include/vida_interfaces/vida_interfaces/msg/detail/controls__builder.hpp
[2.193s] -- Up-to-date: /home/odroid/Documentos/Plataforma-VIDA/Ros/install/vida_interfaces/include/vida_interfaces/vida_interfaces/msg/detail/controls__traits.hpp
[2.194s] -- Up-to-date: /home/odroid/Documentos/Plataforma-VIDA/Ros/install/vida_interfaces/include/vida_interfaces/vida_interfaces/msg/detail/sensor_datas__builder.hpp
[2.194s] -- Up-to-date: /home/odroid/Documentos/Plataforma-VIDA/Ros/install/vida_interfaces/include/vida_interfaces/vida_interfaces/msg/detail/sensor_datas__traits.hpp
[2.195s] -- Up-to-date: /home/odroid/Documentos/Plataforma-VIDA/Ros/install/vida_interfaces/include/vida_interfaces/vida_interfaces/msg/detail/sensor_datas__struct.hpp
[2.195s] -- Up-to-date: /home/odroid/Documentos/Plataforma-VIDA/Ros/install/vida_interfaces/include/vida_interfaces/vida_interfaces/msg/sensor_datas.hpp
[2.195s] -- Up-to-date: /home/odroid/Documentos/Plataforma-VIDA/Ros/install/vida_interfaces/include/vida_interfaces/vida_interfaces/msg/controls.hpp
[2.196s] -- Up-to-date: /home/odroid/Documentos/Plataforma-VIDA/Ros/install/vida_interfaces/include/vida_interfaces/vida_interfaces
[2.196s] -- Up-to-date: /home/odroid/Documentos/Plataforma-VIDA/Ros/install/vida_interfaces/include/vida_interfaces/vida_interfaces/msg
[2.197s] -- Up-to-date: /home/odroid/Documentos/Plataforma-VIDA/Ros/install/vida_interfaces/include/vida_interfaces/vida_interfaces/msg/rosidl_typesupport_fastrtps_cpp__visibility_control.h
[2.197s] -- Up-to-date: /home/odroid/Documentos/Plataforma-VIDA/Ros/install/vida_interfaces/include/vida_interfaces/vida_interfaces/msg/detail
[2.197s] -- Up-to-date: /home/odroid/Documentos/Plataforma-VIDA/Ros/install/vida_interfaces/include/vida_interfaces/vida_interfaces/msg/detail/dds_fastrtps
[2.197s] -- Up-to-date: /home/odroid/Documentos/Plataforma-VIDA/Ros/install/vida_interfaces/include/vida_interfaces/vida_interfaces/msg/detail/controls__rosidl_typesupport_fastrtps_cpp.hpp
[2.198s] -- Up-to-date: /home/odroid/Documentos/Plataforma-VIDA/Ros/install/vida_interfaces/include/vida_interfaces/vida_interfaces/msg/detail/sensor_datas__rosidl_typesupport_fastrtps_cpp.hpp
[2.198s] -- Up-to-date: /home/odroid/Documentos/Plataforma-VIDA/Ros/install/vida_interfaces/lib/libvida_interfaces__rosidl_typesupport_fastrtps_cpp.so
[2.198s] -- Up-to-date: /home/odroid/Documentos/Plataforma-VIDA/Ros/install/vida_interfaces/include/vida_interfaces/vida_interfaces
[2.198s] -- Up-to-date: /home/odroid/Documentos/Plataforma-VIDA/Ros/install/vida_interfaces/include/vida_interfaces/vida_interfaces/msg
[2.199s] -- Up-to-date: /home/odroid/Documentos/Plataforma-VIDA/Ros/install/vida_interfaces/include/vida_interfaces/vida_interfaces/msg/detail
[2.199s] -- Up-to-date: /home/odroid/Documentos/Plataforma-VIDA/Ros/install/vida_interfaces/include/vida_interfaces/vida_interfaces/msg/detail/sensor_datas__rosidl_typesupport_introspection_cpp.hpp
[2.200s] -- Up-to-date: /home/odroid/Documentos/Plataforma-VIDA/Ros/install/vida_interfaces/include/vida_interfaces/vida_interfaces/msg/detail/controls__type_support.cpp
[2.200s] -- Up-to-date: /home/odroid/Documentos/Plataforma-VIDA/Ros/install/vida_interfaces/include/vida_interfaces/vida_interfaces/msg/detail/sensor_datas__type_support.cpp
[2.200s] -- Up-to-date: /home/odroid/Documentos/Plataforma-VIDA/Ros/install/vida_interfaces/include/vida_interfaces/vida_interfaces/msg/detail/controls__rosidl_typesupport_introspection_cpp.hpp
[2.201s] -- Up-to-date: /home/odroid/Documentos/Plataforma-VIDA/Ros/install/vida_interfaces/lib/libvida_interfaces__rosidl_typesupport_introspection_cpp.so
[2.201s] -- Up-to-date: /home/odroid/Documentos/Plataforma-VIDA/Ros/install/vida_interfaces/lib/libvida_interfaces__rosidl_typesupport_cpp.so
[2.201s] -- Up-to-date: /home/odroid/Documentos/Plataforma-VIDA/Ros/install/vida_interfaces/share/vida_interfaces/environment/pythonpath.sh
[2.202s] -- Up-to-date: /home/odroid/Documentos/Plataforma-VIDA/Ros/install/vida_interfaces/share/vida_interfaces/environment/pythonpath.dsv
[2.202s] -- Up-to-date: /home/odroid/Documentos/Plataforma-VIDA/Ros/install/vida_interfaces/local/lib/python3.10/dist-packages/vida_interfaces-0.0.0-py3.10.egg-info
[2.202s] -- Installing: /home/odroid/Documentos/Plataforma-VIDA/Ros/install/vida_interfaces/local/lib/python3.10/dist-packages/vida_interfaces-0.0.0-py3.10.egg-info/PKG-INFO
[2.203s] -- Installing: /home/odroid/Documentos/Plataforma-VIDA/Ros/install/vida_interfaces/local/lib/python3.10/dist-packages/vida_interfaces-0.0.0-py3.10.egg-info/top_level.txt
[2.203s] -- Installing: /home/odroid/Documentos/Plataforma-VIDA/Ros/install/vida_interfaces/local/lib/python3.10/dist-packages/vida_interfaces-0.0.0-py3.10.egg-info/dependency_links.txt
[2.203s] -- Installing: /home/odroid/Documentos/Plataforma-VIDA/Ros/install/vida_interfaces/local/lib/python3.10/dist-packages/vida_interfaces-0.0.0-py3.10.egg-info/SOURCES.txt
[2.204s] -- Up-to-date: /home/odroid/Documentos/Plataforma-VIDA/Ros/install/vida_interfaces/local/lib/python3.10/dist-packages/vida_interfaces
[2.204s] -- Up-to-date: /home/odroid/Documentos/Plataforma-VIDA/Ros/install/vida_interfaces/local/lib/python3.10/dist-packages/vida_interfaces/__init__.py
[2.204s] -- Up-to-date: /home/odroid/Documentos/Plataforma-VIDA/Ros/install/vida_interfaces/local/lib/python3.10/dist-packages/vida_interfaces/libvida_interfaces__rosidl_generator_py.so
[2.205s] -- Up-to-date: /home/odroid/Documentos/Plataforma-VIDA/Ros/install/vida_interfaces/local/lib/python3.10/dist-packages/vida_interfaces/_vida_interfaces_s.ep.rosidl_typesupport_fastrtps_c.c
[2.205s] -- Up-to-date: /home/odroid/Documentos/Plataforma-VIDA/Ros/install/vida_interfaces/local/lib/python3.10/dist-packages/vida_interfaces/vida_interfaces_s__rosidl_typesupport_c.cpython-310-aarch64-linux-gnu.so
[2.206s] -- Up-to-date: /home/odroid/Documentos/Plataforma-VIDA/Ros/install/vida_interfaces/local/lib/python3.10/dist-packages/vida_interfaces/_vida_interfaces_s.ep.rosidl_typesupport_c.c
[2.206s] -- Up-to-date: /home/odroid/Documentos/Plataforma-VIDA/Ros/install/vida_interfaces/local/lib/python3.10/dist-packages/vida_interfaces/msg
[2.206s] -- Up-to-date: /home/odroid/Documentos/Plataforma-VIDA/Ros/install/vida_interfaces/local/lib/python3.10/dist-packages/vida_interfaces/msg/_controls.py
[2.207s] -- Up-to-date: /home/odroid/Documentos/Plataforma-VIDA/Ros/install/vida_interfaces/local/lib/python3.10/dist-packages/vida_interfaces/msg/_controls_s.c
[2.207s] -- Up-to-date: /home/odroid/Documentos/Plataforma-VIDA/Ros/install/vida_interfaces/local/lib/python3.10/dist-packages/vida_interfaces/msg/__init__.py
[2.207s] -- Up-to-date: /home/odroid/Documentos/Plataforma-VIDA/Ros/install/vida_interfaces/local/lib/python3.10/dist-packages/vida_interfaces/msg/_sensor_datas_s.c
[2.208s] -- Up-to-date: /home/odroid/Documentos/Plataforma-VIDA/Ros/install/vida_interfaces/local/lib/python3.10/dist-packages/vida_interfaces/msg/_sensor_datas.py
[2.208s] -- Up-to-date: /home/odroid/Documentos/Plataforma-VIDA/Ros/install/vida_interfaces/local/lib/python3.10/dist-packages/vida_interfaces/_vida_interfaces_s.ep.rosidl_typesupport_introspection_c.c
[2.208s] -- Up-to-date: /home/odroid/Documentos/Plataforma-VIDA/Ros/install/vida_interfaces/local/lib/python3.10/dist-packages/vida_interfaces/vida_interfaces_s__rosidl_typesupport_fastrtps_c.cpython-310-aarch64-linux-gnu.so
[2.209s] -- Up-to-date: /home/odroid/Documentos/Plataforma-VIDA/Ros/install/vida_interfaces/local/lib/python3.10/dist-packages/vida_interfaces/vida_interfaces_s__rosidl_typesupport_introspection_c.cpython-310-aarch64-linux-gnu.so
[2.342s] Listing '/home/odroid/Documentos/Plataforma-VIDA/Ros/install/vida_interfaces/local/lib/python3.10/dist-packages/vida_interfaces'...
[2.343s] Listing '/home/odroid/Documentos/Plataforma-VIDA/Ros/install/vida_interfaces/local/lib/python3.10/dist-packages/vida_interfaces/msg'...
[2.374s] -- Up-to-date: /home/odroid/Documentos/Plataforma-VIDA/Ros/install/vida_interfaces/local/lib/python3.10/dist-packages/vida_interfaces/vida_interfaces_s__rosidl_typesupport_fastrtps_c.cpython-310-aarch64-linux-gnu.so
[2.375s] -- Up-to-date: /home/odroid/Documentos/Plataforma-VIDA/Ros/install/vida_interfaces/local/lib/python3.10/dist-packages/vida_interfaces/vida_interfaces_s__rosidl_typesupport_introspection_c.cpython-310-aarch64-linux-gnu.so
[2.378s] -- Up-to-date: /home/odroid/Documentos/Plataforma-VIDA/Ros/install/vida_interfaces/local/lib/python3.10/dist-packages/vida_interfaces/vida_interfaces_s__rosidl_typesupport_c.cpython-310-aarch64-linux-gnu.so
[2.379s] -- Up-to-date: /home/odroid/Documentos/Plataforma-VIDA/Ros/install/vida_interfaces/lib/libvida_interfaces__rosidl_generator_py.so
[2.380s] -- Up-to-date: /home/odroid/Documentos/Plataforma-VIDA/Ros/install/vida_interfaces/share/vida_interfaces/msg/Controls.idl
[2.381s] -- Up-to-date: /home/odroid/Documentos/Plataforma-VIDA/Ros/install/vida_interfaces/share/vida_interfaces/msg/SensorDatas.idl
[2.382s] -- Up-to-date: /home/odroid/Documentos/Plataforma-VIDA/Ros/install/vida_interfaces/share/vida_interfaces/msg/Controls.msg
[2.384s] -- Up-to-date: /home/odroid/Documentos/Plataforma-VIDA/Ros/install/vida_interfaces/share/vida_interfaces/msg/SensorDatas.msg
[2.385s] -- Up-to-date: /home/odroid/Documentos/Plataforma-VIDA/Ros/install/vida_interfaces/share/ament_index/resource_index/package_run_dependencies/vida_interfaces
[2.385s] -- Up-to-date: /home/odroid/Documentos/Plataforma-VIDA/Ros/install/vida_interfaces/share/ament_index/resource_index/parent_prefix_path/vida_interfaces
[2.386s] -- Up-to-date: /home/odroid/Documentos/Plataforma-VIDA/Ros/install/vida_interfaces/share/vida_interfaces/environment/ament_prefix_path.sh
[2.386s] -- Up-to-date: /home/odroid/Documentos/Plataforma-VIDA/Ros/install/vida_interfaces/share/vida_interfaces/environment/ament_prefix_path.dsv
[2.387s] -- Up-to-date: /home/odroid/Documentos/Plataforma-VIDA/Ros/install/vida_interfaces/share/vida_interfaces/environment/path.sh
[2.387s] -- Up-to-date: /home/odroid/Documentos/Plataforma-VIDA/Ros/install/vida_interfaces/share/vida_interfaces/environment/path.dsv
[2.387s] -- Up-to-date: /home/odroid/Documentos/Plataforma-VIDA/Ros/install/vida_interfaces/share/vida_interfaces/local_setup.bash
[2.388s] -- Up-to-date: /home/odroid/Documentos/Plataforma-VIDA/Ros/install/vida_interfaces/share/vida_interfaces/local_setup.sh
[2.388s] -- Up-to-date: /home/odroid/Documentos/Plataforma-VIDA/Ros/install/vida_interfaces/share/vida_interfaces/local_setup.zsh
[2.388s] -- Up-to-date: /home/odroid/Documentos/Plataforma-VIDA/Ros/install/vida_interfaces/share/vida_interfaces/local_setup.dsv
[2.388s] -- Installing: /home/odroid/Documentos/Plataforma-VIDA/Ros/install/vida_interfaces/share/vida_interfaces/package.dsv
[2.389s] -- Up-to-date: /home/odroid/Documentos/Plataforma-VIDA/Ros/install/vida_interfaces/share/ament_index/resource_index/packages/vida_interfaces
[2.389s] -- Up-to-date: /home/odroid/Documentos/Plataforma-VIDA/Ros/install/vida_interfaces/share/vida_interfaces/cmake/export_vida_interfaces__rosidl_generator_cExport.cmake
[2.389s] -- Up-to-date: /home/odroid/Documentos/Plataforma-VIDA/Ros/install/vida_interfaces/share/vida_interfaces/cmake/export_vida_interfaces__rosidl_generator_cExport-noconfig.cmake
[2.392s] -- Up-to-date: /home/odroid/Documentos/Plataforma-VIDA/Ros/install/vida_interfaces/share/vida_interfaces/cmake/export_vida_interfaces__rosidl_typesupport_fastrtps_cExport.cmake
[2.392s] -- Up-to-date: /home/odroid/Documentos/Plataforma-VIDA/Ros/install/vida_interfaces/share/vida_interfaces/cmake/export_vida_interfaces__rosidl_typesupport_fastrtps_cExport-noconfig.cmake
[2.396s] -- Up-to-date: /home/odroid/Documentos/Plataforma-VIDA/Ros/install/vida_interfaces/share/vida_interfaces/cmake/vida_interfaces__rosidl_typesupport_introspection_cExport.cmake
[2.399s] -- Up-to-date: /home/odroid/Documentos/Plataforma-VIDA/Ros/install/vida_interfaces/share/vida_interfaces/cmake/vida_interfaces__rosidl_typesupport_introspection_cExport-noconfig.cmake
[2.400s] -- Up-to-date: /home/odroid/Documentos/Plataforma-VIDA/Ros/install/vida_interfaces/share/vida_interfaces/cmake/vida_interfaces__rosidl_typesupport_cExport.cmake
[2.401s] -- Up-to-date: /home/odroid/Documentos/Plataforma-VIDA/Ros/install/vida_interfaces/share/vida_interfaces/cmake/vida_interfaces__rosidl_typesupport_cExport-noconfig.cmake
[2.402s] -- Up-to-date: /home/odroid/Documentos/Plataforma-VIDA/Ros/install/vida_interfaces/share/vida_interfaces/cmake/export_vida_interfaces__rosidl_generator_cppExport.cmake
[2.402s] -- Up-to-date: /home/odroid/Documentos/Plataforma-VIDA/Ros/install/vida_interfaces/share/vida_interfaces/cmake/export_vida_interfaces__rosidl_typesupport_fastrtps_cppExport.cmake
[2.403s] -- Up-to-date: /home/odroid/Documentos/Plataforma-VIDA/Ros/install/vida_interfaces/share/vida_interfaces/cmake/export_vida_interfaces__rosidl_typesupport_fastrtps_cppExport-noconfig.cmake
[2.404s] -- Up-to-date: /home/odroid/Documentos/Plataforma-VIDA/Ros/install/vida_interfaces/share/vida_interfaces/cmake/vida_interfaces__rosidl_typesupport_introspection_cppExport.cmake
[2.404s] -- Up-to-date: /home/odroid/Documentos/Plataforma-VIDA/Ros/install/vida_interfaces/share/vida_interfaces/cmake/vida_interfaces__rosidl_typesupport_introspection_cppExport-noconfig.cmake
[2.405s] -- Up-to-date: /home/odroid/Documentos/Plataforma-VIDA/Ros/install/vida_interfaces/share/vida_interfaces/cmake/vida_interfaces__rosidl_typesupport_cppExport.cmake
[2.406s] -- Up-to-date: /home/odroid/Documentos/Plataforma-VIDA/Ros/install/vida_interfaces/share/vida_interfaces/cmake/vida_interfaces__rosidl_typesupport_cppExport-noconfig.cmake
[2.408s] -- Up-to-date: /home/odroid/Documentos/Plataforma-VIDA/Ros/install/vida_interfaces/share/vida_interfaces/cmake/export_vida_interfaces__rosidl_generator_pyExport.cmake
[2.409s] -- Up-to-date: /home/odroid/Documentos/Plataforma-VIDA/Ros/install/vida_interfaces/share/vida_interfaces/cmake/export_vida_interfaces__rosidl_generator_pyExport-noconfig.cmake
[2.410s] -- Up-to-date: /home/odroid/Documentos/Plataforma-VIDA/Ros/install/vida_interfaces/share/vida_interfaces/cmake/rosidl_cmake-extras.cmake
[2.411s] -- Up-to-date: /home/odroid/Documentos/Plataforma-VIDA/Ros/install/vida_interfaces/share/vida_interfaces/cmake/ament_cmake_export_include_directories-extras.cmake
[2.411s] -- Up-to-date: /home/odroid/Documentos/Plataforma-VIDA/Ros/install/vida_interfaces/share/vida_interfaces/cmake/ament_cmake_export_libraries-extras.cmake
[2.412s] -- Up-to-date: /home/odroid/Documentos/Plataforma-VIDA/Ros/install/vida_interfaces/share/vida_interfaces/cmake/ament_cmake_export_targets-extras.cmake
[2.412s] -- Up-to-date: /home/odroid/Documentos/Plataforma-VIDA/Ros/install/vida_interfaces/share/vida_interfaces/cmake/rosidl_cmake_export_typesupport_targets-extras.cmake
[2.412s] -- Up-to-date: /home/odroid/Documentos/Plataforma-VIDA/Ros/install/vida_interfaces/share/vida_interfaces/cmake/ament_cmake_export_dependencies-extras.cmake
[2.413s] -- Up-to-date: /home/odroid/Documentos/Plataforma-VIDA/Ros/install/vida_interfaces/share/vida_interfaces/cmake/rosidl_cmake_export_typesupport_libraries-extras.cmake
[2.413s] -- Up-to-date: /home/odroid/Documentos/Plataforma-VIDA/Ros/install/vida_interfaces/share/vida_interfaces/cmake/vida_interfacesConfig.cmake
[2.414s] -- Up-to-date: /home/odroid/Documentos/Plataforma-VIDA/Ros/install/vida_interfaces/share/vida_interfaces/cmake/vida_interfacesConfig-version.cmake
[2.415s] -- Up-to-date: /home/odroid/Documentos/Plataforma-VIDA/Ros/install/vida_interfaces/share/vida_interfaces/package.xml
[2.421s] Invoked command in '/home/odroid/Documentos/Plataforma-VIDA/Ros/build/vida_interfaces' returned '0': CMAKE_PREFIX_PATH=${CMAKE_PREFIX_PATH}:/opt/ros/humble /usr/bin/cmake --install /home/odroid/Documentos/Plataforma-VIDA/Ros/build/vida_interfaces
